INFO 48:38.727: State.FOLLOWER::0 <- None::0
INFO 48:38.886: State.FOLLOWER::0 Reverting to FOLLOWER, Term 1.request_vote from 0000
INFO 48:38.886: State.FOLLOWER::1 <- State.FOLLOWER::0
INFO 48:38.886: State.FOLLOWER::1 Term 1 Voted for 0000
INFO 48:39.874: State.FOLLOWER::1 Reverting to FOLLOWER, Term 2.request_vote from 0002
INFO 48:39.874: State.FOLLOWER::2 <- State.FOLLOWER::1
INFO 48:39.874: State.FOLLOWER::2 Term 2 Voted for 0002
INFO 48:40.449: State.CANDIDATE::3 <- State.FOLLOWER::2
INFO 48:40.450: State.LEADER::3 <- State.CANDIDATE::3
INFO 48:40.653: State.LEADER::3 Sending 0004.AppendEntries[1:2]
INFO 48:40.653: State.LEADER::3 Sending 0000.AppendEntries[1:2]
INFO 48:40.653: State.LEADER::3 Sending 0002.AppendEntries[1:2]
INFO 48:40.654: State.LEADER::3 Sending 0003.AppendEntries[1:2]
INFO 48:40.654: State.LEADER::3 Committing entry 0
INFO 48:40.654: State.LEADER::3 Applying 1
INFO 48:40.751: State.LEADER::3 Sending 0004.AppendEntries[2:3]
INFO 48:40.751: State.LEADER::3 Sending 0000.AppendEntries[2:3]
INFO 48:40.751: State.LEADER::3 Sending 0002.AppendEntries[2:3]
INFO 48:40.751: State.LEADER::3 Sending 0003.AppendEntries[2:3]
INFO 48:40.752: State.LEADER::3 Sending 0004.AppendEntries[2:4]
INFO 48:40.752: State.LEADER::3 Sending 0000.AppendEntries[2:4]
INFO 48:40.752: State.LEADER::3 Sending 0002.AppendEntries[2:4]
INFO 48:40.752: State.LEADER::3 Sending 0003.AppendEntries[2:4]
INFO 48:40.752: State.LEADER::3 Committing entry 1
INFO 48:40.752: State.LEADER::3 Applying 2
INFO 48:40.753: State.LEADER::3 Committing entry 2
INFO 48:40.753: State.LEADER::3 Applying 3
INFO 48:40.851: State.LEADER::3 Sending 0004.AppendEntries[4:5]
INFO 48:40.851: State.LEADER::3 Sending 0000.AppendEntries[4:5]
INFO 48:40.851: State.LEADER::3 Sending 0002.AppendEntries[4:5]
INFO 48:40.851: State.LEADER::3 Sending 0003.AppendEntries[4:5]
INFO 48:40.852: State.LEADER::3 Committing entry 3
INFO 48:40.852: State.LEADER::3 Applying 4
INFO 48:40.951: State.LEADER::3 Sending 0004.AppendEntries[5:6]
INFO 48:40.951: State.LEADER::3 Sending 0000.AppendEntries[5:6]
INFO 48:40.951: State.LEADER::3 Sending 0002.AppendEntries[5:6]
INFO 48:40.952: State.LEADER::3 Sending 0003.AppendEntries[5:6]
INFO 48:40.952: State.LEADER::3 Sending 0004.AppendEntries[5:7]
INFO 48:40.952: State.LEADER::3 Sending 0000.AppendEntries[5:7]
INFO 48:40.952: State.LEADER::3 Sending 0002.AppendEntries[5:7]
INFO 48:40.952: State.LEADER::3 Sending 0003.AppendEntries[5:7]
INFO 48:40.953: State.LEADER::3 Committing entry 4
INFO 48:40.953: State.LEADER::3 Applying 5
INFO 48:40.953: State.LEADER::3 Committing entry 5
INFO 48:40.953: State.LEADER::3 Applying 6
INFO 48:41.051: State.LEADER::3 Sending 0004.AppendEntries[7:8]
INFO 48:41.051: State.LEADER::3 Sending 0000.AppendEntries[7:8]
INFO 48:41.051: State.LEADER::3 Sending 0002.AppendEntries[7:8]
INFO 48:41.051: State.LEADER::3 Sending 0003.AppendEntries[7:8]
INFO 48:41.051: State.LEADER::3 Sending 0004.AppendEntries[7:9]
INFO 48:41.051: State.LEADER::3 Sending 0000.AppendEntries[7:9]
INFO 48:41.051: State.LEADER::3 Sending 0002.AppendEntries[7:9]
INFO 48:41.052: State.LEADER::3 Sending 0003.AppendEntries[7:9]
INFO 48:41.052: State.LEADER::3 Committing entry 6
INFO 48:41.052: State.LEADER::3 Applying 7
INFO 48:41.052: State.LEADER::3 Committing entry 7
INFO 48:41.053: State.LEADER::3 Applying 8
INFO 48:41.151: State.LEADER::3 Sending 0004.AppendEntries[9:10]
INFO 48:41.151: State.LEADER::3 Sending 0000.AppendEntries[9:10]
INFO 48:41.151: State.LEADER::3 Sending 0002.AppendEntries[9:10]
INFO 48:41.151: State.LEADER::3 Sending 0003.AppendEntries[9:10]
INFO 48:41.152: State.LEADER::3 Committing entry 8
INFO 48:41.152: State.LEADER::3 Applying 9
INFO 48:41.251: State.LEADER::3 Sending 0004.AppendEntries[10:11]
INFO 48:41.251: State.LEADER::3 Sending 0000.AppendEntries[10:11]
INFO 48:41.251: State.LEADER::3 Sending 0002.AppendEntries[10:11]
INFO 48:41.251: State.LEADER::3 Sending 0003.AppendEntries[10:11]
INFO 48:41.251: State.LEADER::3 Sending 0004.AppendEntries[10:12]
INFO 48:41.251: State.LEADER::3 Sending 0000.AppendEntries[10:12]
INFO 48:41.251: State.LEADER::3 Sending 0002.AppendEntries[10:12]
INFO 48:41.252: State.LEADER::3 Sending 0003.AppendEntries[10:12]
INFO 48:41.252: State.LEADER::3 Committing entry 9
INFO 48:41.252: State.LEADER::3 Applying 10
INFO 48:41.252: State.LEADER::3 Committing entry 10
INFO 48:41.253: State.LEADER::3 Applying 11
INFO 48:41.351: State.LEADER::3 Sending 0004.AppendEntries[12:13]
INFO 48:41.351: State.LEADER::3 Sending 0000.AppendEntries[11:13]
INFO 48:41.351: State.LEADER::3 Sending 0002.AppendEntries[12:13]
INFO 48:41.351: State.LEADER::3 Sending 0003.AppendEntries[12:13]
INFO 48:41.351: State.LEADER::3 Sending 0004.AppendEntries[12:14]
INFO 48:41.351: State.LEADER::3 Sending 0000.AppendEntries[11:14]
INFO 48:41.352: State.LEADER::3 Sending 0002.AppendEntries[12:14]
INFO 48:41.352: State.LEADER::3 Sending 0003.AppendEntries[12:14]
INFO 48:41.352: State.LEADER::3 Decremeting 0000.next_idx 10
INFO 48:41.352: State.LEADER::3 Sending 0000.AppendEntries[10:14]
INFO 48:41.352: State.LEADER::3 Committing entry 11
INFO 48:41.352: State.LEADER::3 Applying 12
INFO 48:41.353: State.LEADER::3 Committing entry 12
INFO 48:41.353: State.LEADER::3 Applying 13
INFO 48:41.451: State.LEADER::3 Sending 0004.AppendEntries[14:15]
INFO 48:41.451: State.LEADER::3 Sending 0000.AppendEntries[14:15]
INFO 48:41.451: State.LEADER::3 Sending 0002.AppendEntries[14:15]
INFO 48:41.451: State.LEADER::3 Sending 0003.AppendEntries[13:15]
INFO 48:41.452: State.LEADER::3 Committing entry 13
INFO 48:41.452: State.LEADER::3 Applying 14
INFO 48:41.551: State.LEADER::3 Sending 0004.AppendEntries[15:16]
INFO 48:41.551: State.LEADER::3 Sending 0000.AppendEntries[15:16]
INFO 48:41.551: State.LEADER::3 Sending 0002.AppendEntries[15:16]
INFO 48:41.551: State.LEADER::3 Sending 0003.AppendEntries[15:16]
INFO 48:41.552: State.LEADER::3 Committing entry 14
INFO 48:41.552: State.LEADER::3 Applying 15
INFO 48:41.651: State.LEADER::3 Sending 0004.AppendEntries[15:17]
INFO 48:41.651: State.LEADER::3 Sending 0000.AppendEntries[16:17]
INFO 48:41.651: State.LEADER::3 Sending 0002.AppendEntries[16:17]
INFO 48:41.652: State.LEADER::3 Sending 0003.AppendEntries[16:17]
INFO 48:41.652: State.LEADER::3 Sending 0004.AppendEntries[15:18]
INFO 48:41.652: State.LEADER::3 Sending 0000.AppendEntries[16:18]
INFO 48:41.652: State.LEADER::3 Sending 0002.AppendEntries[16:18]
INFO 48:41.653: State.LEADER::3 Sending 0003.AppendEntries[16:18]
INFO 48:41.653: State.LEADER::3 Committing entry 15
INFO 48:41.654: State.LEADER::3 Applying 16
INFO 48:41.654: State.LEADER::3 Decremeting 0004.next_idx 14
INFO 48:41.654: State.LEADER::3 Sending 0004.AppendEntries[14:18]
INFO 48:41.655: State.LEADER::3 Committing entry 16
INFO 48:41.655: State.LEADER::3 Applying 17
INFO 48:41.751: State.LEADER::3 Sending 0004.AppendEntries[18:19]
INFO 48:41.751: State.LEADER::3 Sending 0000.AppendEntries[18:19]
INFO 48:41.751: State.LEADER::3 Sending 0002.AppendEntries[18:19]
INFO 48:41.751: State.LEADER::3 Sending 0003.AppendEntries[18:19]
INFO 48:41.751: State.LEADER::3 Sending 0004.AppendEntries[18:20]
INFO 48:41.751: State.LEADER::3 Sending 0000.AppendEntries[18:20]
INFO 48:41.752: State.LEADER::3 Sending 0002.AppendEntries[18:20]
INFO 48:41.752: State.LEADER::3 Sending 0003.AppendEntries[18:20]
INFO 48:41.752: State.LEADER::3 Committing entry 17
INFO 48:41.752: State.LEADER::3 Applying 18
INFO 48:41.753: State.LEADER::3 Committing entry 18
INFO 48:41.753: State.LEADER::3 Applying 19
INFO 48:41.851: State.LEADER::3 Sending 0004.AppendEntries[20:21]
INFO 48:41.851: State.LEADER::3 Sending 0000.AppendEntries[20:21]
INFO 48:41.851: State.LEADER::3 Sending 0002.AppendEntries[19:21]
INFO 48:41.851: State.LEADER::3 Sending 0003.AppendEntries[20:21]
INFO 48:41.851: State.LEADER::3 Decremeting 0002.next_idx 18
INFO 48:41.852: State.LEADER::3 Sending 0002.AppendEntries[18:21]
INFO 48:41.852: State.LEADER::3 Committing entry 19
INFO 48:41.852: State.LEADER::3 Applying 20
INFO 48:41.951: State.LEADER::3 Sending 0004.AppendEntries[20:22]
INFO 48:41.951: State.LEADER::3 Sending 0000.AppendEntries[21:22]
INFO 48:41.951: State.LEADER::3 Sending 0002.AppendEntries[21:22]
INFO 48:41.951: State.LEADER::3 Sending 0003.AppendEntries[20:22]
INFO 48:41.951: State.LEADER::3 Sending 0004.AppendEntries[20:23]
INFO 48:41.951: State.LEADER::3 Sending 0000.AppendEntries[21:23]
INFO 48:41.952: State.LEADER::3 Sending 0002.AppendEntries[21:23]
INFO 48:41.952: State.LEADER::3 Sending 0003.AppendEntries[20:23]
INFO 48:41.952: State.LEADER::3 Decremeting 0004.next_idx 19
INFO 48:41.952: State.LEADER::3 Sending 0004.AppendEntries[19:23]
INFO 48:41.952: State.LEADER::3 Decremeting 0003.next_idx 19
INFO 48:41.952: State.LEADER::3 Sending 0003.AppendEntries[19:23]
INFO 48:41.953: State.LEADER::3 Committing entry 20
INFO 48:41.953: State.LEADER::3 Applying 21
INFO 48:41.953: State.LEADER::3 Committing entry 21
INFO 48:41.953: State.LEADER::3 Applying 22
INFO 48:42.051: State.LEADER::3 Sending 0004.AppendEntries[23:24]
INFO 48:42.051: State.LEADER::3 Sending 0000.AppendEntries[23:24]
INFO 48:42.051: State.LEADER::3 Sending 0002.AppendEntries[23:24]
INFO 48:42.051: State.LEADER::3 Sending 0003.AppendEntries[23:24]
INFO 48:42.051: State.LEADER::3 Sending 0004.AppendEntries[23:25]
INFO 48:42.051: State.LEADER::3 Sending 0000.AppendEntries[23:25]
INFO 48:42.051: State.LEADER::3 Sending 0002.AppendEntries[23:25]
INFO 48:42.052: State.LEADER::3 Sending 0003.AppendEntries[23:25]
INFO 48:42.052: State.LEADER::3 Committing entry 22
INFO 48:42.052: State.LEADER::3 Applying 23
INFO 48:42.052: State.LEADER::3 Committing entry 23
INFO 48:42.053: State.LEADER::3 Applying 24
INFO 48:42.151: State.LEADER::3 Sending 0004.AppendEntries[25:26]
INFO 48:42.151: State.LEADER::3 Sending 0000.AppendEntries[25:26]
INFO 48:42.151: State.LEADER::3 Sending 0002.AppendEntries[25:26]
INFO 48:42.151: State.LEADER::3 Sending 0003.AppendEntries[25:26]
INFO 48:42.151: State.LEADER::3 Sending 0004.AppendEntries[25:27]
INFO 48:42.151: State.LEADER::3 Sending 0000.AppendEntries[25:27]
INFO 48:42.151: State.LEADER::3 Sending 0002.AppendEntries[25:27]
INFO 48:42.152: State.LEADER::3 Sending 0003.AppendEntries[25:27]
INFO 48:42.152: State.LEADER::3 Committing entry 24
INFO 48:42.152: State.LEADER::3 Applying 25
INFO 48:42.152: State.LEADER::3 Committing entry 25
INFO 48:42.153: State.LEADER::3 Applying 26
INFO 48:42.251: State.LEADER::3 Sending 0004.AppendEntries[27:28]
INFO 48:42.251: State.LEADER::3 Sending 0000.AppendEntries[27:28]
INFO 48:42.251: State.LEADER::3 Sending 0002.AppendEntries[27:28]
INFO 48:42.251: State.LEADER::3 Sending 0003.AppendEntries[27:28]
INFO 48:42.251: State.LEADER::3 Sending 0004.AppendEntries[27:29]
INFO 48:42.251: State.LEADER::3 Sending 0000.AppendEntries[27:29]
INFO 48:42.252: State.LEADER::3 Sending 0002.AppendEntries[27:29]
INFO 48:42.252: State.LEADER::3 Sending 0003.AppendEntries[27:29]
INFO 48:42.252: State.LEADER::3 Committing entry 26
INFO 48:42.252: State.LEADER::3 Applying 27
INFO 48:42.253: State.LEADER::3 Committing entry 27
INFO 48:42.253: State.LEADER::3 Applying 28
INFO 48:42.351: State.LEADER::3 Sending 0004.AppendEntries[29:30]
INFO 48:42.351: State.LEADER::3 Sending 0000.AppendEntries[29:30]
INFO 48:42.351: State.LEADER::3 Sending 0002.AppendEntries[29:30]
INFO 48:42.351: State.LEADER::3 Sending 0003.AppendEntries[28:30]
INFO 48:42.351: State.LEADER::3 Sending 0004.AppendEntries[29:31]
INFO 48:42.351: State.LEADER::3 Sending 0000.AppendEntries[29:31]
INFO 48:42.351: State.LEADER::3 Sending 0002.AppendEntries[29:31]
INFO 48:42.352: State.LEADER::3 Sending 0003.AppendEntries[28:31]
INFO 48:42.352: State.LEADER::3 Committing entry 28
INFO 48:42.352: State.LEADER::3 Applying 29
INFO 48:42.352: State.LEADER::3 Committing entry 29
INFO 48:42.353: State.LEADER::3 Applying 30
INFO 48:42.451: State.LEADER::3 Sending 0004.AppendEntries[31:32]
INFO 48:42.451: State.LEADER::3 Sending 0000.AppendEntries[31:32]
INFO 48:42.451: State.LEADER::3 Sending 0002.AppendEntries[31:32]
INFO 48:42.451: State.LEADER::3 Sending 0003.AppendEntries[31:32]
INFO 48:42.451: State.LEADER::3 Sending 0004.AppendEntries[31:33]
INFO 48:42.451: State.LEADER::3 Sending 0000.AppendEntries[31:33]
INFO 48:42.452: State.LEADER::3 Sending 0002.AppendEntries[31:33]
INFO 48:42.452: State.LEADER::3 Sending 0003.AppendEntries[31:33]
INFO 48:42.452: State.LEADER::3 Committing entry 30
INFO 48:42.452: State.LEADER::3 Applying 31
INFO 48:42.453: State.LEADER::3 Committing entry 31
INFO 48:42.453: State.LEADER::3 Applying 32
INFO 48:42.551: State.LEADER::3 Sending 0004.AppendEntries[33:34]
INFO 48:42.551: State.LEADER::3 Sending 0000.AppendEntries[33:34]
INFO 48:42.551: State.LEADER::3 Sending 0002.AppendEntries[32:34]
INFO 48:42.551: State.LEADER::3 Sending 0003.AppendEntries[33:34]
INFO 48:42.552: State.LEADER::3 Committing entry 32
INFO 48:42.552: State.LEADER::3 Applying 33
INFO 48:42.651: State.LEADER::3 Sending 0004.AppendEntries[34:35]
INFO 48:42.651: State.LEADER::3 Sending 0000.AppendEntries[34:35]
INFO 48:42.651: State.LEADER::3 Sending 0002.AppendEntries[34:35]
INFO 48:42.651: State.LEADER::3 Sending 0003.AppendEntries[34:35]
INFO 48:42.652: State.LEADER::3 Committing entry 33
INFO 48:42.652: State.LEADER::3 Applying 34
INFO 48:42.851: State.LEADER::3 Sending 0004.AppendEntries[35:36]
INFO 48:42.851: State.LEADER::3 Sending 0000.AppendEntries[35:36]
INFO 48:42.851: State.LEADER::3 Sending 0002.AppendEntries[35:36]
INFO 48:42.851: State.LEADER::3 Sending 0003.AppendEntries[35:36]
INFO 48:42.851: State.LEADER::3 Sending 0004.AppendEntries[35:37]
INFO 48:42.851: State.LEADER::3 Sending 0000.AppendEntries[35:37]
INFO 48:42.852: State.LEADER::3 Sending 0002.AppendEntries[35:37]
INFO 48:42.852: State.LEADER::3 Sending 0003.AppendEntries[35:37]
INFO 48:42.852: State.LEADER::3 Committing entry 34
INFO 48:42.852: State.LEADER::3 Applying 35
INFO 48:42.853: State.LEADER::3 Committing entry 35
INFO 48:42.853: State.LEADER::3 Applying 36
INFO 48:42.951: State.LEADER::3 Sending 0004.AppendEntries[37:38]
INFO 48:42.951: State.LEADER::3 Sending 0000.AppendEntries[37:38]
INFO 48:42.951: State.LEADER::3 Sending 0002.AppendEntries[37:38]
INFO 48:42.951: State.LEADER::3 Sending 0003.AppendEntries[37:38]
INFO 48:42.951: State.LEADER::3 Sending 0004.AppendEntries[37:39]
INFO 48:42.951: State.LEADER::3 Sending 0000.AppendEntries[37:39]
INFO 48:42.952: State.LEADER::3 Sending 0002.AppendEntries[37:39]
INFO 48:42.952: State.LEADER::3 Sending 0003.AppendEntries[37:39]
INFO 48:42.952: State.LEADER::3 Committing entry 36
INFO 48:42.952: State.LEADER::3 Applying 37
INFO 48:42.953: State.LEADER::3 Committing entry 37
INFO 48:42.953: State.LEADER::3 Applying 38
INFO 48:43.051: State.LEADER::3 Sending 0004.AppendEntries[39:40]
INFO 48:43.051: State.LEADER::3 Sending 0000.AppendEntries[39:40]
INFO 48:43.051: State.LEADER::3 Sending 0002.AppendEntries[39:40]
INFO 48:43.052: State.LEADER::3 Sending 0003.AppendEntries[39:40]
INFO 48:43.052: State.LEADER::3 Committing entry 38
INFO 48:43.053: State.LEADER::3 Applying 39
INFO 48:43.151: State.LEADER::3 Sending 0004.AppendEntries[40:41]
INFO 48:43.151: State.LEADER::3 Sending 0000.AppendEntries[39:41]
INFO 48:43.151: State.LEADER::3 Sending 0002.AppendEntries[40:41]
INFO 48:43.151: State.LEADER::3 Sending 0003.AppendEntries[40:41]
INFO 48:43.151: State.LEADER::3 Sending 0004.AppendEntries[40:42]
INFO 48:43.152: State.LEADER::3 Sending 0000.AppendEntries[39:42]
INFO 48:43.152: State.LEADER::3 Sending 0002.AppendEntries[40:42]
INFO 48:43.152: State.LEADER::3 Sending 0003.AppendEntries[40:42]
INFO 48:43.152: State.LEADER::3 Committing entry 39
INFO 48:43.152: State.LEADER::3 Applying 40
INFO 48:43.153: State.LEADER::3 Committing entry 40
INFO 48:43.153: State.LEADER::3 Applying 41
INFO 48:43.251: State.LEADER::3 Sending 0004.AppendEntries[42:43]
INFO 48:43.251: State.LEADER::3 Sending 0000.AppendEntries[42:43]
INFO 48:43.251: State.LEADER::3 Sending 0002.AppendEntries[41:43]
INFO 48:43.251: State.LEADER::3 Sending 0003.AppendEntries[42:43]
INFO 48:43.251: State.LEADER::3 Sending 0004.AppendEntries[42:44]
INFO 48:43.251: State.LEADER::3 Sending 0000.AppendEntries[42:44]
INFO 48:43.252: State.LEADER::3 Sending 0002.AppendEntries[41:44]
INFO 48:43.252: State.LEADER::3 Sending 0003.AppendEntries[42:44]
INFO 48:43.252: State.LEADER::3 Decremeting 0002.next_idx 40
INFO 48:43.252: State.LEADER::3 Sending 0002.AppendEntries[40:44]
INFO 48:43.252: State.LEADER::3 Committing entry 41
INFO 48:43.253: State.LEADER::3 Applying 42
INFO 48:43.253: State.LEADER::3 Committing entry 42
INFO 48:43.253: State.LEADER::3 Applying 43
INFO 48:43.351: State.LEADER::3 Sending 0004.AppendEntries[44:45]
INFO 48:43.351: State.LEADER::3 Sending 0000.AppendEntries[44:45]
INFO 48:43.351: State.LEADER::3 Sending 0002.AppendEntries[44:45]
INFO 48:43.351: State.LEADER::3 Sending 0003.AppendEntries[44:45]
INFO 48:43.351: State.LEADER::3 Sending 0004.AppendEntries[44:46]
INFO 48:43.351: State.LEADER::3 Sending 0000.AppendEntries[44:46]
INFO 48:43.352: State.LEADER::3 Sending 0002.AppendEntries[44:46]
INFO 48:43.352: State.LEADER::3 Sending 0003.AppendEntries[44:46]
INFO 48:43.352: State.LEADER::3 Committing entry 43
INFO 48:43.352: State.LEADER::3 Applying 44
INFO 48:43.353: State.LEADER::3 Committing entry 44
INFO 48:43.353: State.LEADER::3 Applying 45
INFO 48:43.451: State.LEADER::3 Sending 0004.AppendEntries[45:47]
INFO 48:43.451: State.LEADER::3 Sending 0000.AppendEntries[46:47]
INFO 48:43.451: State.LEADER::3 Sending 0002.AppendEntries[44:47]
INFO 48:43.451: State.LEADER::3 Sending 0003.AppendEntries[46:47]
INFO 48:43.451: State.LEADER::3 Sending 0004.AppendEntries[45:48]
INFO 48:43.452: State.LEADER::3 Sending 0000.AppendEntries[46:48]
INFO 48:43.452: State.LEADER::3 Sending 0002.AppendEntries[44:48]
INFO 48:43.452: State.LEADER::3 Sending 0003.AppendEntries[46:48]
INFO 48:43.452: State.LEADER::3 Decremeting 0004.next_idx 44
INFO 48:43.452: State.LEADER::3 Sending 0004.AppendEntries[44:48]
INFO 48:43.453: State.LEADER::3 Committing entry 45
INFO 48:43.453: State.LEADER::3 Applying 46
INFO 48:43.454: State.LEADER::3 Committing entry 46
INFO 48:43.454: State.LEADER::3 Applying 47
INFO 48:43.551: State.LEADER::3 Sending 0004.AppendEntries[48:49]
INFO 48:43.551: State.LEADER::3 Sending 0000.AppendEntries[48:49]
INFO 48:43.551: State.LEADER::3 Sending 0002.AppendEntries[48:49]
INFO 48:43.551: State.LEADER::3 Sending 0003.AppendEntries[48:49]
INFO 48:43.551: State.LEADER::3 Sending 0004.AppendEntries[48:50]
INFO 48:43.552: State.LEADER::3 Sending 0000.AppendEntries[48:50]
INFO 48:43.552: State.LEADER::3 Sending 0002.AppendEntries[48:50]
INFO 48:43.552: State.LEADER::3 Sending 0003.AppendEntries[48:50]
INFO 48:43.552: State.LEADER::3 Committing entry 47
INFO 48:43.552: State.LEADER::3 Applying 48
INFO 48:43.553: State.LEADER::3 Committing entry 48
INFO 48:43.553: State.LEADER::3 Applying 49
INFO 48:43.651: State.LEADER::3 Sending 0004.AppendEntries[50:51]
INFO 48:43.651: State.LEADER::3 Sending 0000.AppendEntries[50:51]
INFO 48:43.651: State.LEADER::3 Sending 0002.AppendEntries[50:51]
INFO 48:43.651: State.LEADER::3 Sending 0003.AppendEntries[50:51]
INFO 48:43.652: State.LEADER::3 Committing entry 49
INFO 48:43.652: State.LEADER::3 Applying 50
INFO 48:43.751: State.LEADER::3 Sending 0004.AppendEntries[51:52]
INFO 48:43.751: State.LEADER::3 Sending 0000.AppendEntries[51:52]
INFO 48:43.751: State.LEADER::3 Sending 0002.AppendEntries[51:52]
INFO 48:43.751: State.LEADER::3 Sending 0003.AppendEntries[51:52]
INFO 48:43.751: State.LEADER::3 Sending 0004.AppendEntries[51:53]
INFO 48:43.751: State.LEADER::3 Sending 0000.AppendEntries[51:53]
INFO 48:43.752: State.LEADER::3 Sending 0002.AppendEntries[51:53]
INFO 48:43.752: State.LEADER::3 Sending 0003.AppendEntries[51:53]
INFO 48:43.752: State.LEADER::3 Committing entry 50
INFO 48:43.752: State.LEADER::3 Applying 51
INFO 48:43.753: State.LEADER::3 Committing entry 51
INFO 48:43.753: State.LEADER::3 Applying 52
INFO 48:43.851: State.LEADER::3 Sending 0004.AppendEntries[53:54]
INFO 48:43.851: State.LEADER::3 Sending 0000.AppendEntries[53:54]
INFO 48:43.851: State.LEADER::3 Sending 0002.AppendEntries[53:54]
INFO 48:43.851: State.LEADER::3 Sending 0003.AppendEntries[53:54]
INFO 48:43.852: State.LEADER::3 Committing entry 52
INFO 48:43.852: State.LEADER::3 Applying 53
INFO 48:43.951: State.LEADER::3 Sending 0004.AppendEntries[54:55]
INFO 48:43.951: State.LEADER::3 Sending 0000.AppendEntries[54:55]
INFO 48:43.951: State.LEADER::3 Sending 0002.AppendEntries[54:55]
INFO 48:43.951: State.LEADER::3 Sending 0003.AppendEntries[54:55]
INFO 48:43.952: State.LEADER::3 Committing entry 53
INFO 48:43.952: State.LEADER::3 Applying 54
INFO 48:44.151: State.LEADER::3 Sending 0004.AppendEntries[55:56]
INFO 48:44.151: State.LEADER::3 Sending 0000.AppendEntries[55:56]
INFO 48:44.151: State.LEADER::3 Sending 0002.AppendEntries[55:56]
INFO 48:44.151: State.LEADER::3 Sending 0003.AppendEntries[55:56]
INFO 48:44.152: State.LEADER::3 Committing entry 54
INFO 48:44.152: State.LEADER::3 Applying 55
INFO 48:44.251: State.LEADER::3 Sending 0004.AppendEntries[56:57]
INFO 48:44.251: State.LEADER::3 Sending 0000.AppendEntries[55:57]
INFO 48:44.251: State.LEADER::3 Sending 0002.AppendEntries[56:57]
INFO 48:44.251: State.LEADER::3 Sending 0003.AppendEntries[56:57]
INFO 48:44.251: State.LEADER::3 Sending 0004.AppendEntries[56:58]
INFO 48:44.251: State.LEADER::3 Sending 0000.AppendEntries[55:58]
INFO 48:44.252: State.LEADER::3 Sending 0002.AppendEntries[56:58]
INFO 48:44.252: State.LEADER::3 Sending 0003.AppendEntries[56:58]
INFO 48:44.252: State.LEADER::3 Decremeting 0000.next_idx 54
INFO 48:44.252: State.LEADER::3 Sending 0000.AppendEntries[54:58]
INFO 48:44.252: State.LEADER::3 Committing entry 55
INFO 48:44.252: State.LEADER::3 Applying 56
INFO 48:44.253: State.LEADER::3 Committing entry 56
INFO 48:44.253: State.LEADER::3 Applying 57
INFO 48:44.351: State.LEADER::3 Sending 0004.AppendEntries[58:59]
INFO 48:44.351: State.LEADER::3 Sending 0000.AppendEntries[58:59]
INFO 48:44.351: State.LEADER::3 Sending 0002.AppendEntries[58:59]
INFO 48:44.351: State.LEADER::3 Sending 0003.AppendEntries[58:59]
INFO 48:44.351: State.LEADER::3 Sending 0004.AppendEntries[58:60]
INFO 48:44.351: State.LEADER::3 Sending 0000.AppendEntries[58:60]
INFO 48:44.352: State.LEADER::3 Sending 0002.AppendEntries[58:60]
INFO 48:44.352: State.LEADER::3 Sending 0003.AppendEntries[58:60]
INFO 48:44.352: State.LEADER::3 Committing entry 57
INFO 48:44.352: State.LEADER::3 Applying 58
INFO 48:44.353: State.LEADER::3 Committing entry 58
INFO 48:44.353: State.LEADER::3 Applying 59
INFO 48:44.451: State.LEADER::3 Sending 0004.AppendEntries[60:61]
INFO 48:44.451: State.LEADER::3 Sending 0000.AppendEntries[59:61]
INFO 48:44.451: State.LEADER::3 Sending 0002.AppendEntries[60:61]
INFO 48:44.451: State.LEADER::3 Sending 0003.AppendEntries[60:61]
INFO 48:44.452: State.LEADER::3 Decremeting 0000.next_idx 58
INFO 48:44.452: State.LEADER::3 Sending 0000.AppendEntries[58:61]
INFO 48:44.452: State.LEADER::3 Committing entry 59
INFO 48:44.452: State.LEADER::3 Applying 60
INFO 48:44.551: State.LEADER::3 Sending 0004.AppendEntries[61:62]
INFO 48:44.551: State.LEADER::3 Sending 0000.AppendEntries[61:62]
INFO 48:44.551: State.LEADER::3 Sending 0002.AppendEntries[61:62]
INFO 48:44.551: State.LEADER::3 Sending 0003.AppendEntries[60:62]
INFO 48:44.551: State.LEADER::3 Sending 0004.AppendEntries[61:63]
INFO 48:44.551: State.LEADER::3 Sending 0000.AppendEntries[61:63]
INFO 48:44.552: State.LEADER::3 Sending 0002.AppendEntries[61:63]
INFO 48:44.552: State.LEADER::3 Sending 0003.AppendEntries[60:63]
INFO 48:44.552: State.LEADER::3 Decremeting 0003.next_idx 59
INFO 48:44.552: State.LEADER::3 Sending 0003.AppendEntries[59:63]
INFO 48:44.552: State.LEADER::3 Committing entry 60
INFO 48:44.552: State.LEADER::3 Applying 61
INFO 48:44.553: State.LEADER::3 Committing entry 61
INFO 48:44.553: State.LEADER::3 Applying 62
INFO 48:44.652: State.LEADER::3 Decremeting 0002.next_idx 61
INFO 48:44.652: State.LEADER::3 Sending 0002.AppendEntries[61:63]
INFO 48:44.751: State.LEADER::3 Sending 0004.AppendEntries[63:64]
INFO 48:44.751: State.LEADER::3 Sending 0000.AppendEntries[63:64]
INFO 48:44.751: State.LEADER::3 Sending 0002.AppendEntries[63:64]
INFO 48:44.751: State.LEADER::3 Sending 0003.AppendEntries[63:64]
INFO 48:44.752: State.LEADER::3 Committing entry 62
INFO 48:44.752: State.LEADER::3 Applying 63
INFO 48:44.851: State.LEADER::3 Sending 0004.AppendEntries[64:65]
INFO 48:44.851: State.LEADER::3 Sending 0000.AppendEntries[64:65]
INFO 48:44.851: State.LEADER::3 Sending 0002.AppendEntries[64:65]
INFO 48:44.851: State.LEADER::3 Sending 0003.AppendEntries[64:65]
INFO 48:44.851: State.LEADER::3 Sending 0004.AppendEntries[64:66]
INFO 48:44.852: State.LEADER::3 Sending 0000.AppendEntries[64:66]
INFO 48:44.852: State.LEADER::3 Sending 0002.AppendEntries[64:66]
INFO 48:44.852: State.LEADER::3 Sending 0003.AppendEntries[64:66]
INFO 48:44.852: State.LEADER::3 Committing entry 63
INFO 48:44.852: State.LEADER::3 Applying 64
INFO 48:44.853: State.LEADER::3 Committing entry 64
INFO 48:44.853: State.LEADER::3 Applying 65
INFO 48:44.951: State.LEADER::3 Sending 0004.AppendEntries[65:67]
INFO 48:44.951: State.LEADER::3 Sending 0000.AppendEntries[66:67]
INFO 48:44.951: State.LEADER::3 Sending 0002.AppendEntries[66:67]
INFO 48:44.951: State.LEADER::3 Sending 0003.AppendEntries[66:67]
INFO 48:44.951: State.LEADER::3 Sending 0004.AppendEntries[65:68]
INFO 48:44.952: State.LEADER::3 Sending 0000.AppendEntries[66:68]
INFO 48:44.952: State.LEADER::3 Sending 0002.AppendEntries[66:68]
INFO 48:44.952: State.LEADER::3 Sending 0003.AppendEntries[66:68]
INFO 48:44.952: State.LEADER::3 Decremeting 0004.next_idx 64
INFO 48:44.952: State.LEADER::3 Sending 0004.AppendEntries[64:68]
INFO 48:44.952: State.LEADER::3 Committing entry 65
INFO 48:44.953: State.LEADER::3 Applying 66
INFO 48:44.953: State.LEADER::3 Committing entry 66
INFO 48:44.953: State.LEADER::3 Applying 67
INFO 48:45.051: State.LEADER::3 Sending 0004.AppendEntries[68:69]
INFO 48:45.051: State.LEADER::3 Sending 0000.AppendEntries[68:69]
INFO 48:45.051: State.LEADER::3 Sending 0002.AppendEntries[68:69]
INFO 48:45.051: State.LEADER::3 Sending 0003.AppendEntries[68:69]
INFO 48:45.051: State.LEADER::3 Sending 0004.AppendEntries[68:70]
INFO 48:45.051: State.LEADER::3 Sending 0000.AppendEntries[68:70]
INFO 48:45.052: State.LEADER::3 Sending 0002.AppendEntries[68:70]
INFO 48:45.052: State.LEADER::3 Sending 0003.AppendEntries[68:70]
INFO 48:45.052: State.LEADER::3 Committing entry 67
INFO 48:45.052: State.LEADER::3 Applying 68
INFO 48:45.053: State.LEADER::3 Committing entry 68
INFO 48:45.053: State.LEADER::3 Applying 69
INFO 48:45.151: State.LEADER::3 Sending 0004.AppendEntries[70:71]
INFO 48:45.151: State.LEADER::3 Sending 0000.AppendEntries[70:71]
INFO 48:45.151: State.LEADER::3 Sending 0002.AppendEntries[70:71]
INFO 48:45.151: State.LEADER::3 Sending 0003.AppendEntries[70:71]
INFO 48:45.151: State.LEADER::3 Sending 0004.AppendEntries[70:72]
INFO 48:45.151: State.LEADER::3 Sending 0000.AppendEntries[70:72]
INFO 48:45.152: State.LEADER::3 Sending 0002.AppendEntries[70:72]
INFO 48:45.152: State.LEADER::3 Sending 0003.AppendEntries[70:72]
INFO 48:45.152: State.LEADER::3 Committing entry 69
INFO 48:45.152: State.LEADER::3 Applying 70
INFO 48:45.153: State.LEADER::3 Committing entry 70
INFO 48:45.153: State.LEADER::3 Applying 71
INFO 48:45.251: State.LEADER::3 Sending 0004.AppendEntries[72:73]
INFO 48:45.251: State.LEADER::3 Sending 0000.AppendEntries[72:73]
INFO 48:45.251: State.LEADER::3 Sending 0002.AppendEntries[72:73]
INFO 48:45.251: State.LEADER::3 Sending 0003.AppendEntries[72:73]
INFO 48:45.251: State.LEADER::3 Sending 0004.AppendEntries[72:74]
INFO 48:45.251: State.LEADER::3 Sending 0000.AppendEntries[72:74]
INFO 48:45.252: State.LEADER::3 Sending 0002.AppendEntries[72:74]
INFO 48:45.252: State.LEADER::3 Sending 0003.AppendEntries[72:74]
INFO 48:45.252: State.LEADER::3 Committing entry 71
INFO 48:45.252: State.LEADER::3 Applying 72
INFO 48:45.253: State.LEADER::3 Committing entry 72
INFO 48:45.253: State.LEADER::3 Applying 73
INFO 48:45.451: State.LEADER::3 Sending 0004.AppendEntries[74:75]
INFO 48:45.451: State.LEADER::3 Sending 0000.AppendEntries[74:75]
INFO 48:45.451: State.LEADER::3 Sending 0002.AppendEntries[74:75]
INFO 48:45.451: State.LEADER::3 Sending 0003.AppendEntries[74:75]
INFO 48:45.451: State.LEADER::3 Sending 0004.AppendEntries[74:76]
INFO 48:45.451: State.LEADER::3 Sending 0000.AppendEntries[74:76]
INFO 48:45.452: State.LEADER::3 Sending 0002.AppendEntries[74:76]
INFO 48:45.452: State.LEADER::3 Sending 0003.AppendEntries[74:76]
INFO 48:45.452: State.LEADER::3 Committing entry 73
INFO 48:45.452: State.LEADER::3 Applying 74
INFO 48:45.453: State.LEADER::3 Committing entry 74
INFO 48:45.453: State.LEADER::3 Applying 75
INFO 48:45.551: State.LEADER::3 Sending 0004.AppendEntries[76:77]
INFO 48:45.551: State.LEADER::3 Sending 0000.AppendEntries[76:77]
INFO 48:45.551: State.LEADER::3 Sending 0002.AppendEntries[76:77]
INFO 48:45.551: State.LEADER::3 Sending 0003.AppendEntries[76:77]
INFO 48:45.552: State.LEADER::3 Sending 0004.AppendEntries[76:78]
INFO 48:45.552: State.LEADER::3 Sending 0000.AppendEntries[76:78]
INFO 48:45.552: State.LEADER::3 Sending 0002.AppendEntries[76:78]
INFO 48:45.552: State.LEADER::3 Sending 0003.AppendEntries[76:78]
INFO 48:45.553: State.LEADER::3 Committing entry 75
INFO 48:45.554: State.LEADER::3 Applying 76
INFO 48:45.555: State.LEADER::3 Committing entry 76
INFO 48:45.555: State.LEADER::3 Applying 77
INFO 48:45.651: State.LEADER::3 Sending 0004.AppendEntries[77:79]
INFO 48:45.651: State.LEADER::3 Sending 0000.AppendEntries[78:79]
INFO 48:45.651: State.LEADER::3 Sending 0002.AppendEntries[77:79]
INFO 48:45.651: State.LEADER::3 Sending 0003.AppendEntries[78:79]
INFO 48:45.652: State.LEADER::3 Sending 0004.AppendEntries[77:80]
INFO 48:45.652: State.LEADER::3 Sending 0000.AppendEntries[78:80]
INFO 48:45.652: State.LEADER::3 Sending 0002.AppendEntries[77:80]
INFO 48:45.652: State.LEADER::3 Sending 0003.AppendEntries[78:80]
INFO 48:45.652: State.LEADER::3 Decremeting 0002.next_idx 76
INFO 48:45.652: State.LEADER::3 Sending 0002.AppendEntries[76:80]
INFO 48:45.653: State.LEADER::3 Committing entry 77
INFO 48:45.653: State.LEADER::3 Applying 78
INFO 48:45.653: State.LEADER::3 Committing entry 78
INFO 48:45.653: State.LEADER::3 Applying 79
INFO 48:45.751: State.LEADER::3 Sending 0004.AppendEntries[80:81]
INFO 48:45.751: State.LEADER::3 Sending 0000.AppendEntries[80:81]
INFO 48:45.751: State.LEADER::3 Sending 0002.AppendEntries[80:81]
INFO 48:45.751: State.LEADER::3 Sending 0003.AppendEntries[80:81]
INFO 48:45.751: State.LEADER::3 Sending 0004.AppendEntries[80:82]
INFO 48:45.751: State.LEADER::3 Sending 0000.AppendEntries[80:82]
INFO 48:45.752: State.LEADER::3 Sending 0002.AppendEntries[80:82]
INFO 48:45.752: State.LEADER::3 Sending 0003.AppendEntries[80:82]
INFO 48:45.752: State.LEADER::3 Committing entry 79
INFO 48:45.752: State.LEADER::3 Applying 80
INFO 48:45.753: State.LEADER::3 Committing entry 80
INFO 48:45.753: State.LEADER::3 Applying 81
INFO 48:45.851: State.LEADER::3 Sending 0004.AppendEntries[82:83]
INFO 48:45.851: State.LEADER::3 Sending 0000.AppendEntries[82:83]
INFO 48:45.851: State.LEADER::3 Sending 0002.AppendEntries[82:83]
INFO 48:45.851: State.LEADER::3 Sending 0003.AppendEntries[81:83]
INFO 48:45.851: State.LEADER::3 Sending 0004.AppendEntries[82:84]
INFO 48:45.851: State.LEADER::3 Sending 0000.AppendEntries[82:84]
INFO 48:45.852: State.LEADER::3 Sending 0002.AppendEntries[82:84]
INFO 48:45.852: State.LEADER::3 Sending 0003.AppendEntries[81:84]
INFO 48:45.852: State.LEADER::3 Committing entry 81
INFO 48:45.852: State.LEADER::3 Applying 82
INFO 48:45.852: State.LEADER::3 Committing entry 82
INFO 48:45.853: State.LEADER::3 Applying 83
INFO 48:45.951: State.LEADER::3 Sending 0004.AppendEntries[84:85]
INFO 48:45.951: State.LEADER::3 Sending 0000.AppendEntries[84:85]
INFO 48:45.952: State.LEADER::3 Sending 0002.AppendEntries[84:85]
INFO 48:45.952: State.LEADER::3 Sending 0003.AppendEntries[84:85]
INFO 48:45.953: State.LEADER::3 Committing entry 83
INFO 48:45.953: State.LEADER::3 Applying 84
INFO 48:46.051: State.LEADER::3 Sending 0004.AppendEntries[85:86]
INFO 48:46.051: State.LEADER::3 Sending 0000.AppendEntries[85:86]
INFO 48:46.052: State.LEADER::3 Sending 0002.AppendEntries[85:86]
INFO 48:46.052: State.LEADER::3 Sending 0003.AppendEntries[85:86]
INFO 48:46.052: State.LEADER::3 Sending 0004.AppendEntries[85:87]
INFO 48:46.052: State.LEADER::3 Sending 0000.AppendEntries[85:87]
INFO 48:46.052: State.LEADER::3 Sending 0002.AppendEntries[85:87]
INFO 48:46.053: State.LEADER::3 Sending 0003.AppendEntries[85:87]
INFO 48:46.053: State.LEADER::3 Committing entry 84
INFO 48:46.053: State.LEADER::3 Applying 85
INFO 48:46.054: State.LEADER::3 Committing entry 85
INFO 48:46.054: State.LEADER::3 Applying 86
INFO 48:46.151: State.LEADER::3 Sending 0004.AppendEntries[87:88]
INFO 48:46.151: State.LEADER::3 Sending 0000.AppendEntries[87:88]
INFO 48:46.151: State.LEADER::3 Sending 0002.AppendEntries[87:88]
INFO 48:46.151: State.LEADER::3 Sending 0003.AppendEntries[87:88]
INFO 48:46.152: State.LEADER::3 Sending 0004.AppendEntries[87:89]
INFO 48:46.152: State.LEADER::3 Sending 0000.AppendEntries[87:89]
INFO 48:46.152: State.LEADER::3 Sending 0002.AppendEntries[87:89]
INFO 48:46.152: State.LEADER::3 Sending 0003.AppendEntries[87:89]
INFO 48:46.152: State.LEADER::3 Committing entry 86
INFO 48:46.153: State.LEADER::3 Applying 87
INFO 48:46.153: State.LEADER::3 Committing entry 87
INFO 48:46.153: State.LEADER::3 Applying 88
INFO 48:46.251: State.LEADER::3 Sending 0004.AppendEntries[89:90]
INFO 48:46.251: State.LEADER::3 Sending 0000.AppendEntries[89:90]
INFO 48:46.251: State.LEADER::3 Sending 0002.AppendEntries[89:90]
INFO 48:46.251: State.LEADER::3 Sending 0003.AppendEntries[89:90]
INFO 48:46.252: State.LEADER::3 Committing entry 88
INFO 48:46.252: State.LEADER::3 Applying 89
INFO 48:46.451: State.LEADER::3 Sending 0004.AppendEntries[90:91]
INFO 48:46.451: State.LEADER::3 Sending 0000.AppendEntries[90:91]
INFO 48:46.451: State.LEADER::3 Sending 0002.AppendEntries[90:91]
INFO 48:46.451: State.LEADER::3 Sending 0003.AppendEntries[90:91]
INFO 48:46.452: State.LEADER::3 Sending 0004.AppendEntries[90:92]
INFO 48:46.452: State.LEADER::3 Sending 0000.AppendEntries[90:92]
INFO 48:46.452: State.LEADER::3 Sending 0002.AppendEntries[90:92]
INFO 48:46.452: State.LEADER::3 Sending 0003.AppendEntries[90:92]
INFO 48:46.452: State.LEADER::3 Committing entry 89
INFO 48:46.453: State.LEADER::3 Applying 90
INFO 48:46.453: State.LEADER::3 Committing entry 90
INFO 48:46.453: State.LEADER::3 Applying 91
INFO 48:46.551: State.LEADER::3 Sending 0004.AppendEntries[92:93]
INFO 48:46.551: State.LEADER::3 Sending 0000.AppendEntries[92:93]
INFO 48:46.551: State.LEADER::3 Sending 0002.AppendEntries[92:93]
INFO 48:46.551: State.LEADER::3 Sending 0003.AppendEntries[92:93]
INFO 48:46.552: State.LEADER::3 Committing entry 91
INFO 48:46.552: State.LEADER::3 Applying 92
INFO 48:46.651: State.LEADER::3 Sending 0004.AppendEntries[93:94]
INFO 48:46.651: State.LEADER::3 Sending 0000.AppendEntries[93:94]
INFO 48:46.651: State.LEADER::3 Sending 0002.AppendEntries[93:94]
INFO 48:46.651: State.LEADER::3 Sending 0003.AppendEntries[93:94]
INFO 48:46.652: State.LEADER::3 Committing entry 92
INFO 48:46.652: State.LEADER::3 Applying 93
INFO 48:46.652: State.LEADER::3 Sending 0004.AppendEntries[94:95]
INFO 48:46.652: State.LEADER::3 Sending 0000.AppendEntries[94:95]
INFO 48:46.653: State.LEADER::3 Sending 0002.AppendEntries[94:95]
INFO 48:46.653: State.LEADER::3 Sending 0003.AppendEntries[94:95]
INFO 48:46.653: State.LEADER::3 Committing entry 93
INFO 48:46.653: State.LEADER::3 Applying 94
INFO 48:46.751: State.LEADER::3 Sending 0004.AppendEntries[95:96]
INFO 48:46.751: State.LEADER::3 Sending 0000.AppendEntries[95:96]
INFO 48:46.751: State.LEADER::3 Sending 0002.AppendEntries[95:96]
INFO 48:46.751: State.LEADER::3 Sending 0003.AppendEntries[95:96]
INFO 48:46.752: State.LEADER::3 Committing entry 94
INFO 48:46.752: State.LEADER::3 Applying 95
INFO 48:46.851: State.LEADER::3 Sending 0004.AppendEntries[96:97]
INFO 48:46.851: State.LEADER::3 Sending 0000.AppendEntries[96:97]
INFO 48:46.851: State.LEADER::3 Sending 0002.AppendEntries[96:97]
INFO 48:46.851: State.LEADER::3 Sending 0003.AppendEntries[96:97]
INFO 48:46.852: State.LEADER::3 Committing entry 95
INFO 48:46.852: State.LEADER::3 Applying 96
INFO 48:46.951: State.LEADER::3 Sending 0004.AppendEntries[97:98]
INFO 48:46.951: State.LEADER::3 Sending 0000.AppendEntries[97:98]
INFO 48:46.951: State.LEADER::3 Sending 0002.AppendEntries[96:98]
INFO 48:46.951: State.LEADER::3 Sending 0003.AppendEntries[97:98]
INFO 48:46.951: State.LEADER::3 Sending 0004.AppendEntries[97:99]
INFO 48:46.952: State.LEADER::3 Sending 0000.AppendEntries[97:99]
INFO 48:46.952: State.LEADER::3 Sending 0002.AppendEntries[96:99]
INFO 48:46.952: State.LEADER::3 Sending 0003.AppendEntries[97:99]
INFO 48:46.952: State.LEADER::3 Committing entry 96
INFO 48:46.952: State.LEADER::3 Applying 97
INFO 48:46.953: State.LEADER::3 Committing entry 97
INFO 48:46.953: State.LEADER::3 Applying 98
INFO 48:47.051: State.LEADER::3 Sending 0004.AppendEntries[99:100]
INFO 48:47.051: State.LEADER::3 Sending 0000.AppendEntries[99:100]
INFO 48:47.051: State.LEADER::3 Sending 0002.AppendEntries[99:100]
INFO 48:47.051: State.LEADER::3 Sending 0003.AppendEntries[99:100]
INFO 48:47.052: State.LEADER::3 Sending 0004.AppendEntries[99:101]
INFO 48:47.052: State.LEADER::3 Sending 0000.AppendEntries[99:101]
INFO 48:47.052: State.LEADER::3 Sending 0002.AppendEntries[99:101]
INFO 48:47.052: State.LEADER::3 Sending 0003.AppendEntries[99:101]
INFO 48:47.052: State.LEADER::3 Committing entry 98
INFO 48:47.053: State.LEADER::3 Applying 99
INFO 48:47.053: State.LEADER::3 Committing entry 99
INFO 48:47.053: State.LEADER::3 Applying 100
INFO 48:47.151: State.LEADER::3 Sending 0004.AppendEntries[101:102]
INFO 48:47.151: State.LEADER::3 Sending 0000.AppendEntries[101:102]
INFO 48:47.151: State.LEADER::3 Sending 0002.AppendEntries[100:102]
INFO 48:47.151: State.LEADER::3 Sending 0003.AppendEntries[101:102]
INFO 48:47.152: State.LEADER::3 Decremeting 0002.next_idx 99
INFO 48:47.152: State.LEADER::3 Sending 0002.AppendEntries[99:102]
INFO 48:47.152: State.LEADER::3 Committing entry 100
INFO 48:47.152: State.LEADER::3 Applying 101
INFO 48:47.251: State.LEADER::3 Sending 0004.AppendEntries[102:103]
INFO 48:47.251: State.LEADER::3 Sending 0000.AppendEntries[102:103]
INFO 48:47.251: State.LEADER::3 Sending 0002.AppendEntries[102:103]
INFO 48:47.251: State.LEADER::3 Sending 0003.AppendEntries[102:103]
INFO 48:47.251: State.LEADER::3 Sending 0004.AppendEntries[102:104]
INFO 48:47.252: State.LEADER::3 Sending 0000.AppendEntries[102:104]
INFO 48:47.252: State.LEADER::3 Sending 0002.AppendEntries[102:104]
INFO 48:47.252: State.LEADER::3 Sending 0003.AppendEntries[102:104]
INFO 48:47.252: State.LEADER::3 Committing entry 101
INFO 48:47.252: State.LEADER::3 Applying 102
INFO 48:47.253: State.LEADER::3 Committing entry 102
INFO 48:47.253: State.LEADER::3 Applying 103
INFO 48:47.351: State.LEADER::3 Sending 0004.AppendEntries[104:105]
INFO 48:47.351: State.LEADER::3 Sending 0000.AppendEntries[104:105]
INFO 48:47.351: State.LEADER::3 Sending 0002.AppendEntries[104:105]
INFO 48:47.351: State.LEADER::3 Sending 0003.AppendEntries[104:105]
INFO 48:47.351: State.LEADER::3 Sending 0004.AppendEntries[104:106]
INFO 48:47.352: State.LEADER::3 Sending 0000.AppendEntries[104:106]
INFO 48:47.352: State.LEADER::3 Sending 0002.AppendEntries[104:106]
INFO 48:47.352: State.LEADER::3 Sending 0003.AppendEntries[104:106]
INFO 48:47.352: State.LEADER::3 Committing entry 103
INFO 48:47.353: State.LEADER::3 Applying 104
INFO 48:47.353: State.LEADER::3 Committing entry 104
INFO 48:47.353: State.LEADER::3 Applying 105
INFO 48:47.451: State.LEADER::3 Sending 0004.AppendEntries[106:107]
INFO 48:47.451: State.LEADER::3 Sending 0000.AppendEntries[106:107]
INFO 48:47.451: State.LEADER::3 Sending 0002.AppendEntries[106:107]
INFO 48:47.451: State.LEADER::3 Sending 0003.AppendEntries[106:107]
INFO 48:47.451: State.LEADER::3 Sending 0004.AppendEntries[106:108]
INFO 48:47.452: State.LEADER::3 Sending 0000.AppendEntries[106:108]
INFO 48:47.452: State.LEADER::3 Sending 0002.AppendEntries[106:108]
INFO 48:47.452: State.LEADER::3 Sending 0003.AppendEntries[106:108]
INFO 48:47.452: State.LEADER::3 Committing entry 105
INFO 48:47.452: State.LEADER::3 Applying 106
INFO 48:47.453: State.LEADER::3 Committing entry 106
INFO 48:47.453: State.LEADER::3 Applying 107
INFO 48:47.551: State.LEADER::3 Sending 0004.AppendEntries[108:109]
INFO 48:47.551: State.LEADER::3 Sending 0000.AppendEntries[108:109]
INFO 48:47.551: State.LEADER::3 Sending 0002.AppendEntries[108:109]
INFO 48:47.551: State.LEADER::3 Sending 0003.AppendEntries[108:109]
INFO 48:47.551: State.LEADER::3 Sending 0004.AppendEntries[108:110]
INFO 48:47.552: State.LEADER::3 Sending 0000.AppendEntries[108:110]
INFO 48:47.552: State.LEADER::3 Sending 0002.AppendEntries[108:110]
INFO 48:47.552: State.LEADER::3 Sending 0003.AppendEntries[108:110]
INFO 48:47.552: State.LEADER::3 Committing entry 107
INFO 48:47.552: State.LEADER::3 Applying 108
INFO 48:47.553: State.LEADER::3 Committing entry 108
INFO 48:47.553: State.LEADER::3 Applying 109
INFO 48:47.651: State.LEADER::3 Sending 0004.AppendEntries[110:111]
INFO 48:47.651: State.LEADER::3 Sending 0000.AppendEntries[109:111]
INFO 48:47.652: State.LEADER::3 Sending 0002.AppendEntries[110:111]
INFO 48:47.652: State.LEADER::3 Sending 0003.AppendEntries[110:111]
INFO 48:47.652: State.LEADER::3 Sending 0004.AppendEntries[110:112]
INFO 48:47.652: State.LEADER::3 Sending 0000.AppendEntries[109:112]
INFO 48:47.652: State.LEADER::3 Sending 0002.AppendEntries[110:112]
INFO 48:47.652: State.LEADER::3 Sending 0003.AppendEntries[110:112]
INFO 48:47.653: State.LEADER::3 Committing entry 109
INFO 48:47.653: State.LEADER::3 Applying 110
INFO 48:47.653: State.LEADER::3 Committing entry 110
INFO 48:47.653: State.LEADER::3 Applying 111
INFO 48:47.751: State.LEADER::3 Sending 0004.AppendEntries[112:113]
INFO 48:47.751: State.LEADER::3 Sending 0000.AppendEntries[112:113]
INFO 48:47.751: State.LEADER::3 Sending 0002.AppendEntries[112:113]
INFO 48:47.751: State.LEADER::3 Sending 0003.AppendEntries[112:113]
INFO 48:47.751: State.LEADER::3 Sending 0004.AppendEntries[112:114]
INFO 48:47.752: State.LEADER::3 Sending 0000.AppendEntries[112:114]
INFO 48:47.752: State.LEADER::3 Sending 0002.AppendEntries[112:114]
INFO 48:47.752: State.LEADER::3 Sending 0003.AppendEntries[112:114]
INFO 48:47.752: State.LEADER::3 Committing entry 111
INFO 48:47.752: State.LEADER::3 Applying 112
INFO 48:47.753: State.LEADER::3 Committing entry 112
INFO 48:47.753: State.LEADER::3 Applying 113
INFO 48:47.851: State.LEADER::3 Sending 0004.AppendEntries[114:115]
INFO 48:47.851: State.LEADER::3 Sending 0000.AppendEntries[114:115]
INFO 48:47.851: State.LEADER::3 Sending 0002.AppendEntries[114:115]
INFO 48:47.851: State.LEADER::3 Sending 0003.AppendEntries[114:115]
INFO 48:47.852: State.LEADER::3 Committing entry 113
INFO 48:47.852: State.LEADER::3 Applying 114
INFO 48:47.951: State.LEADER::3 Sending 0004.AppendEntries[115:116]
INFO 48:47.951: State.LEADER::3 Sending 0000.AppendEntries[115:116]
INFO 48:47.951: State.LEADER::3 Sending 0002.AppendEntries[115:116]
INFO 48:47.951: State.LEADER::3 Sending 0003.AppendEntries[114:116]
INFO 48:47.952: State.LEADER::3 Committing entry 114
INFO 48:47.952: State.LEADER::3 Applying 115
INFO 48:47.952: State.LEADER::3 Sending 0004.AppendEntries[116:117]
INFO 48:47.952: State.LEADER::3 Sending 0000.AppendEntries[116:117]
INFO 48:47.952: State.LEADER::3 Sending 0002.AppendEntries[116:117]
INFO 48:47.953: State.LEADER::3 Sending 0003.AppendEntries[115:117]
INFO 48:47.953: State.LEADER::3 Committing entry 115
INFO 48:47.953: State.LEADER::3 Applying 116
INFO 48:48.051: State.LEADER::3 Sending 0004.AppendEntries[117:118]
INFO 48:48.051: State.LEADER::3 Sending 0000.AppendEntries[117:118]
INFO 48:48.051: State.LEADER::3 Sending 0002.AppendEntries[117:118]
INFO 48:48.051: State.LEADER::3 Sending 0003.AppendEntries[117:118]
INFO 48:48.052: State.LEADER::3 Committing entry 116
INFO 48:48.052: State.LEADER::3 Applying 117
INFO 48:48.151: State.LEADER::3 Sending 0004.AppendEntries[118:119]
INFO 48:48.151: State.LEADER::3 Sending 0000.AppendEntries[118:119]
INFO 48:48.151: State.LEADER::3 Sending 0002.AppendEntries[118:119]
INFO 48:48.151: State.LEADER::3 Sending 0003.AppendEntries[118:119]
INFO 48:48.152: State.LEADER::3 Committing entry 117
INFO 48:48.152: State.LEADER::3 Applying 118
INFO 48:48.251: State.LEADER::3 Sending 0004.AppendEntries[119:120]
INFO 48:48.251: State.LEADER::3 Sending 0000.AppendEntries[119:120]
INFO 48:48.251: State.LEADER::3 Sending 0002.AppendEntries[119:120]
INFO 48:48.251: State.LEADER::3 Sending 0003.AppendEntries[119:120]
INFO 48:48.252: State.LEADER::3 Sending 0004.AppendEntries[119:121]
INFO 48:48.252: State.LEADER::3 Sending 0000.AppendEntries[119:121]
INFO 48:48.252: State.LEADER::3 Sending 0002.AppendEntries[119:121]
INFO 48:48.252: State.LEADER::3 Sending 0003.AppendEntries[119:121]
INFO 48:48.252: State.LEADER::3 Committing entry 118
INFO 48:48.253: State.LEADER::3 Applying 119
INFO 48:48.253: State.LEADER::3 Committing entry 119
INFO 48:48.253: State.LEADER::3 Applying 120
INFO 48:48.351: State.LEADER::3 Sending 0004.AppendEntries[121:122]
INFO 48:48.351: State.LEADER::3 Sending 0000.AppendEntries[121:122]
INFO 48:48.351: State.LEADER::3 Sending 0002.AppendEntries[121:122]
INFO 48:48.351: State.LEADER::3 Sending 0003.AppendEntries[121:122]
INFO 48:48.352: State.LEADER::3 Sending 0004.AppendEntries[121:123]
INFO 48:48.352: State.LEADER::3 Sending 0000.AppendEntries[121:123]
INFO 48:48.352: State.LEADER::3 Sending 0002.AppendEntries[121:123]
INFO 48:48.352: State.LEADER::3 Sending 0003.AppendEntries[121:123]
INFO 48:48.352: State.LEADER::3 Committing entry 120
INFO 48:48.353: State.LEADER::3 Applying 121
INFO 48:48.353: State.LEADER::3 Committing entry 121
INFO 48:48.353: State.LEADER::3 Applying 122
INFO 48:48.451: State.LEADER::3 Sending 0004.AppendEntries[123:124]
INFO 48:48.451: State.LEADER::3 Sending 0000.AppendEntries[123:124]
INFO 48:48.451: State.LEADER::3 Sending 0002.AppendEntries[123:124]
INFO 48:48.451: State.LEADER::3 Sending 0003.AppendEntries[123:124]
INFO 48:48.452: State.LEADER::3 Sending 0004.AppendEntries[123:125]
INFO 48:48.452: State.LEADER::3 Sending 0000.AppendEntries[123:125]
INFO 48:48.452: State.LEADER::3 Sending 0002.AppendEntries[123:125]
INFO 48:48.452: State.LEADER::3 Sending 0003.AppendEntries[123:125]
INFO 48:48.452: State.LEADER::3 Committing entry 122
INFO 48:48.453: State.LEADER::3 Applying 123
INFO 48:48.453: State.LEADER::3 Committing entry 123
INFO 48:48.453: State.LEADER::3 Applying 124
INFO 48:48.551: State.LEADER::3 Sending 0004.AppendEntries[125:126]
INFO 48:48.551: State.LEADER::3 Sending 0000.AppendEntries[125:126]
INFO 48:48.551: State.LEADER::3 Sending 0002.AppendEntries[125:126]
INFO 48:48.551: State.LEADER::3 Sending 0003.AppendEntries[124:126]
INFO 48:48.552: State.LEADER::3 Sending 0004.AppendEntries[125:127]
INFO 48:48.552: State.LEADER::3 Sending 0000.AppendEntries[125:127]
INFO 48:48.552: State.LEADER::3 Sending 0002.AppendEntries[125:127]
INFO 48:48.552: State.LEADER::3 Sending 0003.AppendEntries[124:127]
INFO 48:48.552: State.LEADER::3 Committing entry 124
INFO 48:48.553: State.LEADER::3 Applying 125
INFO 48:48.553: State.LEADER::3 Committing entry 125
INFO 48:48.553: State.LEADER::3 Applying 126
INFO 48:48.651: State.LEADER::3 Sending 0004.AppendEntries[126:128]
INFO 48:48.651: State.LEADER::3 Sending 0000.AppendEntries[127:128]
INFO 48:48.651: State.LEADER::3 Sending 0002.AppendEntries[127:128]
INFO 48:48.651: State.LEADER::3 Sending 0003.AppendEntries[127:128]
INFO 48:48.652: State.LEADER::3 Sending 0004.AppendEntries[126:129]
INFO 48:48.652: State.LEADER::3 Sending 0000.AppendEntries[127:129]
INFO 48:48.652: State.LEADER::3 Sending 0002.AppendEntries[127:129]
INFO 48:48.652: State.LEADER::3 Sending 0003.AppendEntries[127:129]
INFO 48:48.652: State.LEADER::3 Decremeting 0004.next_idx 125
INFO 48:48.652: State.LEADER::3 Sending 0004.AppendEntries[125:129]
INFO 48:48.653: State.LEADER::3 Committing entry 126
INFO 48:48.653: State.LEADER::3 Applying 127
INFO 48:48.653: State.LEADER::3 Committing entry 127
INFO 48:48.653: State.LEADER::3 Applying 128
INFO 48:48.751: State.LEADER::3 Sending 0004.AppendEntries[129:130]
INFO 48:48.751: State.LEADER::3 Sending 0000.AppendEntries[129:130]
INFO 48:48.751: State.LEADER::3 Sending 0002.AppendEntries[128:130]
INFO 48:48.751: State.LEADER::3 Sending 0003.AppendEntries[129:130]
INFO 48:48.752: State.LEADER::3 Sending 0004.AppendEntries[129:131]
INFO 48:48.752: State.LEADER::3 Sending 0000.AppendEntries[129:131]
INFO 48:48.752: State.LEADER::3 Sending 0002.AppendEntries[128:131]
INFO 48:48.752: State.LEADER::3 Sending 0003.AppendEntries[129:131]
INFO 48:48.752: State.LEADER::3 Committing entry 128
INFO 48:48.753: State.LEADER::3 Applying 129
INFO 48:48.753: State.LEADER::3 Committing entry 129
INFO 48:48.753: State.LEADER::3 Applying 130
INFO 48:48.851: State.LEADER::3 Sending 0004.AppendEntries[131:132]
INFO 48:48.851: State.LEADER::3 Sending 0000.AppendEntries[131:132]
INFO 48:48.851: State.LEADER::3 Sending 0002.AppendEntries[131:132]
INFO 48:48.851: State.LEADER::3 Sending 0003.AppendEntries[131:132]
INFO 48:48.852: State.LEADER::3 Sending 0004.AppendEntries[131:133]
INFO 48:48.852: State.LEADER::3 Sending 0000.AppendEntries[131:133]
INFO 48:48.852: State.LEADER::3 Sending 0002.AppendEntries[131:133]
INFO 48:48.852: State.LEADER::3 Sending 0003.AppendEntries[131:133]
INFO 48:48.852: State.LEADER::3 Committing entry 130
INFO 48:48.853: State.LEADER::3 Applying 131
INFO 48:48.853: State.LEADER::3 Committing entry 131
INFO 48:48.853: State.LEADER::3 Applying 132
INFO 48:49.051: State.LEADER::3 Sending 0004.AppendEntries[133:134]
INFO 48:49.051: State.LEADER::3 Sending 0000.AppendEntries[133:134]
INFO 48:49.051: State.LEADER::3 Sending 0002.AppendEntries[133:134]
INFO 48:49.051: State.LEADER::3 Sending 0003.AppendEntries[133:134]
INFO 48:49.052: State.LEADER::3 Committing entry 132
INFO 48:49.052: State.LEADER::3 Applying 133
INFO 48:49.151: State.LEADER::3 Sending 0004.AppendEntries[134:135]
INFO 48:49.151: State.LEADER::3 Sending 0000.AppendEntries[134:135]
INFO 48:49.151: State.LEADER::3 Sending 0002.AppendEntries[134:135]
INFO 48:49.151: State.LEADER::3 Sending 0003.AppendEntries[134:135]
INFO 48:49.152: State.LEADER::3 Committing entry 133
INFO 48:49.152: State.LEADER::3 Applying 134
INFO 48:49.251: State.LEADER::3 Sending 0004.AppendEntries[135:136]
INFO 48:49.251: State.LEADER::3 Sending 0000.AppendEntries[135:136]
INFO 48:49.252: State.LEADER::3 Sending 0002.AppendEntries[135:136]
INFO 48:49.252: State.LEADER::3 Sending 0003.AppendEntries[135:136]
INFO 48:49.252: State.LEADER::3 Committing entry 134
INFO 48:49.252: State.LEADER::3 Applying 135
INFO 48:49.252: State.LEADER::3 Sending 0004.AppendEntries[136:137]
INFO 48:49.253: State.LEADER::3 Sending 0000.AppendEntries[136:137]
INFO 48:49.253: State.LEADER::3 Sending 0002.AppendEntries[135:137]
INFO 48:49.253: State.LEADER::3 Sending 0003.AppendEntries[135:137]
INFO 48:49.253: State.LEADER::3 Committing entry 135
INFO 48:49.253: State.LEADER::3 Applying 136
INFO 48:49.351: State.LEADER::3 Sending 0004.AppendEntries[137:138]
INFO 48:49.351: State.LEADER::3 Sending 0000.AppendEntries[137:138]
INFO 48:49.351: State.LEADER::3 Sending 0002.AppendEntries[137:138]
INFO 48:49.351: State.LEADER::3 Sending 0003.AppendEntries[137:138]
INFO 48:49.352: State.LEADER::3 Committing entry 136
INFO 48:49.352: State.LEADER::3 Applying 137
INFO 48:49.451: State.LEADER::3 Sending 0004.AppendEntries[138:139]
INFO 48:49.451: State.LEADER::3 Sending 0000.AppendEntries[138:139]
INFO 48:49.451: State.LEADER::3 Sending 0002.AppendEntries[137:139]
INFO 48:49.451: State.LEADER::3 Sending 0003.AppendEntries[138:139]
INFO 48:49.452: State.LEADER::3 Decremeting 0002.next_idx 136
INFO 48:49.452: State.LEADER::3 Sending 0002.AppendEntries[136:139]
INFO 48:49.452: State.LEADER::3 Committing entry 137
INFO 48:49.452: State.LEADER::3 Applying 138
INFO 48:49.551: State.LEADER::3 Sending 0004.AppendEntries[139:140]
INFO 48:49.551: State.LEADER::3 Sending 0000.AppendEntries[139:140]
INFO 48:49.551: State.LEADER::3 Sending 0002.AppendEntries[139:140]
INFO 48:49.551: State.LEADER::3 Sending 0003.AppendEntries[139:140]
INFO 48:49.552: State.LEADER::3 Sending 0004.AppendEntries[139:141]
INFO 48:49.552: State.LEADER::3 Sending 0000.AppendEntries[139:141]
INFO 48:49.552: State.LEADER::3 Sending 0002.AppendEntries[139:141]
INFO 48:49.552: State.LEADER::3 Sending 0003.AppendEntries[139:141]
INFO 48:49.552: State.LEADER::3 Committing entry 138
INFO 48:49.553: State.LEADER::3 Applying 139
INFO 48:49.553: State.LEADER::3 Committing entry 139
INFO 48:49.553: State.LEADER::3 Applying 140
INFO 48:49.651: State.LEADER::3 Sending 0004.AppendEntries[141:142]
INFO 48:49.651: State.LEADER::3 Sending 0000.AppendEntries[141:142]
INFO 48:49.651: State.LEADER::3 Sending 0002.AppendEntries[141:142]
INFO 48:49.651: State.LEADER::3 Sending 0003.AppendEntries[141:142]
INFO 48:49.652: State.LEADER::3 Committing entry 140
INFO 48:49.652: State.LEADER::3 Applying 141
INFO 48:49.751: State.LEADER::3 Sending 0004.AppendEntries[142:143]
INFO 48:49.751: State.LEADER::3 Sending 0000.AppendEntries[142:143]
INFO 48:49.751: State.LEADER::3 Sending 0002.AppendEntries[142:143]
INFO 48:49.751: State.LEADER::3 Sending 0003.AppendEntries[141:143]
INFO 48:49.752: State.LEADER::3 Sending 0004.AppendEntries[142:144]
INFO 48:49.752: State.LEADER::3 Sending 0000.AppendEntries[142:144]
INFO 48:49.752: State.LEADER::3 Sending 0002.AppendEntries[142:144]
INFO 48:49.752: State.LEADER::3 Sending 0003.AppendEntries[141:144]
INFO 48:49.752: State.LEADER::3 Committing entry 141
INFO 48:49.753: State.LEADER::3 Applying 142
INFO 48:49.753: State.LEADER::3 Committing entry 142
INFO 48:49.753: State.LEADER::3 Applying 143
INFO 48:49.851: State.LEADER::3 Sending 0004.AppendEntries[144:145]
INFO 48:49.851: State.LEADER::3 Sending 0000.AppendEntries[144:145]
INFO 48:49.851: State.LEADER::3 Sending 0002.AppendEntries[144:145]
INFO 48:49.851: State.LEADER::3 Sending 0003.AppendEntries[144:145]
INFO 48:49.852: State.LEADER::3 Committing entry 143
INFO 48:49.852: State.LEADER::3 Applying 144
INFO 48:49.951: State.LEADER::3 Sending 0004.AppendEntries[145:146]
INFO 48:49.951: State.LEADER::3 Sending 0000.AppendEntries[145:146]
INFO 48:49.951: State.LEADER::3 Sending 0002.AppendEntries[145:146]
INFO 48:49.951: State.LEADER::3 Sending 0003.AppendEntries[145:146]
INFO 48:49.952: State.LEADER::3 Committing entry 144
INFO 48:49.952: State.LEADER::3 Applying 145
INFO 48:50.151: State.LEADER::3 Sending 0004.AppendEntries[146:147]
INFO 48:50.151: State.LEADER::3 Sending 0000.AppendEntries[146:147]
INFO 48:50.151: State.LEADER::3 Sending 0002.AppendEntries[146:147]
INFO 48:50.151: State.LEADER::3 Sending 0003.AppendEntries[146:147]
INFO 48:50.152: State.LEADER::3 Committing entry 145
INFO 48:50.152: State.LEADER::3 Applying 146
INFO 48:50.251: State.LEADER::3 Sending 0004.AppendEntries[147:148]
INFO 48:50.251: State.LEADER::3 Sending 0000.AppendEntries[146:148]
INFO 48:50.251: State.LEADER::3 Sending 0002.AppendEntries[147:148]
INFO 48:50.251: State.LEADER::3 Sending 0003.AppendEntries[147:148]
INFO 48:50.252: State.LEADER::3 Sending 0004.AppendEntries[147:149]
INFO 48:50.252: State.LEADER::3 Sending 0000.AppendEntries[146:149]
INFO 48:50.252: State.LEADER::3 Sending 0002.AppendEntries[147:149]
INFO 48:50.252: State.LEADER::3 Sending 0003.AppendEntries[147:149]
INFO 48:50.252: State.LEADER::3 Committing entry 146
INFO 48:50.253: State.LEADER::3 Applying 147
INFO 48:50.253: State.LEADER::3 Committing entry 147
INFO 48:50.253: State.LEADER::3 Applying 148
INFO 48:50.351: State.LEADER::3 Sending 0004.AppendEntries[149:150]
INFO 48:50.351: State.LEADER::3 Sending 0000.AppendEntries[149:150]
INFO 48:50.351: State.LEADER::3 Sending 0002.AppendEntries[149:150]
INFO 48:50.351: State.LEADER::3 Sending 0003.AppendEntries[149:150]
INFO 48:50.352: State.LEADER::3 Committing entry 148
INFO 48:50.352: State.LEADER::3 Applying 149
INFO 48:50.451: State.LEADER::3 Sending 0004.AppendEntries[150:151]
INFO 48:50.451: State.LEADER::3 Sending 0000.AppendEntries[150:151]
INFO 48:50.451: State.LEADER::3 Sending 0002.AppendEntries[150:151]
INFO 48:50.451: State.LEADER::3 Sending 0003.AppendEntries[150:151]
INFO 48:50.452: State.LEADER::3 Committing entry 149
INFO 48:50.452: State.LEADER::3 Applying 150
INFO 48:50.551: State.LEADER::3 Sending 0004.AppendEntries[151:152]
INFO 48:50.551: State.LEADER::3 Sending 0000.AppendEntries[151:152]
INFO 48:50.551: State.LEADER::3 Sending 0002.AppendEntries[151:152]
INFO 48:50.551: State.LEADER::3 Sending 0003.AppendEntries[151:152]
INFO 48:50.552: State.LEADER::3 Committing entry 150
INFO 48:50.552: State.LEADER::3 Applying 151
INFO 48:50.651: State.LEADER::3 Sending 0004.AppendEntries[151:153]
INFO 48:50.651: State.LEADER::3 Sending 0000.AppendEntries[152:153]
INFO 48:50.651: State.LEADER::3 Sending 0002.AppendEntries[152:153]
INFO 48:50.651: State.LEADER::3 Sending 0003.AppendEntries[152:153]
INFO 48:50.652: State.LEADER::3 Committing entry 151
INFO 48:50.652: State.LEADER::3 Applying 152
INFO 48:50.751: State.LEADER::3 Sending 0004.AppendEntries[153:154]
INFO 48:50.751: State.LEADER::3 Sending 0000.AppendEntries[153:154]
INFO 48:50.751: State.LEADER::3 Sending 0002.AppendEntries[153:154]
INFO 48:50.751: State.LEADER::3 Sending 0003.AppendEntries[153:154]
INFO 48:50.752: State.LEADER::3 Committing entry 152
INFO 48:50.752: State.LEADER::3 Applying 153
INFO 48:50.851: State.LEADER::3 Sending 0004.AppendEntries[154:155]
INFO 48:50.851: State.LEADER::3 Sending 0000.AppendEntries[154:155]
INFO 48:50.851: State.LEADER::3 Sending 0002.AppendEntries[154:155]
INFO 48:50.851: State.LEADER::3 Sending 0003.AppendEntries[154:155]
INFO 48:50.852: State.LEADER::3 Committing entry 153
INFO 48:50.852: State.LEADER::3 Applying 154
INFO 48:50.951: State.LEADER::3 Sending 0004.AppendEntries[155:156]
INFO 48:50.951: State.LEADER::3 Sending 0000.AppendEntries[155:156]
INFO 48:50.951: State.LEADER::3 Sending 0002.AppendEntries[155:156]
INFO 48:50.951: State.LEADER::3 Sending 0003.AppendEntries[155:156]
INFO 48:50.952: State.LEADER::3 Committing entry 154
INFO 48:50.952: State.LEADER::3 Applying 155
INFO 48:51.051: State.LEADER::3 Sending 0004.AppendEntries[156:157]
INFO 48:51.051: State.LEADER::3 Sending 0000.AppendEntries[156:157]
INFO 48:51.051: State.LEADER::3 Sending 0002.AppendEntries[156:157]
INFO 48:51.051: State.LEADER::3 Sending 0003.AppendEntries[156:157]
INFO 48:51.052: State.LEADER::3 Sending 0004.AppendEntries[156:158]
INFO 48:51.052: State.LEADER::3 Sending 0000.AppendEntries[156:158]
INFO 48:51.052: State.LEADER::3 Sending 0002.AppendEntries[156:158]
INFO 48:51.052: State.LEADER::3 Sending 0003.AppendEntries[156:158]
INFO 48:51.052: State.LEADER::3 Committing entry 155
INFO 48:51.053: State.LEADER::3 Applying 156
INFO 48:51.053: State.LEADER::3 Committing entry 156
INFO 48:51.053: State.LEADER::3 Applying 157
INFO 48:51.151: State.LEADER::3 Sending 0004.AppendEntries[158:159]
INFO 48:51.151: State.LEADER::3 Sending 0000.AppendEntries[158:159]
INFO 48:51.151: State.LEADER::3 Sending 0002.AppendEntries[158:159]
INFO 48:51.151: State.LEADER::3 Sending 0003.AppendEntries[158:159]
INFO 48:51.152: State.LEADER::3 Committing entry 157
INFO 48:51.152: State.LEADER::3 Applying 158
INFO 48:51.251: State.LEADER::3 Sending 0004.AppendEntries[159:160]
INFO 48:51.251: State.LEADER::3 Sending 0000.AppendEntries[159:160]
INFO 48:51.251: State.LEADER::3 Sending 0002.AppendEntries[159:160]
INFO 48:51.251: State.LEADER::3 Sending 0003.AppendEntries[159:160]
INFO 48:51.252: State.LEADER::3 Sending 0004.AppendEntries[159:161]
INFO 48:51.252: State.LEADER::3 Sending 0000.AppendEntries[159:161]
INFO 48:51.252: State.LEADER::3 Sending 0002.AppendEntries[159:161]
INFO 48:51.252: State.LEADER::3 Sending 0003.AppendEntries[159:161]
INFO 48:51.252: State.LEADER::3 Committing entry 158
INFO 48:51.253: State.LEADER::3 Applying 159
INFO 48:51.253: State.LEADER::3 Committing entry 159
INFO 48:51.253: State.LEADER::3 Applying 160
INFO 48:51.351: State.LEADER::3 Sending 0004.AppendEntries[161:162]
INFO 48:51.351: State.LEADER::3 Sending 0000.AppendEntries[161:162]
INFO 48:51.351: State.LEADER::3 Sending 0002.AppendEntries[161:162]
INFO 48:51.351: State.LEADER::3 Sending 0003.AppendEntries[161:162]
INFO 48:51.352: State.LEADER::3 Sending 0004.AppendEntries[161:163]
INFO 48:51.352: State.LEADER::3 Sending 0000.AppendEntries[161:163]
INFO 48:51.352: State.LEADER::3 Sending 0002.AppendEntries[161:163]
INFO 48:51.352: State.LEADER::3 Sending 0003.AppendEntries[161:163]
INFO 48:51.352: State.LEADER::3 Committing entry 160
INFO 48:51.352: State.LEADER::3 Applying 161
INFO 48:51.353: State.LEADER::3 Committing entry 161
INFO 48:51.353: State.LEADER::3 Applying 162
INFO 48:51.451: State.LEADER::3 Sending 0004.AppendEntries[163:164]
INFO 48:51.451: State.LEADER::3 Sending 0000.AppendEntries[163:164]
INFO 48:51.451: State.LEADER::3 Sending 0002.AppendEntries[163:164]
INFO 48:51.451: State.LEADER::3 Sending 0003.AppendEntries[163:164]
INFO 48:51.452: State.LEADER::3 Sending 0004.AppendEntries[163:165]
INFO 48:51.452: State.LEADER::3 Sending 0000.AppendEntries[163:165]
INFO 48:51.452: State.LEADER::3 Sending 0002.AppendEntries[163:165]
INFO 48:51.452: State.LEADER::3 Sending 0003.AppendEntries[163:165]
INFO 48:51.453: State.LEADER::3 Committing entry 162
INFO 48:51.453: State.LEADER::3 Applying 163
INFO 48:51.453: State.LEADER::3 Committing entry 163
INFO 48:51.453: State.LEADER::3 Applying 164
INFO 48:51.551: State.LEADER::3 Sending 0004.AppendEntries[165:166]
INFO 48:51.551: State.LEADER::3 Sending 0000.AppendEntries[165:166]
INFO 48:51.551: State.LEADER::3 Sending 0002.AppendEntries[165:166]
INFO 48:51.551: State.LEADER::3 Sending 0003.AppendEntries[165:166]
INFO 48:51.552: State.LEADER::3 Sending 0004.AppendEntries[165:167]
INFO 48:51.552: State.LEADER::3 Sending 0000.AppendEntries[165:167]
INFO 48:51.552: State.LEADER::3 Sending 0002.AppendEntries[165:167]
INFO 48:51.552: State.LEADER::3 Sending 0003.AppendEntries[165:167]
INFO 48:51.552: State.LEADER::3 Committing entry 164
INFO 48:51.553: State.LEADER::3 Applying 165
INFO 48:51.553: State.LEADER::3 Committing entry 165
INFO 48:51.553: State.LEADER::3 Applying 166
INFO 48:51.651: State.LEADER::3 Sending 0004.AppendEntries[167:168]
INFO 48:51.651: State.LEADER::3 Sending 0000.AppendEntries[166:168]
INFO 48:51.651: State.LEADER::3 Sending 0002.AppendEntries[167:168]
INFO 48:51.651: State.LEADER::3 Sending 0003.AppendEntries[166:168]
INFO 48:51.652: State.LEADER::3 Sending 0004.AppendEntries[167:169]
INFO 48:51.652: State.LEADER::3 Sending 0000.AppendEntries[166:169]
INFO 48:51.652: State.LEADER::3 Sending 0002.AppendEntries[167:169]
INFO 48:51.652: State.LEADER::3 Sending 0003.AppendEntries[166:169]
INFO 48:51.652: State.LEADER::3 Committing entry 166
INFO 48:51.653: State.LEADER::3 Applying 167
INFO 48:51.653: State.LEADER::3 Committing entry 167
INFO 48:51.653: State.LEADER::3 Applying 168
INFO 48:51.751: State.LEADER::3 Sending 0004.AppendEntries[169:170]
INFO 48:51.751: State.LEADER::3 Sending 0000.AppendEntries[168:170]
INFO 48:51.751: State.LEADER::3 Sending 0002.AppendEntries[169:170]
INFO 48:51.751: State.LEADER::3 Sending 0003.AppendEntries[169:170]
INFO 48:51.752: State.LEADER::3 Committing entry 168
INFO 48:51.752: State.LEADER::3 Applying 169
INFO 48:51.851: State.LEADER::3 Decremeting 0000.next_idx 168
INFO 48:51.852: State.LEADER::3 Sending 0000.AppendEntries[168:170]
INFO 48:51.852: State.LEADER::3 Sending 0004.AppendEntries[170:171]
INFO 48:51.852: State.LEADER::3 Sending 0000.AppendEntries[170:171]
INFO 48:51.853: State.LEADER::3 Sending 0002.AppendEntries[170:171]
INFO 48:51.853: State.LEADER::3 Sending 0003.AppendEntries[170:171]
INFO 48:51.853: State.LEADER::3 Committing entry 169
INFO 48:51.853: State.LEADER::3 Applying 170
INFO 48:51.951: State.LEADER::3 Sending 0004.AppendEntries[171:172]
INFO 48:51.951: State.LEADER::3 Sending 0000.AppendEntries[171:172]
INFO 48:51.951: State.LEADER::3 Sending 0002.AppendEntries[171:172]
INFO 48:51.951: State.LEADER::3 Sending 0003.AppendEntries[171:172]
INFO 48:51.952: State.LEADER::3 Committing entry 170
INFO 48:51.952: State.LEADER::3 Applying 171
INFO 48:52.051: State.LEADER::3 Sending 0004.AppendEntries[172:173]
INFO 48:52.051: State.LEADER::3 Sending 0000.AppendEntries[171:173]
INFO 48:52.051: State.LEADER::3 Sending 0002.AppendEntries[172:173]
INFO 48:52.051: State.LEADER::3 Sending 0003.AppendEntries[172:173]
INFO 48:52.052: State.LEADER::3 Sending 0004.AppendEntries[172:174]
INFO 48:52.052: State.LEADER::3 Sending 0000.AppendEntries[171:174]
INFO 48:52.052: State.LEADER::3 Sending 0002.AppendEntries[172:174]
INFO 48:52.052: State.LEADER::3 Sending 0003.AppendEntries[172:174]
INFO 48:52.052: State.LEADER::3 Committing entry 171
INFO 48:52.053: State.LEADER::3 Applying 172
INFO 48:52.053: State.LEADER::3 Committing entry 172
INFO 48:52.053: State.LEADER::3 Applying 173
INFO 48:52.151: State.LEADER::3 Sending 0004.AppendEntries[174:175]
INFO 48:52.151: State.LEADER::3 Sending 0000.AppendEntries[174:175]
INFO 48:52.151: State.LEADER::3 Sending 0002.AppendEntries[174:175]
INFO 48:52.151: State.LEADER::3 Sending 0003.AppendEntries[174:175]
INFO 48:52.152: State.LEADER::3 Sending 0004.AppendEntries[174:176]
INFO 48:52.152: State.LEADER::3 Sending 0000.AppendEntries[174:176]
INFO 48:52.152: State.LEADER::3 Sending 0002.AppendEntries[174:176]
INFO 48:52.152: State.LEADER::3 Sending 0003.AppendEntries[174:176]
INFO 48:52.152: State.LEADER::3 Committing entry 173
INFO 48:52.153: State.LEADER::3 Applying 174
INFO 48:52.153: State.LEADER::3 Committing entry 174
INFO 48:52.153: State.LEADER::3 Applying 175
INFO 48:52.251: State.LEADER::3 Sending 0004.AppendEntries[176:177]
INFO 48:52.251: State.LEADER::3 Sending 0000.AppendEntries[175:177]
INFO 48:52.251: State.LEADER::3 Sending 0002.AppendEntries[176:177]
INFO 48:52.251: State.LEADER::3 Sending 0003.AppendEntries[176:177]
INFO 48:52.252: State.LEADER::3 Decremeting 0000.next_idx 174
INFO 48:52.252: State.LEADER::3 Sending 0000.AppendEntries[174:177]
INFO 48:52.252: State.LEADER::3 Committing entry 175
INFO 48:52.252: State.LEADER::3 Applying 176
INFO 48:52.351: State.LEADER::3 Sending 0004.AppendEntries[176:178]
INFO 48:52.351: State.LEADER::3 Sending 0000.AppendEntries[177:178]
INFO 48:52.351: State.LEADER::3 Sending 0002.AppendEntries[177:178]
INFO 48:52.351: State.LEADER::3 Sending 0003.AppendEntries[177:178]
INFO 48:52.352: State.LEADER::3 Sending 0004.AppendEntries[176:179]
INFO 48:52.352: State.LEADER::3 Sending 0000.AppendEntries[177:179]
INFO 48:52.352: State.LEADER::3 Sending 0002.AppendEntries[177:179]
INFO 48:52.352: State.LEADER::3 Sending 0003.AppendEntries[177:179]
INFO 48:52.352: State.LEADER::3 Committing entry 176
INFO 48:52.353: State.LEADER::3 Applying 177
INFO 48:52.353: State.LEADER::3 Committing entry 177
INFO 48:52.353: State.LEADER::3 Applying 178
INFO 48:52.451: State.LEADER::3 Sending 0004.AppendEntries[179:180]
INFO 48:52.451: State.LEADER::3 Sending 0000.AppendEntries[179:180]
INFO 48:52.451: State.LEADER::3 Sending 0002.AppendEntries[179:180]
INFO 48:52.451: State.LEADER::3 Sending 0003.AppendEntries[178:180]
INFO 48:52.452: State.LEADER::3 Committing entry 178
INFO 48:52.452: State.LEADER::3 Applying 179
INFO 48:52.551: State.LEADER::3 Sending 0004.AppendEntries[179:181]
INFO 48:52.551: State.LEADER::3 Sending 0000.AppendEntries[180:181]
INFO 48:52.551: State.LEADER::3 Sending 0002.AppendEntries[180:181]
INFO 48:52.551: State.LEADER::3 Sending 0003.AppendEntries[180:181]
INFO 48:52.552: State.LEADER::3 Sending 0004.AppendEntries[179:182]
INFO 48:52.552: State.LEADER::3 Sending 0000.AppendEntries[180:182]
INFO 48:52.552: State.LEADER::3 Sending 0002.AppendEntries[180:182]
INFO 48:52.552: State.LEADER::3 Sending 0003.AppendEntries[180:182]
INFO 48:52.552: State.LEADER::3 Decremeting 0004.next_idx 178
INFO 48:52.552: State.LEADER::3 Sending 0004.AppendEntries[178:182]
INFO 48:52.553: State.LEADER::3 Committing entry 179
INFO 48:52.553: State.LEADER::3 Applying 180
INFO 48:52.553: State.LEADER::3 Committing entry 180
INFO 48:52.554: State.LEADER::3 Applying 181
INFO 48:52.651: State.LEADER::3 Sending 0004.AppendEntries[182:183]
INFO 48:52.651: State.LEADER::3 Sending 0000.AppendEntries[182:183]
INFO 48:52.651: State.LEADER::3 Sending 0002.AppendEntries[182:183]
INFO 48:52.652: State.LEADER::3 Sending 0003.AppendEntries[182:183]
INFO 48:52.652: State.LEADER::3 Committing entry 181
INFO 48:52.652: State.LEADER::3 Applying 182
INFO 48:52.751: State.LEADER::3 Sending 0004.AppendEntries[183:184]
INFO 48:52.751: State.LEADER::3 Sending 0000.AppendEntries[182:184]
INFO 48:52.751: State.LEADER::3 Sending 0002.AppendEntries[183:184]
INFO 48:52.751: State.LEADER::3 Sending 0003.AppendEntries[183:184]
INFO 48:52.752: State.LEADER::3 Sending 0004.AppendEntries[183:185]
INFO 48:52.752: State.LEADER::3 Sending 0000.AppendEntries[182:185]
INFO 48:52.752: State.LEADER::3 Sending 0002.AppendEntries[183:185]
INFO 48:52.752: State.LEADER::3 Sending 0003.AppendEntries[183:185]
INFO 48:52.752: State.LEADER::3 Committing entry 182
INFO 48:52.753: State.LEADER::3 Applying 183
INFO 48:52.753: State.LEADER::3 Committing entry 183
INFO 48:52.753: State.LEADER::3 Applying 184
INFO 48:52.851: State.LEADER::3 Sending 0004.AppendEntries[185:186]
INFO 48:52.851: State.LEADER::3 Sending 0000.AppendEntries[185:186]
INFO 48:52.851: State.LEADER::3 Sending 0002.AppendEntries[184:186]
INFO 48:52.851: State.LEADER::3 Sending 0003.AppendEntries[185:186]
INFO 48:52.852: State.LEADER::3 Sending 0004.AppendEntries[185:187]
INFO 48:52.852: State.LEADER::3 Sending 0000.AppendEntries[185:187]
INFO 48:52.852: State.LEADER::3 Sending 0002.AppendEntries[184:187]
INFO 48:52.852: State.LEADER::3 Sending 0003.AppendEntries[185:187]
INFO 48:52.853: State.LEADER::3 Committing entry 184
INFO 48:52.853: State.LEADER::3 Applying 185
INFO 48:52.853: State.LEADER::3 Committing entry 185
INFO 48:52.853: State.LEADER::3 Applying 186
INFO 48:52.951: State.LEADER::3 Sending 0004.AppendEntries[187:188]
INFO 48:52.951: State.LEADER::3 Sending 0000.AppendEntries[187:188]
INFO 48:52.951: State.LEADER::3 Sending 0002.AppendEntries[187:188]
INFO 48:52.951: State.LEADER::3 Sending 0003.AppendEntries[187:188]
INFO 48:52.952: State.LEADER::3 Committing entry 186
INFO 48:52.952: State.LEADER::3 Applying 187
INFO 48:53.051: State.LEADER::3 Sending 0004.AppendEntries[188:189]
INFO 48:53.051: State.LEADER::3 Sending 0000.AppendEntries[188:189]
INFO 48:53.051: State.LEADER::3 Sending 0002.AppendEntries[188:189]
INFO 48:53.051: State.LEADER::3 Sending 0003.AppendEntries[188:189]
INFO 48:53.052: State.LEADER::3 Committing entry 187
INFO 48:53.052: State.LEADER::3 Applying 188
INFO 48:53.151: State.LEADER::3 Sending 0004.AppendEntries[189:190]
INFO 48:53.151: State.LEADER::3 Sending 0000.AppendEntries[189:190]
INFO 48:53.151: State.LEADER::3 Sending 0002.AppendEntries[189:190]
INFO 48:53.151: State.LEADER::3 Sending 0003.AppendEntries[189:190]
INFO 48:53.152: State.LEADER::3 Committing entry 188
INFO 48:53.152: State.LEADER::3 Applying 189
INFO 48:53.152: State.LEADER::3 Sending 0004.AppendEntries[190:191]
INFO 48:53.152: State.LEADER::3 Sending 0000.AppendEntries[190:191]
INFO 48:53.153: State.LEADER::3 Sending 0002.AppendEntries[190:191]
INFO 48:53.153: State.LEADER::3 Sending 0003.AppendEntries[189:191]
INFO 48:53.153: State.LEADER::3 Committing entry 189
INFO 48:53.153: State.LEADER::3 Applying 190
INFO 48:53.251: State.LEADER::3 Sending 0004.AppendEntries[190:192]
INFO 48:53.251: State.LEADER::3 Sending 0000.AppendEntries[191:192]
INFO 48:53.251: State.LEADER::3 Sending 0002.AppendEntries[191:192]
INFO 48:53.251: State.LEADER::3 Sending 0003.AppendEntries[191:192]
INFO 48:53.252: State.LEADER::3 Committing entry 190
INFO 48:53.252: State.LEADER::3 Applying 191
INFO 48:53.351: State.LEADER::3 Sending 0004.AppendEntries[191:193]
INFO 48:53.351: State.LEADER::3 Sending 0000.AppendEntries[192:193]
INFO 48:53.351: State.LEADER::3 Sending 0002.AppendEntries[192:193]
INFO 48:53.351: State.LEADER::3 Sending 0003.AppendEntries[192:193]
INFO 48:53.352: State.LEADER::3 Sending 0004.AppendEntries[191:194]
INFO 48:53.352: State.LEADER::3 Sending 0000.AppendEntries[192:194]
INFO 48:53.352: State.LEADER::3 Sending 0002.AppendEntries[192:194]
INFO 48:53.352: State.LEADER::3 Sending 0003.AppendEntries[192:194]
INFO 48:53.352: State.LEADER::3 Committing entry 191
INFO 48:53.353: State.LEADER::3 Applying 192
INFO 48:53.353: State.LEADER::3 Committing entry 192
INFO 48:53.353: State.LEADER::3 Applying 193
INFO 48:53.451: State.LEADER::3 Sending 0004.AppendEntries[194:195]
INFO 48:53.451: State.LEADER::3 Sending 0000.AppendEntries[194:195]
INFO 48:53.451: State.LEADER::3 Sending 0002.AppendEntries[194:195]
INFO 48:53.451: State.LEADER::3 Sending 0003.AppendEntries[194:195]
INFO 48:53.452: State.LEADER::3 Sending 0004.AppendEntries[194:196]
INFO 48:53.452: State.LEADER::3 Sending 0000.AppendEntries[194:196]
INFO 48:53.452: State.LEADER::3 Sending 0002.AppendEntries[194:196]
INFO 48:53.452: State.LEADER::3 Sending 0003.AppendEntries[194:196]
INFO 48:53.453: State.LEADER::3 Committing entry 193
INFO 48:53.453: State.LEADER::3 Applying 194
INFO 48:53.453: State.LEADER::3 Committing entry 194
INFO 48:53.453: State.LEADER::3 Applying 195
INFO 48:53.551: State.LEADER::3 Sending 0004.AppendEntries[196:197]
INFO 48:53.551: State.LEADER::3 Sending 0000.AppendEntries[196:197]
INFO 48:53.551: State.LEADER::3 Sending 0002.AppendEntries[196:197]
INFO 48:53.551: State.LEADER::3 Sending 0003.AppendEntries[196:197]
INFO 48:53.552: State.LEADER::3 Sending 0004.AppendEntries[196:198]
INFO 48:53.552: State.LEADER::3 Sending 0000.AppendEntries[196:198]
INFO 48:53.552: State.LEADER::3 Sending 0002.AppendEntries[196:198]
INFO 48:53.552: State.LEADER::3 Sending 0003.AppendEntries[196:198]
INFO 48:53.552: State.LEADER::3 Committing entry 195
INFO 48:53.553: State.LEADER::3 Applying 196
INFO 48:53.553: State.LEADER::3 Committing entry 196
INFO 48:53.553: State.LEADER::3 Applying 197
INFO 48:53.652: State.LEADER::3 Decremeting 0000.next_idx 196
INFO 48:53.652: State.LEADER::3 Sending 0000.AppendEntries[196:198]
INFO 48:53.751: State.LEADER::3 Sending 0004.AppendEntries[198:199]
INFO 48:53.751: State.LEADER::3 Sending 0000.AppendEntries[198:199]
INFO 48:53.751: State.LEADER::3 Sending 0002.AppendEntries[198:199]
INFO 48:53.751: State.LEADER::3 Sending 0003.AppendEntries[198:199]
INFO 48:53.752: State.LEADER::3 Committing entry 197
INFO 48:53.752: State.LEADER::3 Applying 198
INFO 48:53.851: State.LEADER::3 Sending 0004.AppendEntries[199:200]
INFO 48:53.851: State.LEADER::3 Sending 0000.AppendEntries[199:200]
INFO 48:53.851: State.LEADER::3 Sending 0002.AppendEntries[199:200]
INFO 48:53.852: State.LEADER::3 Sending 0003.AppendEntries[199:200]
INFO 48:53.852: State.LEADER::3 Sending 0004.AppendEntries[199:201]
INFO 48:53.852: State.LEADER::3 Sending 0000.AppendEntries[199:201]
INFO 48:53.852: State.LEADER::3 Sending 0002.AppendEntries[199:201]
INFO 48:53.852: State.LEADER::3 Sending 0003.AppendEntries[199:201]
INFO 48:53.853: State.LEADER::3 Committing entry 198
INFO 48:53.853: State.LEADER::3 Applying 199
INFO 48:53.853: State.LEADER::3 Committing entry 199
INFO 48:53.854: State.LEADER::3 Applying 200
INFO 48:53.951: State.LEADER::3 Sending 0004.AppendEntries[201:202]
INFO 48:53.951: State.LEADER::3 Sending 0000.AppendEntries[201:202]
INFO 48:53.951: State.LEADER::3 Sending 0002.AppendEntries[201:202]
INFO 48:53.952: State.LEADER::3 Sending 0003.AppendEntries[201:202]
INFO 48:53.952: State.LEADER::3 Committing entry 200
INFO 48:53.952: State.LEADER::3 Applying 201
INFO 48:54.051: State.LEADER::3 Sending 0004.AppendEntries[202:203]
INFO 48:54.051: State.LEADER::3 Sending 0000.AppendEntries[202:203]
INFO 48:54.051: State.LEADER::3 Sending 0002.AppendEntries[202:203]
INFO 48:54.051: State.LEADER::3 Sending 0003.AppendEntries[202:203]
INFO 48:54.052: State.LEADER::3 Committing entry 201
INFO 48:54.052: State.LEADER::3 Applying 202
INFO 48:54.151: State.LEADER::3 Sending 0004.AppendEntries[202:204]
INFO 48:54.151: State.LEADER::3 Sending 0000.AppendEntries[203:204]
INFO 48:54.151: State.LEADER::3 Sending 0002.AppendEntries[203:204]
INFO 48:54.152: State.LEADER::3 Sending 0003.AppendEntries[203:204]
INFO 48:54.152: State.LEADER::3 Sending 0004.AppendEntries[202:205]
INFO 48:54.152: State.LEADER::3 Sending 0000.AppendEntries[203:205]
INFO 48:54.152: State.LEADER::3 Sending 0002.AppendEntries[203:205]
INFO 48:54.152: State.LEADER::3 Sending 0003.AppendEntries[203:205]
INFO 48:54.153: State.LEADER::3 Committing entry 202
INFO 48:54.153: State.LEADER::3 Applying 203
INFO 48:54.153: State.LEADER::3 Committing entry 203
INFO 48:54.153: State.LEADER::3 Applying 204
INFO 48:54.251: State.LEADER::3 Sending 0004.AppendEntries[205:206]
INFO 48:54.251: State.LEADER::3 Sending 0000.AppendEntries[205:206]
INFO 48:54.251: State.LEADER::3 Sending 0002.AppendEntries[205:206]
INFO 48:54.251: State.LEADER::3 Sending 0003.AppendEntries[205:206]
INFO 48:54.252: State.LEADER::3 Sending 0004.AppendEntries[205:207]
INFO 48:54.252: State.LEADER::3 Sending 0000.AppendEntries[205:207]
INFO 48:54.252: State.LEADER::3 Sending 0002.AppendEntries[205:207]
INFO 48:54.252: State.LEADER::3 Sending 0003.AppendEntries[205:207]
INFO 48:54.253: State.LEADER::3 Committing entry 204
INFO 48:54.253: State.LEADER::3 Applying 205
INFO 48:54.253: State.LEADER::3 Committing entry 205
INFO 48:54.253: State.LEADER::3 Applying 206
INFO 48:54.351: State.LEADER::3 Sending 0004.AppendEntries[207:208]
INFO 48:54.351: State.LEADER::3 Sending 0000.AppendEntries[206:208]
INFO 48:54.351: State.LEADER::3 Sending 0002.AppendEntries[207:208]
INFO 48:54.351: State.LEADER::3 Sending 0003.AppendEntries[207:208]
INFO 48:54.352: State.LEADER::3 Sending 0004.AppendEntries[207:209]
INFO 48:54.352: State.LEADER::3 Sending 0000.AppendEntries[206:209]
INFO 48:54.352: State.LEADER::3 Sending 0002.AppendEntries[207:209]
INFO 48:54.352: State.LEADER::3 Sending 0003.AppendEntries[207:209]
INFO 48:54.353: State.LEADER::3 Committing entry 206
INFO 48:54.353: State.LEADER::3 Applying 207
INFO 48:54.353: State.LEADER::3 Committing entry 207
INFO 48:54.353: State.LEADER::3 Applying 208
INFO 48:54.451: State.LEADER::3 Sending 0004.AppendEntries[209:210]
INFO 48:54.451: State.LEADER::3 Sending 0000.AppendEntries[209:210]
INFO 48:54.451: State.LEADER::3 Sending 0002.AppendEntries[209:210]
INFO 48:54.452: State.LEADER::3 Sending 0003.AppendEntries[209:210]
INFO 48:54.452: State.LEADER::3 Committing entry 208
INFO 48:54.452: State.LEADER::3 Applying 209
INFO 48:54.452: State.LEADER::3 Sending 0004.AppendEntries[210:211]
INFO 48:54.452: State.LEADER::3 Sending 0000.AppendEntries[210:211]
INFO 48:54.453: State.LEADER::3 Sending 0002.AppendEntries[209:211]
INFO 48:54.453: State.LEADER::3 Sending 0003.AppendEntries[209:211]
INFO 48:54.453: State.LEADER::3 Committing entry 209
INFO 48:54.453: State.LEADER::3 Applying 210
INFO 48:54.551: State.LEADER::3 Sending 0004.AppendEntries[210:212]
INFO 48:54.551: State.LEADER::3 Sending 0000.AppendEntries[211:212]
INFO 48:54.551: State.LEADER::3 Sending 0002.AppendEntries[211:212]
INFO 48:54.551: State.LEADER::3 Sending 0003.AppendEntries[211:212]
INFO 48:54.552: State.LEADER::3 Decremeting 0004.next_idx 209
INFO 48:54.552: State.LEADER::3 Sending 0004.AppendEntries[209:212]
INFO 48:54.552: State.LEADER::3 Committing entry 210
INFO 48:54.552: State.LEADER::3 Applying 211
INFO 48:54.651: State.LEADER::3 Sending 0004.AppendEntries[212:213]
INFO 48:54.651: State.LEADER::3 Sending 0000.AppendEntries[212:213]
INFO 48:54.651: State.LEADER::3 Sending 0002.AppendEntries[212:213]
INFO 48:54.651: State.LEADER::3 Sending 0003.AppendEntries[212:213]
INFO 48:54.652: State.LEADER::3 Committing entry 211
INFO 48:54.652: State.LEADER::3 Applying 212
INFO 48:54.751: State.LEADER::3 Sending 0004.AppendEntries[213:214]
INFO 48:54.751: State.LEADER::3 Sending 0000.AppendEntries[213:214]
INFO 48:54.751: State.LEADER::3 Sending 0002.AppendEntries[213:214]
INFO 48:54.751: State.LEADER::3 Sending 0003.AppendEntries[212:214]
INFO 48:54.752: State.LEADER::3 Sending 0004.AppendEntries[213:215]
INFO 48:54.752: State.LEADER::3 Sending 0000.AppendEntries[213:215]
INFO 48:54.752: State.LEADER::3 Sending 0002.AppendEntries[213:215]
INFO 48:54.752: State.LEADER::3 Sending 0003.AppendEntries[212:215]
INFO 48:54.753: State.LEADER::3 Committing entry 212
INFO 48:54.753: State.LEADER::3 Applying 213
INFO 48:54.753: State.LEADER::3 Committing entry 213
INFO 48:54.753: State.LEADER::3 Applying 214
INFO 48:54.851: State.LEADER::3 Sending 0004.AppendEntries[214:216]
INFO 48:54.851: State.LEADER::3 Sending 0000.AppendEntries[215:216]
INFO 48:54.851: State.LEADER::3 Sending 0002.AppendEntries[215:216]
INFO 48:54.852: State.LEADER::3 Sending 0003.AppendEntries[215:216]
INFO 48:54.852: State.LEADER::3 Sending 0004.AppendEntries[214:217]
INFO 48:54.852: State.LEADER::3 Sending 0000.AppendEntries[215:217]
INFO 48:54.852: State.LEADER::3 Sending 0002.AppendEntries[215:217]
INFO 48:54.852: State.LEADER::3 Sending 0003.AppendEntries[215:217]
INFO 48:54.852: State.LEADER::3 Decremeting 0004.next_idx 213
INFO 48:54.852: State.LEADER::3 Sending 0004.AppendEntries[213:217]
INFO 48:54.853: State.LEADER::3 Committing entry 214
INFO 48:54.853: State.LEADER::3 Applying 215
INFO 48:54.853: State.LEADER::3 Committing entry 215
INFO 48:54.853: State.LEADER::3 Applying 216
INFO 48:54.951: State.LEADER::3 Sending 0004.AppendEntries[217:218]
INFO 48:54.951: State.LEADER::3 Sending 0000.AppendEntries[217:218]
INFO 48:54.951: State.LEADER::3 Sending 0002.AppendEntries[217:218]
INFO 48:54.951: State.LEADER::3 Sending 0003.AppendEntries[217:218]
INFO 48:54.952: State.LEADER::3 Sending 0004.AppendEntries[217:219]
INFO 48:54.952: State.LEADER::3 Sending 0000.AppendEntries[217:219]
INFO 48:54.952: State.LEADER::3 Sending 0002.AppendEntries[217:219]
INFO 48:54.952: State.LEADER::3 Sending 0003.AppendEntries[217:219]
INFO 48:54.952: State.LEADER::3 Committing entry 216
INFO 48:54.953: State.LEADER::3 Applying 217
INFO 48:54.953: State.LEADER::3 Committing entry 217
INFO 48:54.953: State.LEADER::3 Applying 218
INFO 48:55.114: State.LEADER::3 Sending 0004.AppendEntries[219:220]
INFO 48:55.114: State.LEADER::3 Sending 0000.AppendEntries[219:220]
INFO 48:55.114: State.LEADER::3 Sending 0002.AppendEntries[219:220]
INFO 48:55.114: State.LEADER::3 Sending 0003.AppendEntries[219:220]
INFO 48:55.115: State.LEADER::3 Reverting to FOLLOWER, Term 4.fail from 0000
INFO 48:55.115: State.FOLLOWER::4 <- State.LEADER::3
INFO 48:55.215: State.FOLLOWER::4 0016.put redirected to 0004
INFO 48:55.216: State.FOLLOWER::4 001B.put redirected to 0004
INFO 48:55.216: State.FOLLOWER::4 Deleting entries [219:]
INFO 48:55.217: State.FOLLOWER::4 Deleting entries [219:]
INFO 48:55.315: State.FOLLOWER::4 0017.put redirected to 0004
INFO 48:55.316: State.FOLLOWER::4 001A.get redirected to 0004
INFO 48:55.316: State.FOLLOWER::4 Applying [219, 220]
INFO 48:55.415: State.FOLLOWER::4 0018.put redirected to 0004
INFO 48:55.416: State.FOLLOWER::4 Applying 221
INFO 48:55.417: State.FOLLOWER::4 Deleting entries [222:]
INFO 48:55.515: State.FOLLOWER::4 001C.put redirected to 0004
INFO 48:55.516: State.FOLLOWER::4 Applying [222, 223]
INFO 48:55.517: State.FOLLOWER::4 Deleting entries [224:]
INFO 48:55.616: State.FOLLOWER::4 Applying [224, 225]
INFO 48:55.616: State.FOLLOWER::4 Deleting entries [225:]
INFO 48:55.716: State.FOLLOWER::4 Applying 226
INFO 48:55.717: State.FOLLOWER::4 Deleting entries [227:]
INFO 48:55.816: State.FOLLOWER::4 Applying [227, 228]
INFO 48:55.916: State.FOLLOWER::4 Failing 0004.append_entries (index 230>229)
INFO 48:55.916: State.FOLLOWER::4 Applying [229, 230]
INFO 48:55.917: State.FOLLOWER::4 Deleting entries [230:]
INFO 48:55.917: State.FOLLOWER::4 Deleting entries [229:]
INFO 48:56.016: State.FOLLOWER::4 0019.put redirected to 0004
INFO 48:56.016: State.FOLLOWER::4 Applying [231, 232]
INFO 48:56.017: State.FOLLOWER::4 Deleting entries [233:]
INFO 48:56.115: State.FOLLOWER::4 0015.put redirected to 0004
INFO 48:56.116: State.FOLLOWER::4 Applying [233, 234]
INFO 48:56.117: State.FOLLOWER::4 Deleting entries [235:]
INFO 48:56.216: State.FOLLOWER::4 Applying [235, 236]
INFO 48:56.316: State.FOLLOWER::4 Applying 237
INFO 48:56.416: State.FOLLOWER::4 Applying 238
INFO 48:56.516: State.FOLLOWER::4 Applying 239
INFO 48:56.517: State.FOLLOWER::4 Deleting entries [240:]
INFO 48:56.616: State.FOLLOWER::4 Applying [240, 241]
INFO 48:56.617: State.FOLLOWER::4 Deleting entries [242:]
INFO 48:56.716: State.FOLLOWER::4 Applying [242, 243]
INFO 48:56.777: State.FOLLOWER::4 Reverting to FOLLOWER, Term 5.request_vote from 0003
INFO 48:56.777: State.FOLLOWER::5 <- State.FOLLOWER::4
INFO 48:56.777: State.FOLLOWER::5 Term 5 Voted for 0003
INFO 48:56.777: State.FOLLOWER::5 Failed {'001A.put'}
INFO 48:56.779: State.FOLLOWER::5 Deleting entries [242:]
INFO 48:56.878: State.FOLLOWER::5 Applying 244
INFO 48:56.979: State.FOLLOWER::5 Applying [245, 246]
INFO 48:57.078: State.FOLLOWER::5 Failing 0003.append_entries (index 248>247)
INFO 48:57.079: State.FOLLOWER::5 Applying [247, 248]
INFO 48:57.080: State.FOLLOWER::5 Deleting entries [248:]
INFO 48:57.080: State.FOLLOWER::5 Deleting entries [247:]
INFO 48:57.179: State.FOLLOWER::5 Applying [249, 250]
INFO 48:57.180: State.FOLLOWER::5 Deleting entries [251:]
INFO 48:57.279: State.FOLLOWER::5 Applying [251, 252]
INFO 48:57.280: State.FOLLOWER::5 Deleting entries [253:]
INFO 48:57.378: State.FOLLOWER::5 Applying [253, 254]
INFO 48:57.478: State.FOLLOWER::5 Applying 255
INFO 48:57.579: State.FOLLOWER::5 Applying [256, 257]
INFO 48:57.579: State.FOLLOWER::5 Deleting entries [258:]
INFO 48:57.678: State.FOLLOWER::5 Applying [258, 259]
INFO 48:57.679: State.FOLLOWER::5 Deleting entries [259:]
INFO 48:57.679: State.FOLLOWER::5 Deleting entries [259:]
INFO 48:57.779: State.FOLLOWER::5 Applying [260, 261]
INFO 48:57.879: State.FOLLOWER::5 Applying 262
INFO 48:57.978: State.FOLLOWER::5 Failing 0003.append_entries (index 264>263)
INFO 48:57.979: State.FOLLOWER::5 Applying [263, 264]
INFO 48:57.979: State.FOLLOWER::5 Deleting entries [264:]
INFO 48:58.079: State.FOLLOWER::5 Applying [265, 266]
INFO 48:58.178: State.FOLLOWER::5 Applying 267
INFO 48:58.179: State.FOLLOWER::5 Deleting entries [268:]
INFO 48:58.278: State.FOLLOWER::5 Applying [268, 269]
INFO 48:58.279: State.FOLLOWER::5 Deleting entries [270:]
INFO 48:58.379: State.FOLLOWER::5 Applying [270, 271]
INFO 48:58.479: State.FOLLOWER::5 Applying 272
INFO 48:58.480: State.FOLLOWER::5 Deleting entries [273:]
INFO 48:58.579: State.FOLLOWER::5 Applying [273, 274]
INFO 48:58.679: State.FOLLOWER::5 Applying 275
INFO 48:58.779: State.FOLLOWER::5 Applying 276
INFO 48:58.779: State.FOLLOWER::5 Deleting entries [277:]
INFO 48:58.878: State.FOLLOWER::5 Applying [277, 278]
INFO 48:58.979: State.FOLLOWER::5 Deleting entries [279:]
INFO 48:59.079: State.FOLLOWER::5 Applying [279, 280]
INFO 48:59.179: State.FOLLOWER::5 Applying 281
INFO 48:59.278: State.FOLLOWER::5 Failing 0003.append_entries (index 283>282)
INFO 48:59.279: State.FOLLOWER::5 Applying [282, 283]
INFO 48:59.279: State.FOLLOWER::5 Deleting entries [283:]
INFO 48:59.280: State.FOLLOWER::5 Deleting entries [282:]
INFO 48:59.378: State.FOLLOWER::5 Applying [284, 285]
INFO 48:59.379: State.FOLLOWER::5 Deleting entries [286:]
INFO 48:59.478: State.FOLLOWER::5 Applying [286, 287]
INFO 48:59.480: State.FOLLOWER::5 Deleting entries [288:]
INFO 48:59.579: State.FOLLOWER::5 Applying [288, 289]
INFO 48:59.678: State.FOLLOWER::5 Applying 290
INFO 48:59.679: State.FOLLOWER::5 Deleting entries [290:]
INFO 48:59.679: State.FOLLOWER::5 Deleting entries [290:]
INFO 48:59.779: State.FOLLOWER::5 Applying [291, 292]
INFO 48:59.779: State.FOLLOWER::5 Deleting entries [293:]
INFO 48:59.879: State.FOLLOWER::5 Applying [293, 294]
INFO 48:59.880: State.FOLLOWER::5 Deleting entries [295:]
INFO 48:59.978: State.FOLLOWER::5 Applying [295, 296]
INFO 49:00.079: State.FOLLOWER::5 Applying 297
INFO 49:00.080: State.FOLLOWER::5 Deleting entries [298:]
INFO 49:00.179: State.FOLLOWER::5 Applying [298, 299]
INFO 49:00.180: State.FOLLOWER::5 Deleting entries [300:]
INFO 49:00.279: State.FOLLOWER::5 Applying [300, 301]
INFO 49:00.479: State.FOLLOWER::5 Applying 302
INFO 49:00.579: State.FOLLOWER::5 Applying 303
INFO 49:00.580: State.FOLLOWER::5 Deleting entries [304:]
INFO 49:00.679: State.FOLLOWER::5 Applying [304, 305]
INFO 49:00.680: State.FOLLOWER::5 Deleting entries [306:]
INFO 49:00.779: State.FOLLOWER::5 Applying [306, 307]
INFO 49:00.879: State.FOLLOWER::5 Applying 308
INFO 49:00.979: State.FOLLOWER::5 Applying 309
INFO 49:01.079: State.FOLLOWER::5 Applying 310
INFO 49:01.080: State.FOLLOWER::5 Deleting entries [311:]
INFO 49:01.179: State.FOLLOWER::5 Applying [311, 312]
INFO 49:01.278: State.FOLLOWER::5 Applying 313
INFO 49:01.279: State.FOLLOWER::5 Deleting entries [314:]
INFO 49:01.379: State.FOLLOWER::5 Applying [314, 315]
INFO 49:01.380: State.FOLLOWER::5 Deleting entries [316:]
INFO 49:01.479: State.FOLLOWER::5 Applying [316, 317]
INFO 49:01.480: State.FOLLOWER::5 Deleting entries [318:]
INFO 49:01.579: State.FOLLOWER::5 Applying 318
INFO 49:01.678: State.FOLLOWER::5 Applying [319, 320]
INFO 49:01.779: State.FOLLOWER::5 Applying 321
INFO 49:01.879: State.FOLLOWER::5 Applying 322
INFO 49:01.880: State.FOLLOWER::5 Deleting entries [323:]
INFO 49:01.979: State.FOLLOWER::5 Applying [323, 324]
INFO 49:01.980: State.FOLLOWER::5 Deleting entries [325:]
INFO 49:02.079: State.FOLLOWER::5 Applying [325, 326]
INFO 49:02.179: State.FOLLOWER::5 Applying 327
INFO 49:02.179: State.FOLLOWER::5 Deleting entries [327:]
INFO 49:02.180: State.FOLLOWER::5 Deleting entries [327:]
INFO 49:02.279: State.FOLLOWER::5 Applying [328, 329]
INFO 49:02.379: State.FOLLOWER::5 Applying [330, 331]
INFO 49:02.380: State.FOLLOWER::5 Deleting entries [332:]
INFO 49:02.479: State.FOLLOWER::5 Applying [332, 333]
INFO 49:02.480: State.FOLLOWER::5 Deleting entries [334:]
INFO 49:02.579: State.FOLLOWER::5 Applying [334, 335]
INFO 49:02.580: State.FOLLOWER::5 Deleting entries [336:]
INFO 49:02.679: State.FOLLOWER::5 Applying [336, 337]
INFO 49:02.680: State.FOLLOWER::5 Deleting entries [338:]
INFO 49:02.779: State.FOLLOWER::5 Applying [338, 339]
INFO 49:02.780: State.FOLLOWER::5 Deleting entries [340:]
INFO 49:02.879: State.FOLLOWER::5 Applying [340, 341]
INFO 49:02.880: State.FOLLOWER::5 Deleting entries [342:]
INFO 49:02.978: State.FOLLOWER::5 Applying [342, 343]
INFO 49:03.080: State.FOLLOWER::5 Deleting entries [344:]
INFO 49:03.179: State.FOLLOWER::5 Applying [344, 345]
INFO 49:03.279: State.FOLLOWER::5 Applying 346
INFO 49:03.379: State.FOLLOWER::5 Failing 0003.append_entries (index 348>347)
INFO 49:03.379: State.FOLLOWER::5 Deleting entries [347:]
INFO 49:03.379: State.FOLLOWER::5 Applying [347, 348]
INFO 49:03.480: State.FOLLOWER::5 Deleting entries [349:]
INFO 49:03.579: State.FOLLOWER::5 Applying [349, 350]
INFO 49:03.679: State.FOLLOWER::5 Applying [351, 352]
INFO 49:03.680: State.FOLLOWER::5 Deleting entries [353:]
INFO 49:03.779: State.FOLLOWER::5 Applying [353, 354]
INFO 49:03.879: State.FOLLOWER::5 Applying 355
INFO 49:03.879: State.FOLLOWER::5 Deleting entries [356:]
INFO 49:03.979: State.FOLLOWER::5 Applying [356, 357]
INFO 49:03.980: State.FOLLOWER::5 Deleting entries [358:]
INFO 49:04.079: State.FOLLOWER::5 Applying [358, 359]
INFO 49:04.179: State.FOLLOWER::5 Applying 360
INFO 49:04.180: State.FOLLOWER::5 Deleting entries [361:]
INFO 49:04.279: State.FOLLOWER::5 Applying [361, 362]
INFO 49:04.380: State.FOLLOWER::5 Deleting entries [363:]
INFO 49:04.479: State.FOLLOWER::5 Applying [363, 364]
INFO 49:04.579: State.FOLLOWER::5 Applying 365
INFO 49:04.580: State.FOLLOWER::5 Deleting entries [366:]
INFO 49:04.679: State.FOLLOWER::5 Applying [366, 367]
INFO 49:04.779: State.FOLLOWER::5 Applying 368
INFO 49:04.780: State.FOLLOWER::5 Deleting entries [369:]
INFO 49:04.879: State.FOLLOWER::5 Applying [369, 370]
INFO 49:04.880: State.FOLLOWER::5 Deleting entries [371:]
INFO 49:04.979: State.FOLLOWER::5 Applying [371, 372]
INFO 49:04.980: State.FOLLOWER::5 Deleting entries [373:]
INFO 49:05.079: State.FOLLOWER::5 Applying [373, 374]
INFO 49:05.179: State.FOLLOWER::5 Applying 375
INFO 49:05.180: State.FOLLOWER::5 Deleting entries [376:]
INFO 49:05.279: State.FOLLOWER::5 Applying [376, 377]
INFO 49:05.280: State.FOLLOWER::5 Deleting entries [378:]
INFO 49:05.379: State.FOLLOWER::5 Applying [378, 379]
INFO 49:05.380: State.FOLLOWER::5 Deleting entries [380:]
INFO 49:05.479: State.FOLLOWER::5 Applying [380, 381]
INFO 49:05.579: State.FOLLOWER::5 Applying 382
INFO 49:05.679: State.FOLLOWER::5 Applying 383
INFO 49:05.780: State.FOLLOWER::5 Deleting entries [384:]
INFO 49:05.879: State.FOLLOWER::5 Applying [384, 385]
INFO 49:05.979: State.FOLLOWER::5 Applying 386
INFO 49:05.980: State.FOLLOWER::5 Deleting entries [387:]
INFO 49:06.079: State.FOLLOWER::5 Applying [387, 388]
INFO 49:06.080: State.FOLLOWER::5 Deleting entries [389:]
INFO 49:06.179: State.FOLLOWER::5 Applying [389, 390]
INFO 49:06.180: State.FOLLOWER::5 Deleting entries [391:]
INFO 49:06.279: State.FOLLOWER::5 Applying [391, 392]
INFO 49:06.280: State.FOLLOWER::5 Deleting entries [393:]
INFO 49:06.379: State.FOLLOWER::5 Applying [393, 394]
INFO 49:06.479: State.FOLLOWER::5 Applying [395, 396]
INFO 49:06.579: State.FOLLOWER::5 Applying 397
INFO 49:06.580: State.FOLLOWER::5 Deleting entries [398:]
INFO 49:06.679: State.FOLLOWER::5 Applying [398, 399]
INFO 49:08.039: State.FOLLOWER::5 Reverting to FOLLOWER, Term 6.request_vote from 0004
INFO 49:08.039: State.FOLLOWER::6 <- State.FOLLOWER::5
INFO 49:08.039: State.FOLLOWER::6 Term 6 Voted for 0004
