INFO 48:38.728: State.FOLLOWER::0 <- None::0
INFO 48:38.886: State.FOLLOWER::0 Reverting to FOLLOWER, Term 1.request_vote from 0000
INFO 48:38.886: State.FOLLOWER::1 <- State.FOLLOWER::0
INFO 48:38.886: State.FOLLOWER::1 Term 1 Voted for 0000
INFO 48:39.873: State.CANDIDATE::2 <- State.FOLLOWER::1
INFO 48:39.875: State.LEADER::2 <- State.CANDIDATE::2
INFO 48:40.450: State.LEADER::2 Reverting to FOLLOWER, Term 3.request_vote from 0001
INFO 48:40.450: State.FOLLOWER::3 <- State.LEADER::2
INFO 48:40.450: State.FOLLOWER::3 Term 3 Voted for 0001
INFO 48:40.751: State.FOLLOWER::3 Applying 1
INFO 48:40.752: State.FOLLOWER::3 Deleting entries [2:]
INFO 48:40.851: State.FOLLOWER::3 Applying [2, 3]
INFO 48:40.951: State.FOLLOWER::3 0016.put redirected to 0001
INFO 48:40.951: State.FOLLOWER::3 001A.put redirected to 0001
INFO 48:40.951: State.FOLLOWER::3 Applying 4
INFO 48:40.952: State.FOLLOWER::3 Deleting entries [5:]
INFO 48:41.051: State.FOLLOWER::3 Applying [5, 6]
INFO 48:41.052: State.FOLLOWER::3 Deleting entries [7:]
INFO 48:41.151: State.FOLLOWER::3 Applying [7, 8]
INFO 48:41.251: State.FOLLOWER::3 Applying 9
INFO 48:41.252: State.FOLLOWER::3 Deleting entries [10:]
INFO 48:41.351: State.FOLLOWER::3 Applying [10, 11]
INFO 48:41.352: State.FOLLOWER::3 Deleting entries [12:]
INFO 48:41.451: State.FOLLOWER::3 Applying [12, 13]
INFO 48:41.551: State.FOLLOWER::3 Applying 14
INFO 48:41.651: State.FOLLOWER::3 Applying 15
INFO 48:41.653: State.FOLLOWER::3 Deleting entries [16:]
INFO 48:41.751: State.FOLLOWER::3 Applying [16, 17]
INFO 48:41.851: State.FOLLOWER::3 Failing 0001.append_entries (index 19>18)
INFO 48:41.852: State.FOLLOWER::3 Applying [18, 19]
INFO 48:41.852: State.FOLLOWER::3 Deleting entries [18:]
INFO 48:41.951: State.FOLLOWER::3 Applying 20
INFO 48:41.952: State.FOLLOWER::3 Deleting entries [21:]
INFO 48:42.051: State.FOLLOWER::3 Applying [21, 22]
INFO 48:42.052: State.FOLLOWER::3 Deleting entries [23:]
INFO 48:42.151: State.FOLLOWER::3 Applying [23, 24]
INFO 48:42.152: State.FOLLOWER::3 Deleting entries [25:]
INFO 48:42.251: State.FOLLOWER::3 Applying [25, 26]
INFO 48:42.252: State.FOLLOWER::3 Deleting entries [27:]
INFO 48:42.351: State.FOLLOWER::3 Applying [27, 28]
INFO 48:42.352: State.FOLLOWER::3 Deleting entries [29:]
INFO 48:42.451: State.FOLLOWER::3 Applying [29, 30]
INFO 48:42.452: State.FOLLOWER::3 Deleting entries [31:]
INFO 48:42.551: State.FOLLOWER::3 Applying [31, 32]
INFO 48:42.552: State.FOLLOWER::3 Deleting entries [32:]
INFO 48:42.651: State.FOLLOWER::3 Applying 33
INFO 48:42.751: State.FOLLOWER::3 Applying 34
INFO 48:42.852: State.FOLLOWER::3 Deleting entries [35:]
INFO 48:42.951: State.FOLLOWER::3 Applying [35, 36]
INFO 48:42.952: State.FOLLOWER::3 Deleting entries [37:]
INFO 48:43.051: State.FOLLOWER::3 Applying [37, 38]
INFO 48:43.151: State.FOLLOWER::3 Applying 39
INFO 48:43.251: State.FOLLOWER::3 Failing 0001.append_entries (index 41>40)
INFO 48:43.252: State.FOLLOWER::3 Applying [40, 41]
INFO 48:43.252: State.FOLLOWER::3 Deleting entries [41:]
INFO 48:43.253: State.FOLLOWER::3 Deleting entries [40:]
INFO 48:43.351: State.FOLLOWER::3 Applying [42, 43]
INFO 48:43.352: State.FOLLOWER::3 Deleting entries [44:]
INFO 48:43.452: State.FOLLOWER::3 Applying [44, 45]
INFO 48:43.453: State.FOLLOWER::3 Deleting entries [44:]
INFO 48:43.454: State.FOLLOWER::3 Deleting entries [44:]
INFO 48:43.551: State.FOLLOWER::3 Applying [46, 47]
INFO 48:43.552: State.FOLLOWER::3 Deleting entries [48:]
INFO 48:43.651: State.FOLLOWER::3 Applying [48, 49]
INFO 48:43.752: State.FOLLOWER::3 Applying 50
INFO 48:43.752: State.FOLLOWER::3 Deleting entries [51:]
INFO 48:43.851: State.FOLLOWER::3 Applying [51, 52]
INFO 48:43.951: State.FOLLOWER::3 Applying 53
INFO 48:44.051: State.FOLLOWER::3 Applying 54
INFO 48:44.251: State.FOLLOWER::3 Applying 55
INFO 48:44.252: State.FOLLOWER::3 Deleting entries [56:]
INFO 48:44.351: State.FOLLOWER::3 Applying [56, 57]
INFO 48:44.352: State.FOLLOWER::3 Deleting entries [58:]
INFO 48:44.451: State.FOLLOWER::3 Applying [58, 59]
INFO 48:44.551: State.FOLLOWER::3 Applying 60
INFO 48:44.651: State.FOLLOWER::3 Failing 0001.append_entries (index 62>61)
INFO 48:44.652: State.FOLLOWER::3 Deleting entries [61:]
INFO 48:44.652: State.FOLLOWER::3 Applying [61, 62]
INFO 48:44.851: State.FOLLOWER::3 Applying 63
INFO 48:44.852: State.FOLLOWER::3 Deleting entries [64:]
INFO 48:44.951: State.FOLLOWER::3 Applying [64, 65]
INFO 48:44.952: State.FOLLOWER::3 Deleting entries [66:]
INFO 48:45.051: State.FOLLOWER::3 Applying [66, 67]
INFO 48:45.052: State.FOLLOWER::3 Deleting entries [68:]
INFO 48:45.151: State.FOLLOWER::3 Applying [68, 69]
INFO 48:45.152: State.FOLLOWER::3 Deleting entries [70:]
INFO 48:45.251: State.FOLLOWER::3 Applying [70, 71]
INFO 48:45.252: State.FOLLOWER::3 Deleting entries [72:]
INFO 48:45.351: State.FOLLOWER::3 Applying [72, 73]
INFO 48:45.452: State.FOLLOWER::3 Deleting entries [74:]
INFO 48:45.552: State.FOLLOWER::3 Applying [74, 75]
INFO 48:45.651: State.FOLLOWER::3 Failing 0001.append_entries (index 77>76)
INFO 48:45.652: State.FOLLOWER::3 Applying [76, 77]
INFO 48:45.653: State.FOLLOWER::3 Deleting entries [77:]
INFO 48:45.653: State.FOLLOWER::3 Deleting entries [76:]
INFO 48:45.751: State.FOLLOWER::3 Applying [78, 79]
INFO 48:45.752: State.FOLLOWER::3 Deleting entries [80:]
INFO 48:45.851: State.FOLLOWER::3 Applying [80, 81]
INFO 48:45.852: State.FOLLOWER::3 Deleting entries [82:]
INFO 48:45.951: State.FOLLOWER::3 Applying [82, 83]
INFO 48:46.051: State.FOLLOWER::3 Applying 84
INFO 48:46.053: State.FOLLOWER::3 Deleting entries [85:]
INFO 48:46.151: State.FOLLOWER::3 Applying [85, 86]
INFO 48:46.152: State.FOLLOWER::3 Deleting entries [87:]
INFO 48:46.251: State.FOLLOWER::3 Applying [87, 88]
INFO 48:46.351: State.FOLLOWER::3 Applying 89
INFO 48:46.452: State.FOLLOWER::3 Deleting entries [90:]
INFO 48:46.551: State.FOLLOWER::3 Applying [90, 91]
INFO 48:46.651: State.FOLLOWER::3 Applying 92
INFO 48:46.653: State.FOLLOWER::3 Applying 93
INFO 48:46.751: State.FOLLOWER::3 Applying 94
INFO 48:46.851: State.FOLLOWER::3 Applying 95
INFO 48:46.951: State.FOLLOWER::3 Failing 0001.append_entries (index 96>95)
INFO 48:46.952: State.FOLLOWER::3 Applying 96
INFO 48:46.952: State.FOLLOWER::3 Deleting entries [96:]
INFO 48:47.051: State.FOLLOWER::3 Applying [97, 98]
INFO 48:47.151: State.FOLLOWER::3 Failing 0001.append_entries (index 100>99)
INFO 48:47.152: State.FOLLOWER::3 Applying [99, 100]
INFO 48:47.152: State.FOLLOWER::3 Deleting entries [99:]
INFO 48:47.251: State.FOLLOWER::3 Applying 101
INFO 48:47.252: State.FOLLOWER::3 Deleting entries [102:]
INFO 48:47.351: State.FOLLOWER::3 Applying [102, 103]
INFO 48:47.451: State.FOLLOWER::3 Applying [104, 105]
INFO 48:47.452: State.FOLLOWER::3 Deleting entries [106:]
INFO 48:47.551: State.FOLLOWER::3 Applying [106, 107]
INFO 48:47.552: State.FOLLOWER::3 Deleting entries [108:]
INFO 48:47.652: State.FOLLOWER::3 Applying [108, 109]
INFO 48:47.653: State.FOLLOWER::3 Deleting entries [110:]
INFO 48:47.751: State.FOLLOWER::3 Applying [110, 111]
INFO 48:47.752: State.FOLLOWER::3 Deleting entries [112:]
INFO 48:47.851: State.FOLLOWER::3 Applying [112, 113]
INFO 48:47.951: State.FOLLOWER::3 Applying 114
INFO 48:47.953: State.FOLLOWER::3 Applying 115
INFO 48:48.051: State.FOLLOWER::3 Applying 116
INFO 48:48.151: State.FOLLOWER::3 Applying 117
INFO 48:48.251: State.FOLLOWER::3 Applying 118
INFO 48:48.252: State.FOLLOWER::3 Deleting entries [119:]
INFO 48:48.351: State.FOLLOWER::3 Applying [119, 120]
INFO 48:48.352: State.FOLLOWER::3 Deleting entries [121:]
INFO 48:48.451: State.FOLLOWER::3 Applying [121, 122]
INFO 48:48.452: State.FOLLOWER::3 Deleting entries [123:]
INFO 48:48.551: State.FOLLOWER::3 Applying [123, 124]
INFO 48:48.552: State.FOLLOWER::3 Deleting entries [125:]
INFO 48:48.651: State.FOLLOWER::3 Applying [125, 126]
INFO 48:48.652: State.FOLLOWER::3 Deleting entries [127:]
INFO 48:48.751: State.FOLLOWER::3 Applying [127, 128]
INFO 48:48.752: State.FOLLOWER::3 Deleting entries [128:]
INFO 48:48.752: State.FOLLOWER::3 Deleting entries [128:]
INFO 48:48.851: State.FOLLOWER::3 Applying [129, 130]
INFO 48:48.852: State.FOLLOWER::3 Deleting entries [131:]
INFO 48:48.951: State.FOLLOWER::3 Applying [131, 132]
INFO 48:49.151: State.FOLLOWER::3 Applying 133
INFO 48:49.252: State.FOLLOWER::3 Applying 134
INFO 48:49.253: State.FOLLOWER::3 Deleting entries [135:]
INFO 48:49.253: State.FOLLOWER::3 Applying 135
INFO 48:49.351: State.FOLLOWER::3 Applying 136
INFO 48:49.451: State.FOLLOWER::3 Failing 0001.append_entries (index 137>136)
INFO 48:49.452: State.FOLLOWER::3 Applying 137
INFO 48:49.452: State.FOLLOWER::3 Deleting entries [136:]
INFO 48:49.551: State.FOLLOWER::3 Applying 138
INFO 48:49.552: State.FOLLOWER::3 Deleting entries [139:]
INFO 48:49.651: State.FOLLOWER::3 Applying [139, 140]
INFO 48:49.751: State.FOLLOWER::3 Applying 141
INFO 48:49.851: State.FOLLOWER::3 Applying [142, 143]
INFO 48:49.951: State.FOLLOWER::3 Applying 144
INFO 48:50.051: State.FOLLOWER::3 Applying 145
INFO 48:50.251: State.FOLLOWER::3 Applying 146
INFO 48:50.252: State.FOLLOWER::3 Deleting entries [147:]
INFO 48:50.351: State.FOLLOWER::3 Applying [147, 148]
INFO 48:50.451: State.FOLLOWER::3 Applying 149
INFO 48:50.551: State.FOLLOWER::3 Applying 150
INFO 48:50.651: State.FOLLOWER::3 Applying 151
INFO 48:50.751: State.FOLLOWER::3 Applying 152
INFO 48:50.851: State.FOLLOWER::3 Applying 153
INFO 48:50.951: State.FOLLOWER::3 Applying 154
INFO 48:51.051: State.FOLLOWER::3 Applying 155
INFO 48:51.053: State.FOLLOWER::3 Deleting entries [156:]
INFO 48:51.151: State.FOLLOWER::3 Applying [156, 157]
INFO 48:51.251: State.FOLLOWER::3 Applying 158
INFO 48:51.351: State.FOLLOWER::3 Applying [159, 160]
INFO 48:51.352: State.FOLLOWER::3 Deleting entries [161:]
INFO 48:51.451: State.FOLLOWER::3 Applying [161, 162]
INFO 48:51.453: State.FOLLOWER::3 Deleting entries [163:]
INFO 48:51.551: State.FOLLOWER::3 Applying [163, 164]
INFO 48:51.553: State.FOLLOWER::3 Deleting entries [165:]
INFO 48:51.651: State.FOLLOWER::3 Applying [165, 166]
INFO 48:51.751: State.FOLLOWER::3 Applying [167, 168]
INFO 48:51.851: State.FOLLOWER::3 Applying 169
INFO 48:51.952: State.FOLLOWER::3 Applying 170
INFO 48:52.051: State.FOLLOWER::3 Applying 171
INFO 48:52.053: State.FOLLOWER::3 Deleting entries [172:]
INFO 48:52.151: State.FOLLOWER::3 Applying [172, 173]
INFO 48:52.152: State.FOLLOWER::3 Deleting entries [174:]
INFO 48:52.251: State.FOLLOWER::3 Applying [174, 175]
INFO 48:52.352: State.FOLLOWER::3 Applying 176
INFO 48:52.353: State.FOLLOWER::3 Deleting entries [177:]
INFO 48:52.451: State.FOLLOWER::3 Applying [177, 178]
INFO 48:52.551: State.FOLLOWER::3 Applying 179
INFO 48:52.553: State.FOLLOWER::3 Deleting entries [180:]
INFO 48:52.651: State.FOLLOWER::3 Applying [180, 181]
INFO 48:52.752: State.FOLLOWER::3 Applying 182
INFO 48:52.753: State.FOLLOWER::3 Deleting entries [183:]
INFO 48:52.851: State.FOLLOWER::3 Applying [183, 184]
INFO 48:52.852: State.FOLLOWER::3 Deleting entries [184:]
INFO 48:52.853: State.FOLLOWER::3 Deleting entries [184:]
INFO 48:52.951: State.FOLLOWER::3 Applying [185, 186]
INFO 48:53.051: State.FOLLOWER::3 Applying 187
INFO 48:53.151: State.FOLLOWER::3 Applying 188
INFO 48:53.153: State.FOLLOWER::3 Applying 189
INFO 48:53.251: State.FOLLOWER::3 Applying 190
INFO 48:53.351: State.FOLLOWER::3 Applying 191
INFO 48:53.353: State.FOLLOWER::3 Deleting entries [192:]
INFO 48:53.452: State.FOLLOWER::3 Applying [192, 193]
INFO 48:53.453: State.FOLLOWER::3 Deleting entries [194:]
INFO 48:53.551: State.FOLLOWER::3 Applying [194, 195]
INFO 48:53.552: State.FOLLOWER::3 Deleting entries [196:]
INFO 48:53.651: State.FOLLOWER::3 Applying [196, 197]
INFO 48:53.852: State.FOLLOWER::3 Applying 198
INFO 48:53.853: State.FOLLOWER::3 Deleting entries [199:]
INFO 48:53.952: State.FOLLOWER::3 Applying [199, 200]
INFO 48:54.051: State.FOLLOWER::3 Applying 201
INFO 48:54.152: State.FOLLOWER::3 Applying 202
INFO 48:54.153: State.FOLLOWER::3 Deleting entries [203:]
INFO 48:54.252: State.FOLLOWER::3 Applying [203, 204]
INFO 48:54.252: State.FOLLOWER::3 Deleting entries [205:]
INFO 48:54.351: State.FOLLOWER::3 Applying [205, 206]
INFO 48:54.353: State.FOLLOWER::3 Deleting entries [207:]
INFO 48:54.451: State.FOLLOWER::3 Applying [207, 208]
INFO 48:54.453: State.FOLLOWER::3 Deleting entries [209:]
INFO 48:54.453: State.FOLLOWER::3 Applying 209
INFO 48:54.551: State.FOLLOWER::3 Applying 210
INFO 48:54.651: State.FOLLOWER::3 Applying 211
INFO 48:54.751: State.FOLLOWER::3 Applying 212
INFO 48:54.752: State.FOLLOWER::3 Deleting entries [213:]
INFO 48:54.852: State.FOLLOWER::3 Applying [213, 214]
INFO 48:54.853: State.FOLLOWER::3 Deleting entries [215:]
INFO 48:54.951: State.FOLLOWER::3 Applying [215, 216]
INFO 48:54.953: State.FOLLOWER::3 Deleting entries [217:]
INFO 48:55.051: State.FOLLOWER::3 Applying [217, 218]
INFO 48:55.114: State.FOLLOWER::3 Reverting to FOLLOWER, Term 4.request_vote from 0004
INFO 48:55.114: State.FOLLOWER::4 <- State.FOLLOWER::3
INFO 48:55.114: State.FOLLOWER::4 Term 4 Voted for 0004
INFO 48:55.114: State.FOLLOWER::4 Failing 0001.append_entries (term 4<3)
INFO 48:55.217: State.FOLLOWER::4 Deleting entries [219:]
INFO 48:55.316: State.FOLLOWER::4 Applying [219, 220]
INFO 48:55.416: State.FOLLOWER::4 Applying 221
INFO 48:55.516: State.FOLLOWER::4 Failing 0004.append_entries (index 223>222)
INFO 48:55.516: State.FOLLOWER::4 Applying [222, 223]
INFO 48:55.517: State.FOLLOWER::4 Deleting entries [223:]
INFO 48:55.517: State.FOLLOWER::4 Deleting entries [222:]
INFO 48:55.616: State.FOLLOWER::4 Applying [224, 225]
INFO 48:55.716: State.FOLLOWER::4 Applying 226
INFO 48:55.717: State.FOLLOWER::4 Deleting entries [227:]
INFO 48:55.816: State.FOLLOWER::4 Applying [227, 228]
INFO 48:55.817: State.FOLLOWER::4 Deleting entries [229:]
INFO 48:55.916: State.FOLLOWER::4 Applying [229, 230]
INFO 48:56.016: State.FOLLOWER::4 Failing 0004.append_entries (index 232>231)
INFO 48:56.017: State.FOLLOWER::4 Applying [231, 232]
INFO 48:56.017: State.FOLLOWER::4 Deleting entries [232:]
INFO 48:56.116: State.FOLLOWER::4 Applying [233, 234]
INFO 48:56.117: State.FOLLOWER::4 Deleting entries [235:]
INFO 48:56.216: State.FOLLOWER::4 Applying [235, 236]
INFO 48:56.316: State.FOLLOWER::4 Applying 237
INFO 48:56.416: State.FOLLOWER::4 Applying 238
INFO 48:56.416: State.FOLLOWER::4 Deleting entries [238:]
INFO 48:56.516: State.FOLLOWER::4 Applying 239
INFO 48:56.516: State.FOLLOWER::4 Deleting entries [239:]
INFO 48:56.517: State.FOLLOWER::4 Deleting entries [239:]
INFO 48:56.616: State.FOLLOWER::4 Applying [240, 241]
INFO 48:56.617: State.FOLLOWER::4 Deleting entries [242:]
INFO 48:56.716: State.FOLLOWER::4 Applying [242, 243]
INFO 48:56.777: State.FOLLOWER::4 Reverting to FOLLOWER, Term 5.request_vote from 0003
INFO 48:56.777: State.FOLLOWER::5 <- State.FOLLOWER::4
INFO 48:56.777: State.FOLLOWER::5 Term 5 Voted for 0003
INFO 48:56.779: State.FOLLOWER::5 Deleting entries [242:]
INFO 48:56.879: State.FOLLOWER::5 Applying 244
INFO 48:56.880: State.FOLLOWER::5 Deleting entries [245:]
INFO 48:56.979: State.FOLLOWER::5 Applying [245, 246]
INFO 48:56.980: State.FOLLOWER::5 Deleting entries [247:]
INFO 48:57.079: State.FOLLOWER::5 Applying [247, 248]
INFO 48:57.179: State.FOLLOWER::5 Applying [249, 250]
INFO 48:57.180: State.FOLLOWER::5 Deleting entries [251:]
INFO 48:57.279: State.FOLLOWER::5 Applying [251, 252]
INFO 48:57.280: State.FOLLOWER::5 Deleting entries [253:]
INFO 48:57.378: State.FOLLOWER::5 Applying [253, 254]
INFO 48:57.479: State.FOLLOWER::5 Applying 255
INFO 48:57.479: State.FOLLOWER::5 Deleting entries [256:]
INFO 48:57.579: State.FOLLOWER::5 Applying [256, 257]
INFO 48:57.580: State.FOLLOWER::5 Deleting entries [258:]
INFO 48:57.678: State.FOLLOWER::5 Applying [258, 259]
INFO 48:57.679: State.FOLLOWER::5 Deleting entries [260:]
INFO 48:57.778: State.FOLLOWER::5 Applying [260, 261]
INFO 48:57.879: State.FOLLOWER::5 Applying 262
INFO 48:57.880: State.FOLLOWER::5 Deleting entries [263:]
INFO 48:57.979: State.FOLLOWER::5 Applying [263, 264]
INFO 48:57.980: State.FOLLOWER::5 Deleting entries [265:]
INFO 48:58.079: State.FOLLOWER::5 Applying [265, 266]
INFO 48:58.179: State.FOLLOWER::5 Applying 267
INFO 48:58.180: State.FOLLOWER::5 Deleting entries [268:]
INFO 48:58.279: State.FOLLOWER::5 Applying [268, 269]
INFO 48:58.379: State.FOLLOWER::5 Applying [270, 271]
INFO 48:58.479: State.FOLLOWER::5 Applying 272
INFO 48:58.480: State.FOLLOWER::5 Deleting entries [273:]
INFO 48:58.579: State.FOLLOWER::5 Applying [273, 274]
INFO 48:58.679: State.FOLLOWER::5 Applying 275
INFO 48:58.779: State.FOLLOWER::5 Applying 276
INFO 48:58.780: State.FOLLOWER::5 Deleting entries [277:]
INFO 48:58.878: State.FOLLOWER::5 Applying [277, 278]
INFO 48:58.979: State.FOLLOWER::5 Deleting entries [279:]
INFO 48:59.079: State.FOLLOWER::5 Applying [279, 280]
INFO 48:59.179: State.FOLLOWER::5 Applying 281
INFO 48:59.179: State.FOLLOWER::5 Deleting entries [282:]
INFO 48:59.279: State.FOLLOWER::5 Applying [282, 283]
INFO 48:59.279: State.FOLLOWER::5 Deleting entries [284:]
INFO 48:59.379: State.FOLLOWER::5 Applying [284, 285]
INFO 48:59.379: State.FOLLOWER::5 Deleting entries [286:]
INFO 48:59.478: State.FOLLOWER::5 Applying [286, 287]
INFO 48:59.579: State.FOLLOWER::5 Applying [288, 289]
INFO 48:59.678: State.FOLLOWER::5 Applying 290
INFO 48:59.679: State.FOLLOWER::5 Deleting entries [290:]
INFO 48:59.679: State.FOLLOWER::5 Deleting entries [290:]
INFO 48:59.779: State.FOLLOWER::5 Applying [291, 292]
INFO 48:59.780: State.FOLLOWER::5 Deleting entries [293:]
INFO 48:59.879: State.FOLLOWER::5 Applying [293, 294]
INFO 48:59.880: State.FOLLOWER::5 Deleting entries [295:]
INFO 48:59.979: State.FOLLOWER::5 Applying [295, 296]
INFO 49:00.079: State.FOLLOWER::5 Applying 297
INFO 49:00.079: State.FOLLOWER::5 Deleting entries [297:]
INFO 49:00.080: State.FOLLOWER::5 Deleting entries [297:]
INFO 49:00.179: State.FOLLOWER::5 Applying [298, 299]
INFO 49:00.180: State.FOLLOWER::5 Deleting entries [300:]
INFO 49:00.379: State.FOLLOWER::5 Applying [300, 301]
INFO 49:00.479: State.FOLLOWER::5 Applying 302
INFO 49:00.579: State.FOLLOWER::5 Applying 303
INFO 49:00.579: State.FOLLOWER::5 Deleting entries [303:]
INFO 49:00.580: State.FOLLOWER::5 Deleting entries [303:]
INFO 49:00.679: State.FOLLOWER::5 Applying [304, 305]
INFO 49:00.680: State.FOLLOWER::5 Deleting entries [306:]
INFO 49:00.779: State.FOLLOWER::5 Applying [306, 307]
INFO 49:00.879: State.FOLLOWER::5 Applying 308
INFO 49:00.979: State.FOLLOWER::5 Applying 309
INFO 49:00.979: State.FOLLOWER::5 Deleting entries [309:]
INFO 49:01.079: State.FOLLOWER::5 Applying 310
INFO 49:01.080: State.FOLLOWER::5 Deleting entries [311:]
INFO 49:01.179: State.FOLLOWER::5 Applying [311, 312]
INFO 49:01.279: State.FOLLOWER::5 Applying 313
INFO 49:01.279: State.FOLLOWER::5 Deleting entries [314:]
INFO 49:01.379: State.FOLLOWER::5 Applying [314, 315]
INFO 49:01.380: State.FOLLOWER::5 Deleting entries [316:]
INFO 49:01.479: State.FOLLOWER::5 Applying [316, 317]
INFO 49:01.579: State.FOLLOWER::5 Failing 0003.append_entries (index 319>318)
INFO 49:01.579: State.FOLLOWER::5 Applying 318
INFO 49:01.580: State.FOLLOWER::5 Deleting entries [318:]
INFO 49:01.580: State.FOLLOWER::5 Applying 319
INFO 49:01.679: State.FOLLOWER::5 Applying 320
INFO 49:01.779: State.FOLLOWER::5 Applying 321
INFO 49:01.879: State.FOLLOWER::5 Applying 322
INFO 49:01.880: State.FOLLOWER::5 Deleting entries [323:]
INFO 49:01.979: State.FOLLOWER::5 Applying [323, 324]
INFO 49:01.980: State.FOLLOWER::5 Deleting entries [325:]
INFO 49:02.079: State.FOLLOWER::5 Applying [325, 326]
INFO 49:02.179: State.FOLLOWER::5 Applying 327
INFO 49:02.180: State.FOLLOWER::5 Deleting entries [328:]
INFO 49:02.279: State.FOLLOWER::5 Applying [328, 329]
INFO 49:02.280: State.FOLLOWER::5 Deleting entries [330:]
INFO 49:02.379: State.FOLLOWER::5 Applying [330, 331]
INFO 49:02.380: State.FOLLOWER::5 Deleting entries [332:]
INFO 49:02.479: State.FOLLOWER::5 Applying [332, 333]
INFO 49:02.480: State.FOLLOWER::5 Deleting entries [334:]
INFO 49:02.579: State.FOLLOWER::5 Applying [334, 335]
INFO 49:02.680: State.FOLLOWER::5 Applying [336, 337]
INFO 49:02.779: State.FOLLOWER::5 Applying [338, 339]
INFO 49:02.780: State.FOLLOWER::5 Deleting entries [340:]
INFO 49:02.879: State.FOLLOWER::5 Applying [340, 341]
INFO 49:02.880: State.FOLLOWER::5 Deleting entries [341:]
INFO 49:02.979: State.FOLLOWER::5 Applying [342, 343]
INFO 49:03.080: State.FOLLOWER::5 Deleting entries [344:]
INFO 49:03.179: State.FOLLOWER::5 Applying [344, 345]
INFO 49:03.279: State.FOLLOWER::5 Failing 0003.append_entries (index 346>345)
INFO 49:03.279: State.FOLLOWER::5 Applying 346
INFO 49:03.280: State.FOLLOWER::5 Deleting entries [346:]
INFO 49:03.280: State.FOLLOWER::5 Deleting entries [345:]
INFO 49:03.379: State.FOLLOWER::5 Applying [347, 348]
INFO 49:03.480: State.FOLLOWER::5 Deleting entries [349:]
INFO 49:03.579: State.FOLLOWER::5 Applying [349, 350]
INFO 49:03.679: State.FOLLOWER::5 Failing 0003.append_entries (index 352>351)
INFO 49:03.679: State.FOLLOWER::5 Applying [351, 352]
INFO 49:03.680: State.FOLLOWER::5 Deleting entries [352:]
INFO 49:03.680: State.FOLLOWER::5 Deleting entries [351:]
INFO 49:03.779: State.FOLLOWER::5 Applying [353, 354]
INFO 49:03.879: State.FOLLOWER::5 Applying 355
INFO 49:03.879: State.FOLLOWER::5 Deleting entries [356:]
INFO 49:03.979: State.FOLLOWER::5 Applying [356, 357]
INFO 49:03.979: State.FOLLOWER::5 Deleting entries [357:]
INFO 49:03.980: State.FOLLOWER::5 Deleting entries [357:]
INFO 49:04.079: State.FOLLOWER::5 Applying [358, 359]
INFO 49:04.179: State.FOLLOWER::5 Applying 360
INFO 49:04.180: State.FOLLOWER::5 Deleting entries [361:]
INFO 49:04.279: State.FOLLOWER::5 Applying [361, 362]
INFO 49:04.380: State.FOLLOWER::5 Deleting entries [363:]
INFO 49:04.479: State.FOLLOWER::5 Applying [363, 364]
INFO 49:04.579: State.FOLLOWER::5 Applying 365
INFO 49:04.580: State.FOLLOWER::5 Deleting entries [366:]
INFO 49:04.679: State.FOLLOWER::5 Applying [366, 367]
INFO 49:04.779: State.FOLLOWER::5 Applying 368
INFO 49:04.780: State.FOLLOWER::5 Deleting entries [369:]
INFO 49:04.879: State.FOLLOWER::5 Applying [369, 370]
INFO 49:04.880: State.FOLLOWER::5 Deleting entries [371:]
INFO 49:04.979: State.FOLLOWER::5 Applying [371, 372]
INFO 49:04.980: State.FOLLOWER::5 Deleting entries [373:]
INFO 49:05.079: State.FOLLOWER::5 Applying [373, 374]
INFO 49:05.179: State.FOLLOWER::5 Applying 375
INFO 49:05.180: State.FOLLOWER::5 Deleting entries [376:]
INFO 49:05.279: State.FOLLOWER::5 Applying [376, 377]
INFO 49:05.280: State.FOLLOWER::5 Deleting entries [378:]
INFO 49:05.379: State.FOLLOWER::5 Applying [378, 379]
INFO 49:05.380: State.FOLLOWER::5 Deleting entries [380:]
INFO 49:05.479: State.FOLLOWER::5 Applying [380, 381]
INFO 49:05.579: State.FOLLOWER::5 Applying 382
INFO 49:05.679: State.FOLLOWER::5 Applying 383
INFO 49:05.780: State.FOLLOWER::5 Deleting entries [384:]
INFO 49:05.879: State.FOLLOWER::5 Applying [384, 385]
INFO 49:05.979: State.FOLLOWER::5 Applying 386
INFO 49:05.979: State.FOLLOWER::5 Deleting entries [386:]
INFO 49:05.980: State.FOLLOWER::5 Deleting entries [386:]
INFO 49:06.079: State.FOLLOWER::5 Applying [387, 388]
INFO 49:06.080: State.FOLLOWER::5 Deleting entries [389:]
INFO 49:06.179: State.FOLLOWER::5 Applying [389, 390]
INFO 49:06.180: State.FOLLOWER::5 Deleting entries [391:]
INFO 49:06.279: State.FOLLOWER::5 Applying [391, 392]
INFO 49:06.279: State.FOLLOWER::5 Deleting entries [391:]
INFO 49:06.280: State.FOLLOWER::5 Deleting entries [391:]
INFO 49:06.379: State.FOLLOWER::5 Applying [393, 394]
INFO 49:06.380: State.FOLLOWER::5 Deleting entries [395:]
INFO 49:06.479: State.FOLLOWER::5 Applying [395, 396]
INFO 49:06.579: State.FOLLOWER::5 Applying 397
INFO 49:06.580: State.FOLLOWER::5 Deleting entries [398:]
INFO 49:06.679: State.FOLLOWER::5 Applying [398, 399]
INFO 49:08.039: State.FOLLOWER::5 Reverting to FOLLOWER, Term 6.request_vote from 0004
INFO 49:08.039: State.FOLLOWER::6 <- State.FOLLOWER::5
INFO 49:08.039: State.FOLLOWER::6 Term 6 Voted for 0004
