INFO 48:38.730: State.FOLLOWER::0 <- None::0
INFO 48:38.886: State.FOLLOWER::0 Reverting to FOLLOWER, Term 1.request_vote from 0000
INFO 48:38.886: State.FOLLOWER::1 <- State.FOLLOWER::0
INFO 48:38.886: State.FOLLOWER::1 Term 1 Voted for 0000
INFO 48:39.874: State.FOLLOWER::1 Reverting to FOLLOWER, Term 2.request_vote from 0002
INFO 48:39.874: State.FOLLOWER::2 <- State.FOLLOWER::1
INFO 48:39.874: State.FOLLOWER::2 Term 2 Voted for 0002
INFO 48:40.450: State.FOLLOWER::2 Reverting to FOLLOWER, Term 3.request_vote from 0001
INFO 48:40.450: State.FOLLOWER::3 <- State.FOLLOWER::2
INFO 48:40.450: State.FOLLOWER::3 Term 3 Voted for 0001
INFO 48:40.652: State.FOLLOWER::3 0018.put redirected to 0001
INFO 48:40.751: State.FOLLOWER::3 Applying 1
INFO 48:40.753: State.FOLLOWER::3 Deleting entries [2:]
INFO 48:40.851: State.FOLLOWER::3 Applying [2, 3]
INFO 48:40.951: State.FOLLOWER::3 Applying 4
INFO 48:40.953: State.FOLLOWER::3 Deleting entries [5:]
INFO 48:41.052: State.FOLLOWER::3 Applying [5, 6]
INFO 48:41.052: State.FOLLOWER::3 Deleting entries [7:]
INFO 48:41.151: State.FOLLOWER::3 Applying [7, 8]
INFO 48:41.252: State.FOLLOWER::3 Applying 9
INFO 48:41.252: State.FOLLOWER::3 Deleting entries [10:]
INFO 48:41.351: State.FOLLOWER::3 Applying [10, 11]
INFO 48:41.452: State.FOLLOWER::3 Applying [12, 13]
INFO 48:41.551: State.FOLLOWER::3 Applying 14
INFO 48:41.651: State.FOLLOWER::3 Applying 15
INFO 48:41.653: State.FOLLOWER::3 Deleting entries [16:]
INFO 48:41.751: State.FOLLOWER::3 Applying [16, 17]
INFO 48:41.752: State.FOLLOWER::3 Deleting entries [18:]
INFO 48:41.851: State.FOLLOWER::3 Applying [18, 19]
INFO 48:41.951: State.FOLLOWER::3 Failing 0001.append_entries (index 20>19)
INFO 48:41.951: State.FOLLOWER::3 Applying 20
INFO 48:41.953: State.FOLLOWER::3 Deleting entries [19:]
INFO 48:42.051: State.FOLLOWER::3 Applying [21, 22]
INFO 48:42.052: State.FOLLOWER::3 Deleting entries [23:]
INFO 48:42.152: State.FOLLOWER::3 Applying [23, 24]
INFO 48:42.152: State.FOLLOWER::3 Deleting entries [25:]
INFO 48:42.251: State.FOLLOWER::3 Applying [25, 26]
INFO 48:42.252: State.FOLLOWER::3 Deleting entries [27:]
INFO 48:42.351: State.FOLLOWER::3 Applying [27, 28]
INFO 48:42.352: State.FOLLOWER::3 Deleting entries [28:]
INFO 48:42.352: State.FOLLOWER::3 Deleting entries [28:]
INFO 48:42.451: State.FOLLOWER::3 Applying [29, 30]
INFO 48:42.452: State.FOLLOWER::3 Deleting entries [31:]
INFO 48:42.551: State.FOLLOWER::3 Applying [31, 32]
INFO 48:42.652: State.FOLLOWER::3 Applying 33
INFO 48:42.851: State.FOLLOWER::3 Applying 34
INFO 48:42.852: State.FOLLOWER::3 Deleting entries [35:]
INFO 48:42.951: State.FOLLOWER::3 Applying [35, 36]
INFO 48:42.952: State.FOLLOWER::3 Deleting entries [37:]
INFO 48:43.051: State.FOLLOWER::3 Applying [37, 38]
INFO 48:43.152: State.FOLLOWER::3 Applying 39
INFO 48:43.153: State.FOLLOWER::3 Deleting entries [40:]
INFO 48:43.251: State.FOLLOWER::3 Applying [40, 41]
INFO 48:43.253: State.FOLLOWER::3 Deleting entries [42:]
INFO 48:43.351: State.FOLLOWER::3 Applying [42, 43]
INFO 48:43.352: State.FOLLOWER::3 Deleting entries [44:]
INFO 48:43.452: State.FOLLOWER::3 Applying [44, 45]
INFO 48:43.454: State.FOLLOWER::3 Deleting entries [46:]
INFO 48:43.551: State.FOLLOWER::3 Applying [46, 47]
INFO 48:43.553: State.FOLLOWER::3 Deleting entries [48:]
INFO 48:43.651: State.FOLLOWER::3 Applying [48, 49]
INFO 48:43.751: State.FOLLOWER::3 Applying 50
INFO 48:43.752: State.FOLLOWER::3 Deleting entries [51:]
INFO 48:43.851: State.FOLLOWER::3 Applying [51, 52]
INFO 48:43.951: State.FOLLOWER::3 Applying 53
INFO 48:44.051: State.FOLLOWER::3 Applying 54
INFO 48:44.251: State.FOLLOWER::3 Applying 55
INFO 48:44.252: State.FOLLOWER::3 Deleting entries [56:]
INFO 48:44.351: State.FOLLOWER::3 Applying [56, 57]
INFO 48:44.352: State.FOLLOWER::3 Deleting entries [58:]
INFO 48:44.451: State.FOLLOWER::3 Applying [58, 59]
INFO 48:44.551: State.FOLLOWER::3 Failing 0001.append_entries (index 60>59)
INFO 48:44.552: State.FOLLOWER::3 Applying 60
INFO 48:44.553: State.FOLLOWER::3 Deleting entries [60:]
INFO 48:44.652: State.FOLLOWER::3 Applying [61, 62]
INFO 48:44.851: State.FOLLOWER::3 Applying 63
INFO 48:44.852: State.FOLLOWER::3 Deleting entries [64:]
INFO 48:44.951: State.FOLLOWER::3 Applying [64, 65]
INFO 48:44.952: State.FOLLOWER::3 Deleting entries [66:]
INFO 48:45.051: State.FOLLOWER::3 Applying [66, 67]
INFO 48:45.052: State.FOLLOWER::3 Deleting entries [68:]
INFO 48:45.151: State.FOLLOWER::3 Applying [68, 69]
INFO 48:45.153: State.FOLLOWER::3 Deleting entries [70:]
INFO 48:45.251: State.FOLLOWER::3 Applying [70, 71]
INFO 48:45.252: State.FOLLOWER::3 Deleting entries [72:]
INFO 48:45.351: State.FOLLOWER::3 Applying [72, 73]
INFO 48:45.453: State.FOLLOWER::3 Deleting entries [74:]
INFO 48:45.552: State.FOLLOWER::3 Applying [74, 75]
INFO 48:45.554: State.FOLLOWER::3 Deleting entries [76:]
INFO 48:45.651: State.FOLLOWER::3 Applying [76, 77]
INFO 48:45.653: State.FOLLOWER::3 Deleting entries [78:]
INFO 48:45.751: State.FOLLOWER::3 Applying [78, 79]
INFO 48:45.852: State.FOLLOWER::3 Applying [80, 81]
INFO 48:45.852: State.FOLLOWER::3 Deleting entries [81:]
INFO 48:45.951: State.FOLLOWER::3 Applying [82, 83]
INFO 48:46.051: State.FOLLOWER::3 Applying 84
INFO 48:46.053: State.FOLLOWER::3 Deleting entries [85:]
INFO 48:46.151: State.FOLLOWER::3 Applying [85, 86]
INFO 48:46.152: State.FOLLOWER::3 Deleting entries [87:]
INFO 48:46.252: State.FOLLOWER::3 Applying [87, 88]
INFO 48:46.351: State.FOLLOWER::3 Applying 89
INFO 48:46.452: State.FOLLOWER::3 Deleting entries [90:]
INFO 48:46.551: State.FOLLOWER::3 Applying [90, 91]
INFO 48:46.651: State.FOLLOWER::3 Applying 92
INFO 48:46.653: State.FOLLOWER::3 Applying 93
INFO 48:46.752: State.FOLLOWER::3 Applying 94
INFO 48:46.852: State.FOLLOWER::3 Applying 95
INFO 48:46.951: State.FOLLOWER::3 Applying 96
INFO 48:46.953: State.FOLLOWER::3 Deleting entries [97:]
INFO 48:47.051: State.FOLLOWER::3 Applying [97, 98]
INFO 48:47.052: State.FOLLOWER::3 Deleting entries [99:]
INFO 48:47.151: State.FOLLOWER::3 Applying [99, 100]
INFO 48:47.251: State.FOLLOWER::3 Applying 101
INFO 48:47.252: State.FOLLOWER::3 Deleting entries [102:]
INFO 48:47.351: State.FOLLOWER::3 Applying [102, 103]
INFO 48:47.352: State.FOLLOWER::3 Deleting entries [104:]
INFO 48:47.451: State.FOLLOWER::3 Applying [104, 105]
INFO 48:47.453: State.FOLLOWER::3 Deleting entries [106:]
INFO 48:47.551: State.FOLLOWER::3 Applying [106, 107]
INFO 48:47.552: State.FOLLOWER::3 Deleting entries [108:]
INFO 48:47.652: State.FOLLOWER::3 Applying [108, 109]
INFO 48:47.653: State.FOLLOWER::3 Deleting entries [110:]
INFO 48:47.751: State.FOLLOWER::3 Applying [110, 111]
INFO 48:47.753: State.FOLLOWER::3 Deleting entries [112:]
INFO 48:47.852: State.FOLLOWER::3 Applying [112, 113]
INFO 48:47.951: State.FOLLOWER::3 Applying 114
INFO 48:47.952: State.FOLLOWER::3 Deleting entries [114:]
INFO 48:47.953: State.FOLLOWER::3 Deleting entries [115:]
INFO 48:47.953: State.FOLLOWER::3 Applying 115
INFO 48:48.051: State.FOLLOWER::3 Applying 116
INFO 48:48.151: State.FOLLOWER::3 Applying 117
INFO 48:48.251: State.FOLLOWER::3 Applying 118
INFO 48:48.253: State.FOLLOWER::3 Deleting entries [119:]
INFO 48:48.351: State.FOLLOWER::3 Applying [119, 120]
INFO 48:48.352: State.FOLLOWER::3 Deleting entries [121:]
INFO 48:48.451: State.FOLLOWER::3 Applying [121, 122]
INFO 48:48.453: State.FOLLOWER::3 Deleting entries [123:]
INFO 48:48.551: State.FOLLOWER::3 Applying [123, 124]
INFO 48:48.552: State.FOLLOWER::3 Deleting entries [124:]
INFO 48:48.552: State.FOLLOWER::3 Deleting entries [124:]
INFO 48:48.651: State.FOLLOWER::3 Applying [125, 126]
INFO 48:48.652: State.FOLLOWER::3 Deleting entries [127:]
INFO 48:48.751: State.FOLLOWER::3 Applying [127, 128]
INFO 48:48.752: State.FOLLOWER::3 Deleting entries [129:]
INFO 48:48.852: State.FOLLOWER::3 Applying [129, 130]
INFO 48:48.853: State.FOLLOWER::3 Deleting entries [131:]
INFO 48:48.952: State.FOLLOWER::3 Applying [131, 132]
INFO 48:49.151: State.FOLLOWER::3 Applying 133
INFO 48:49.252: State.FOLLOWER::3 Applying 134
INFO 48:49.253: State.FOLLOWER::3 Deleting entries [135:]
INFO 48:49.253: State.FOLLOWER::3 Applying 135
INFO 48:49.351: State.FOLLOWER::3 Applying 136
INFO 48:49.451: State.FOLLOWER::3 Applying 137
INFO 48:49.551: State.FOLLOWER::3 Applying 138
INFO 48:49.552: State.FOLLOWER::3 Deleting entries [139:]
INFO 48:49.651: State.FOLLOWER::3 Applying [139, 140]
INFO 48:49.752: State.FOLLOWER::3 Applying 141
INFO 48:49.752: State.FOLLOWER::3 Deleting entries [141:]
INFO 48:49.752: State.FOLLOWER::3 Deleting entries [141:]
INFO 48:49.851: State.FOLLOWER::3 Applying [142, 143]
INFO 48:49.951: State.FOLLOWER::3 Applying 144
INFO 48:50.051: State.FOLLOWER::3 Applying 145
INFO 48:50.251: State.FOLLOWER::3 Applying 146
INFO 48:50.253: State.FOLLOWER::3 Deleting entries [147:]
INFO 48:50.351: State.FOLLOWER::3 Applying [147, 148]
INFO 48:50.451: State.FOLLOWER::3 Applying 149
INFO 48:50.551: State.FOLLOWER::3 Applying 150
INFO 48:50.651: State.FOLLOWER::3 Applying 151
INFO 48:50.751: State.FOLLOWER::3 Applying 152
INFO 48:50.851: State.FOLLOWER::3 Applying 153
INFO 48:50.952: State.FOLLOWER::3 Applying 154
INFO 48:51.052: State.FOLLOWER::3 Applying 155
INFO 48:51.152: State.FOLLOWER::3 Applying [156, 157]
INFO 48:51.252: State.FOLLOWER::3 Applying 158
INFO 48:51.253: State.FOLLOWER::3 Deleting entries [159:]
INFO 48:51.351: State.FOLLOWER::3 Applying [159, 160]
INFO 48:51.353: State.FOLLOWER::3 Deleting entries [161:]
INFO 48:51.452: State.FOLLOWER::3 Applying [161, 162]
INFO 48:51.453: State.FOLLOWER::3 Deleting entries [163:]
INFO 48:51.552: State.FOLLOWER::3 Applying [163, 164]
INFO 48:51.553: State.FOLLOWER::3 Deleting entries [165:]
INFO 48:51.652: State.FOLLOWER::3 Applying [165, 166]
INFO 48:51.652: State.FOLLOWER::3 Deleting entries [166:]
INFO 48:51.653: State.FOLLOWER::3 Deleting entries [166:]
INFO 48:51.751: State.FOLLOWER::3 Applying [167, 168]
INFO 48:51.851: State.FOLLOWER::3 Applying 169
INFO 48:51.951: State.FOLLOWER::3 Applying 170
INFO 48:52.052: State.FOLLOWER::3 Applying 171
INFO 48:52.053: State.FOLLOWER::3 Deleting entries [172:]
INFO 48:52.152: State.FOLLOWER::3 Applying [172, 173]
INFO 48:52.152: State.FOLLOWER::3 Deleting entries [174:]
INFO 48:52.252: State.FOLLOWER::3 Applying [174, 175]
INFO 48:52.352: State.FOLLOWER::3 Applying 176
INFO 48:52.353: State.FOLLOWER::3 Deleting entries [177:]
INFO 48:52.452: State.FOLLOWER::3 Deleting entries [178:]
INFO 48:52.452: State.FOLLOWER::3 Applying [177, 178]
INFO 48:52.552: State.FOLLOWER::3 Applying 179
INFO 48:52.553: State.FOLLOWER::3 Deleting entries [180:]
INFO 48:52.652: State.FOLLOWER::3 Applying [180, 181]
INFO 48:52.752: State.FOLLOWER::3 Applying 182
INFO 48:52.753: State.FOLLOWER::3 Deleting entries [183:]
INFO 48:52.852: State.FOLLOWER::3 Applying [183, 184]
INFO 48:52.853: State.FOLLOWER::3 Deleting entries [185:]
INFO 48:52.952: State.FOLLOWER::3 Applying [185, 186]
INFO 48:53.052: State.FOLLOWER::3 Applying 187
INFO 48:53.151: State.FOLLOWER::3 Applying 188
INFO 48:53.153: State.FOLLOWER::3 Deleting entries [189:]
INFO 48:53.153: State.FOLLOWER::3 Applying 189
INFO 48:53.251: State.FOLLOWER::3 Applying 190
INFO 48:53.352: State.FOLLOWER::3 Applying 191
INFO 48:53.353: State.FOLLOWER::3 Deleting entries [192:]
INFO 48:53.452: State.FOLLOWER::3 Applying [192, 193]
INFO 48:53.453: State.FOLLOWER::3 Deleting entries [194:]
INFO 48:53.552: State.FOLLOWER::3 Applying [194, 195]
INFO 48:53.553: State.FOLLOWER::3 Deleting entries [196:]
INFO 48:53.652: State.FOLLOWER::3 Applying [196, 197]
INFO 48:53.852: State.FOLLOWER::3 Applying 198
INFO 48:53.854: State.FOLLOWER::3 Deleting entries [199:]
INFO 48:53.952: State.FOLLOWER::3 Applying [199, 200]
INFO 48:54.052: State.FOLLOWER::3 Applying 201
INFO 48:54.152: State.FOLLOWER::3 Applying 202
INFO 48:54.153: State.FOLLOWER::3 Deleting entries [203:]
INFO 48:54.252: State.FOLLOWER::3 Applying [203, 204]
INFO 48:54.253: State.FOLLOWER::3 Deleting entries [205:]
INFO 48:54.352: State.FOLLOWER::3 Applying [205, 206]
INFO 48:54.353: State.FOLLOWER::3 Deleting entries [207:]
INFO 48:54.452: State.FOLLOWER::3 Applying [207, 208]
INFO 48:54.453: State.FOLLOWER::3 Deleting entries [209:]
INFO 48:54.453: State.FOLLOWER::3 Applying 209
INFO 48:54.552: State.FOLLOWER::3 Applying 210
INFO 48:54.652: State.FOLLOWER::3 Applying 211
INFO 48:54.752: State.FOLLOWER::3 Applying 212
INFO 48:54.752: State.FOLLOWER::3 Deleting entries [212:]
INFO 48:54.753: State.FOLLOWER::3 Deleting entries [212:]
INFO 48:54.852: State.FOLLOWER::3 Applying [213, 214]
INFO 48:54.853: State.FOLLOWER::3 Deleting entries [215:]
INFO 48:54.952: State.FOLLOWER::3 Applying [215, 216]
INFO 48:54.953: State.FOLLOWER::3 Deleting entries [217:]
INFO 48:55.052: State.FOLLOWER::3 Applying [217, 218]
INFO 48:55.114: State.FOLLOWER::3 Reverting to FOLLOWER, Term 4.request_vote from 0004
INFO 48:55.114: State.FOLLOWER::4 <- State.FOLLOWER::3
INFO 48:55.114: State.FOLLOWER::4 Term 4 Voted for 0004
INFO 48:55.115: State.FOLLOWER::4 Failing 0001.append_entries (term 4<3)
INFO 48:55.316: State.FOLLOWER::4 Applying [219, 220]
INFO 48:55.416: State.FOLLOWER::4 Applying 221
INFO 48:55.516: State.FOLLOWER::4 Applying [222, 223]
INFO 48:55.517: State.FOLLOWER::4 Deleting entries [224:]
INFO 48:55.616: State.FOLLOWER::4 Applying [224, 225]
INFO 48:55.716: State.FOLLOWER::4 Applying 226
INFO 48:55.717: State.FOLLOWER::4 Deleting entries [227:]
INFO 48:55.816: State.FOLLOWER::4 Applying [227, 228]
INFO 48:55.817: State.FOLLOWER::4 Deleting entries [229:]
INFO 48:55.916: State.FOLLOWER::4 Applying [229, 230]
INFO 48:55.917: State.FOLLOWER::4 Deleting entries [231:]
INFO 48:56.016: State.FOLLOWER::4 Applying [231, 232]
INFO 48:56.017: State.FOLLOWER::4 Deleting entries [233:]
INFO 48:56.116: State.FOLLOWER::4 Applying [233, 234]
INFO 48:56.117: State.FOLLOWER::4 Deleting entries [235:]
INFO 48:56.216: State.FOLLOWER::4 Applying [235, 236]
INFO 48:56.316: State.FOLLOWER::4 Applying 237
INFO 48:56.416: State.FOLLOWER::4 Applying 238
INFO 48:56.516: State.FOLLOWER::4 Applying 239
INFO 48:56.517: State.FOLLOWER::4 Deleting entries [240:]
INFO 48:56.616: State.FOLLOWER::4 Applying [240, 241]
INFO 48:56.617: State.FOLLOWER::4 Deleting entries [242:]
INFO 48:56.776: State.CANDIDATE::5 <- State.FOLLOWER::4
INFO 48:56.777: State.LEADER::5 <- State.CANDIDATE::5
INFO 48:56.778: State.LEADER::5 Sending 0004.AppendEntries[242:245]
INFO 48:56.778: State.LEADER::5 Sending 0000.AppendEntries[242:245]
INFO 48:56.778: State.LEADER::5 Sending 0001.AppendEntries[242:245]
INFO 48:56.778: State.LEADER::5 Sending 0002.AppendEntries[242:245]
INFO 48:56.779: State.LEADER::5 Committing entry 241
INFO 48:56.779: State.LEADER::5 Applying [242, 243]
INFO 48:56.780: State.LEADER::5 Committing entry 243
INFO 48:56.780: State.LEADER::5 Applying 244
INFO 48:56.878: State.LEADER::5 Sending 0004.AppendEntries[245:246]
INFO 48:56.878: State.LEADER::5 Sending 0000.AppendEntries[245:246]
INFO 48:56.878: State.LEADER::5 Sending 0001.AppendEntries[245:246]
INFO 48:56.878: State.LEADER::5 Sending 0002.AppendEntries[245:246]
INFO 48:56.879: State.LEADER::5 Sending 0004.AppendEntries[245:247]
INFO 48:56.879: State.LEADER::5 Sending 0000.AppendEntries[245:247]
INFO 48:56.879: State.LEADER::5 Sending 0001.AppendEntries[245:247]
INFO 48:56.879: State.LEADER::5 Sending 0002.AppendEntries[245:247]
INFO 48:56.880: State.LEADER::5 Committing entry 244
INFO 48:56.880: State.LEADER::5 Applying 245
INFO 48:56.880: State.LEADER::5 Committing entry 245
INFO 48:56.880: State.LEADER::5 Applying 246
INFO 48:56.978: State.LEADER::5 Sending 0004.AppendEntries[247:248]
INFO 48:56.979: State.LEADER::5 Sending 0000.AppendEntries[247:248]
INFO 48:56.979: State.LEADER::5 Sending 0001.AppendEntries[247:248]
INFO 48:56.979: State.LEADER::5 Sending 0002.AppendEntries[247:248]
INFO 48:56.979: State.LEADER::5 Sending 0004.AppendEntries[247:249]
INFO 48:56.979: State.LEADER::5 Sending 0000.AppendEntries[247:249]
INFO 48:56.979: State.LEADER::5 Sending 0001.AppendEntries[247:249]
INFO 48:56.979: State.LEADER::5 Sending 0002.AppendEntries[247:249]
INFO 48:56.980: State.LEADER::5 Committing entry 246
INFO 48:56.980: State.LEADER::5 Applying 247
INFO 48:56.980: State.LEADER::5 Committing entry 247
INFO 48:56.981: State.LEADER::5 Applying 248
INFO 48:57.078: State.LEADER::5 Sending 0004.AppendEntries[249:250]
INFO 48:57.078: State.LEADER::5 Sending 0000.AppendEntries[249:250]
INFO 48:57.078: State.LEADER::5 Sending 0001.AppendEntries[248:250]
INFO 48:57.079: State.LEADER::5 Sending 0002.AppendEntries[249:250]
INFO 48:57.079: State.LEADER::5 Sending 0004.AppendEntries[249:251]
INFO 48:57.079: State.LEADER::5 Sending 0000.AppendEntries[249:251]
INFO 48:57.079: State.LEADER::5 Sending 0001.AppendEntries[248:251]
INFO 48:57.079: State.LEADER::5 Sending 0002.AppendEntries[249:251]
INFO 48:57.079: State.LEADER::5 Decremeting 0001.next_idx 247
INFO 48:57.079: State.LEADER::5 Sending 0001.AppendEntries[247:251]
INFO 48:57.080: State.LEADER::5 Committing entry 248
INFO 48:57.080: State.LEADER::5 Applying 249
INFO 48:57.080: State.LEADER::5 Committing entry 249
INFO 48:57.080: State.LEADER::5 Applying 250
INFO 48:57.178: State.LEADER::5 Sending 0004.AppendEntries[251:252]
INFO 48:57.178: State.LEADER::5 Sending 0000.AppendEntries[251:252]
INFO 48:57.178: State.LEADER::5 Sending 0001.AppendEntries[251:252]
INFO 48:57.178: State.LEADER::5 Sending 0002.AppendEntries[251:252]
INFO 48:57.179: State.LEADER::5 Sending 0004.AppendEntries[251:253]
INFO 48:57.179: State.LEADER::5 Sending 0000.AppendEntries[251:253]
INFO 48:57.179: State.LEADER::5 Sending 0001.AppendEntries[251:253]
INFO 48:57.179: State.LEADER::5 Sending 0002.AppendEntries[251:253]
INFO 48:57.180: State.LEADER::5 Committing entry 250
INFO 48:57.180: State.LEADER::5 Applying 251
INFO 48:57.180: State.LEADER::5 Committing entry 251
INFO 48:57.180: State.LEADER::5 Applying 252
INFO 48:57.279: State.LEADER::5 Sending 0004.AppendEntries[253:254]
INFO 48:57.279: State.LEADER::5 Sending 0000.AppendEntries[253:254]
INFO 48:57.279: State.LEADER::5 Sending 0001.AppendEntries[253:254]
INFO 48:57.279: State.LEADER::5 Sending 0002.AppendEntries[253:254]
INFO 48:57.279: State.LEADER::5 Sending 0004.AppendEntries[253:255]
INFO 48:57.279: State.LEADER::5 Sending 0000.AppendEntries[253:255]
INFO 48:57.279: State.LEADER::5 Sending 0001.AppendEntries[253:255]
INFO 48:57.280: State.LEADER::5 Sending 0002.AppendEntries[253:255]
INFO 48:57.280: State.LEADER::5 Committing entry 252
INFO 48:57.280: State.LEADER::5 Applying 253
INFO 48:57.280: State.LEADER::5 Committing entry 253
INFO 48:57.281: State.LEADER::5 Applying 254
INFO 48:57.378: State.LEADER::5 Sending 0004.AppendEntries[255:256]
INFO 48:57.378: State.LEADER::5 Sending 0000.AppendEntries[255:256]
INFO 48:57.378: State.LEADER::5 Sending 0001.AppendEntries[255:256]
INFO 48:57.379: State.LEADER::5 Sending 0002.AppendEntries[255:256]
INFO 48:57.379: State.LEADER::5 Committing entry 254
INFO 48:57.379: State.LEADER::5 Applying 255
INFO 48:57.478: State.LEADER::5 Sending 0004.AppendEntries[256:257]
INFO 48:57.478: State.LEADER::5 Sending 0000.AppendEntries[256:257]
INFO 48:57.478: State.LEADER::5 Sending 0001.AppendEntries[256:257]
INFO 48:57.478: State.LEADER::5 Sending 0002.AppendEntries[256:257]
INFO 48:57.479: State.LEADER::5 Sending 0004.AppendEntries[256:258]
INFO 48:57.479: State.LEADER::5 Sending 0000.AppendEntries[256:258]
INFO 48:57.479: State.LEADER::5 Sending 0001.AppendEntries[256:258]
INFO 48:57.479: State.LEADER::5 Sending 0002.AppendEntries[256:258]
INFO 48:57.479: State.LEADER::5 Committing entry 255
INFO 48:57.480: State.LEADER::5 Applying 256
INFO 48:57.480: State.LEADER::5 Committing entry 256
INFO 48:57.480: State.LEADER::5 Applying 257
INFO 48:57.578: State.LEADER::5 Sending 0004.AppendEntries[258:259]
INFO 48:57.578: State.LEADER::5 Sending 0000.AppendEntries[258:259]
INFO 48:57.578: State.LEADER::5 Sending 0001.AppendEntries[258:259]
INFO 48:57.578: State.LEADER::5 Sending 0002.AppendEntries[258:259]
INFO 48:57.579: State.LEADER::5 Sending 0004.AppendEntries[258:260]
INFO 48:57.579: State.LEADER::5 Sending 0000.AppendEntries[258:260]
INFO 48:57.579: State.LEADER::5 Sending 0001.AppendEntries[258:260]
INFO 48:57.579: State.LEADER::5 Sending 0002.AppendEntries[258:260]
INFO 48:57.579: State.LEADER::5 Committing entry 257
INFO 48:57.580: State.LEADER::5 Applying 258
INFO 48:57.580: State.LEADER::5 Committing entry 258
INFO 48:57.580: State.LEADER::5 Applying 259
INFO 48:57.678: State.LEADER::5 Sending 0004.AppendEntries[260:261]
INFO 48:57.678: State.LEADER::5 Sending 0000.AppendEntries[260:261]
INFO 48:57.678: State.LEADER::5 Sending 0001.AppendEntries[259:261]
INFO 48:57.678: State.LEADER::5 Sending 0002.AppendEntries[260:261]
INFO 48:57.679: State.LEADER::5 Sending 0004.AppendEntries[260:262]
INFO 48:57.679: State.LEADER::5 Sending 0000.AppendEntries[260:262]
INFO 48:57.679: State.LEADER::5 Sending 0001.AppendEntries[259:262]
INFO 48:57.679: State.LEADER::5 Sending 0002.AppendEntries[260:262]
INFO 48:57.679: State.LEADER::5 Committing entry 259
INFO 48:57.680: State.LEADER::5 Applying 260
INFO 48:57.680: State.LEADER::5 Committing entry 260
INFO 48:57.680: State.LEADER::5 Applying 261
INFO 48:57.778: State.LEADER::5 Sending 0004.AppendEntries[262:263]
INFO 48:57.778: State.LEADER::5 Sending 0000.AppendEntries[262:263]
INFO 48:57.778: State.LEADER::5 Sending 0001.AppendEntries[262:263]
INFO 48:57.778: State.LEADER::5 Sending 0002.AppendEntries[262:263]
INFO 48:57.779: State.LEADER::5 Committing entry 261
INFO 48:57.779: State.LEADER::5 Applying 262
INFO 48:57.878: State.LEADER::5 Sending 0004.AppendEntries[263:264]
INFO 48:57.878: State.LEADER::5 Sending 0000.AppendEntries[262:264]
INFO 48:57.878: State.LEADER::5 Sending 0001.AppendEntries[263:264]
INFO 48:57.878: State.LEADER::5 Sending 0002.AppendEntries[263:264]
INFO 48:57.879: State.LEADER::5 Sending 0004.AppendEntries[263:265]
INFO 48:57.879: State.LEADER::5 Sending 0000.AppendEntries[262:265]
INFO 48:57.879: State.LEADER::5 Sending 0001.AppendEntries[263:265]
INFO 48:57.879: State.LEADER::5 Sending 0002.AppendEntries[263:265]
INFO 48:57.879: State.LEADER::5 Decremeting 0000.next_idx 261
INFO 48:57.879: State.LEADER::5 Sending 0000.AppendEntries[261:265]
INFO 48:57.880: State.LEADER::5 Committing entry 262
INFO 48:57.880: State.LEADER::5 Applying 263
INFO 48:57.880: State.LEADER::5 Committing entry 263
INFO 48:57.880: State.LEADER::5 Applying 264
INFO 48:57.978: State.LEADER::5 Sending 0004.AppendEntries[264:266]
INFO 48:57.978: State.LEADER::5 Sending 0000.AppendEntries[265:266]
INFO 48:57.978: State.LEADER::5 Sending 0001.AppendEntries[264:266]
INFO 48:57.979: State.LEADER::5 Sending 0002.AppendEntries[265:266]
INFO 48:57.979: State.LEADER::5 Sending 0004.AppendEntries[264:267]
INFO 48:57.979: State.LEADER::5 Sending 0000.AppendEntries[265:267]
INFO 48:57.979: State.LEADER::5 Sending 0001.AppendEntries[264:267]
INFO 48:57.979: State.LEADER::5 Sending 0002.AppendEntries[265:267]
INFO 48:57.980: State.LEADER::5 Committing entry 264
INFO 48:57.980: State.LEADER::5 Applying 265
INFO 48:57.980: State.LEADER::5 Committing entry 265
INFO 48:57.980: State.LEADER::5 Applying 266
INFO 48:58.078: State.LEADER::5 Sending 0004.AppendEntries[267:268]
INFO 48:58.078: State.LEADER::5 Sending 0000.AppendEntries[267:268]
INFO 48:58.079: State.LEADER::5 Sending 0001.AppendEntries[267:268]
INFO 48:58.079: State.LEADER::5 Sending 0002.AppendEntries[267:268]
INFO 48:58.079: State.LEADER::5 Committing entry 266
INFO 48:58.079: State.LEADER::5 Applying 267
INFO 48:58.178: State.LEADER::5 Sending 0004.AppendEntries[268:269]
INFO 48:58.178: State.LEADER::5 Sending 0000.AppendEntries[268:269]
INFO 48:58.178: State.LEADER::5 Sending 0001.AppendEntries[268:269]
INFO 48:58.178: State.LEADER::5 Sending 0002.AppendEntries[268:269]
INFO 48:58.179: State.LEADER::5 Sending 0004.AppendEntries[268:270]
INFO 48:58.179: State.LEADER::5 Sending 0000.AppendEntries[268:270]
INFO 48:58.179: State.LEADER::5 Sending 0001.AppendEntries[268:270]
INFO 48:58.179: State.LEADER::5 Sending 0002.AppendEntries[268:270]
INFO 48:58.180: State.LEADER::5 Committing entry 267
INFO 48:58.180: State.LEADER::5 Applying 268
INFO 48:58.180: State.LEADER::5 Committing entry 268
INFO 48:58.180: State.LEADER::5 Applying 269
INFO 48:58.278: State.LEADER::5 Sending 0004.AppendEntries[270:271]
INFO 48:58.278: State.LEADER::5 Sending 0000.AppendEntries[270:271]
INFO 48:58.278: State.LEADER::5 Sending 0001.AppendEntries[270:271]
INFO 48:58.278: State.LEADER::5 Sending 0002.AppendEntries[270:271]
INFO 48:58.279: State.LEADER::5 Sending 0004.AppendEntries[270:272]
INFO 48:58.279: State.LEADER::5 Sending 0000.AppendEntries[270:272]
INFO 48:58.279: State.LEADER::5 Sending 0001.AppendEntries[270:272]
INFO 48:58.279: State.LEADER::5 Sending 0002.AppendEntries[270:272]
INFO 48:58.280: State.LEADER::5 Committing entry 269
INFO 48:58.280: State.LEADER::5 Applying 270
INFO 48:58.280: State.LEADER::5 Committing entry 270
INFO 48:58.280: State.LEADER::5 Applying 271
INFO 48:58.378: State.LEADER::5 Sending 0004.AppendEntries[272:273]
INFO 48:58.378: State.LEADER::5 Sending 0000.AppendEntries[272:273]
INFO 48:58.378: State.LEADER::5 Sending 0001.AppendEntries[272:273]
INFO 48:58.378: State.LEADER::5 Sending 0002.AppendEntries[272:273]
INFO 48:58.379: State.LEADER::5 Committing entry 271
INFO 48:58.379: State.LEADER::5 Applying 272
INFO 48:58.478: State.LEADER::5 Sending 0004.AppendEntries[273:274]
INFO 48:58.478: State.LEADER::5 Sending 0000.AppendEntries[273:274]
INFO 48:58.478: State.LEADER::5 Sending 0001.AppendEntries[273:274]
INFO 48:58.478: State.LEADER::5 Sending 0002.AppendEntries[273:274]
INFO 48:58.479: State.LEADER::5 Sending 0004.AppendEntries[273:275]
INFO 48:58.479: State.LEADER::5 Sending 0000.AppendEntries[273:275]
INFO 48:58.479: State.LEADER::5 Sending 0001.AppendEntries[273:275]
INFO 48:58.479: State.LEADER::5 Sending 0002.AppendEntries[273:275]
INFO 48:58.479: State.LEADER::5 Committing entry 272
INFO 48:58.480: State.LEADER::5 Applying 273
INFO 48:58.480: State.LEADER::5 Committing entry 273
INFO 48:58.480: State.LEADER::5 Applying 274
INFO 48:58.578: State.LEADER::5 Sending 0004.AppendEntries[275:276]
INFO 48:58.578: State.LEADER::5 Sending 0000.AppendEntries[275:276]
INFO 48:58.579: State.LEADER::5 Sending 0001.AppendEntries[275:276]
INFO 48:58.579: State.LEADER::5 Sending 0002.AppendEntries[275:276]
INFO 48:58.580: State.LEADER::5 Committing entry 274
INFO 48:58.580: State.LEADER::5 Applying 275
INFO 48:58.678: State.LEADER::5 Sending 0004.AppendEntries[276:277]
INFO 48:58.678: State.LEADER::5 Sending 0000.AppendEntries[276:277]
INFO 48:58.678: State.LEADER::5 Sending 0001.AppendEntries[276:277]
INFO 48:58.679: State.LEADER::5 Sending 0002.AppendEntries[276:277]
INFO 48:58.679: State.LEADER::5 Committing entry 275
INFO 48:58.679: State.LEADER::5 Applying 276
INFO 48:58.778: State.LEADER::5 Sending 0004.AppendEntries[277:278]
INFO 48:58.778: State.LEADER::5 Sending 0000.AppendEntries[277:278]
INFO 48:58.778: State.LEADER::5 Sending 0001.AppendEntries[277:278]
INFO 48:58.779: State.LEADER::5 Sending 0002.AppendEntries[277:278]
INFO 48:58.779: State.LEADER::5 Sending 0004.AppendEntries[277:279]
INFO 48:58.779: State.LEADER::5 Sending 0000.AppendEntries[277:279]
INFO 48:58.779: State.LEADER::5 Sending 0001.AppendEntries[277:279]
INFO 48:58.779: State.LEADER::5 Sending 0002.AppendEntries[277:279]
INFO 48:58.780: State.LEADER::5 Committing entry 276
INFO 48:58.780: State.LEADER::5 Applying 277
INFO 48:58.780: State.LEADER::5 Committing entry 277
INFO 48:58.780: State.LEADER::5 Applying 278
INFO 48:58.978: State.LEADER::5 Sending 0004.AppendEntries[279:280]
INFO 48:58.978: State.LEADER::5 Sending 0000.AppendEntries[279:280]
INFO 48:58.978: State.LEADER::5 Sending 0001.AppendEntries[279:280]
INFO 48:58.979: State.LEADER::5 Sending 0002.AppendEntries[279:280]
INFO 48:58.979: State.LEADER::5 Sending 0004.AppendEntries[279:281]
INFO 48:58.979: State.LEADER::5 Sending 0000.AppendEntries[279:281]
INFO 48:58.979: State.LEADER::5 Sending 0001.AppendEntries[279:281]
INFO 48:58.979: State.LEADER::5 Sending 0002.AppendEntries[279:281]
INFO 48:58.980: State.LEADER::5 Committing entry 278
INFO 48:58.980: State.LEADER::5 Applying 279
INFO 48:58.980: State.LEADER::5 Committing entry 279
INFO 48:58.980: State.LEADER::5 Applying 280
INFO 48:59.078: State.LEADER::5 Sending 0004.AppendEntries[281:282]
INFO 48:59.078: State.LEADER::5 Sending 0000.AppendEntries[281:282]
INFO 48:59.079: State.LEADER::5 Sending 0001.AppendEntries[281:282]
INFO 48:59.079: State.LEADER::5 Sending 0002.AppendEntries[281:282]
INFO 48:59.079: State.LEADER::5 Committing entry 280
INFO 48:59.079: State.LEADER::5 Applying 281
INFO 48:59.178: State.LEADER::5 Sending 0004.AppendEntries[281:283]
INFO 48:59.178: State.LEADER::5 Sending 0000.AppendEntries[281:283]
INFO 48:59.178: State.LEADER::5 Sending 0001.AppendEntries[282:283]
INFO 48:59.179: State.LEADER::5 Sending 0002.AppendEntries[282:283]
INFO 48:59.179: State.LEADER::5 Sending 0004.AppendEntries[281:284]
INFO 48:59.179: State.LEADER::5 Sending 0000.AppendEntries[281:284]
INFO 48:59.179: State.LEADER::5 Sending 0001.AppendEntries[282:284]
INFO 48:59.179: State.LEADER::5 Sending 0002.AppendEntries[282:284]
INFO 48:59.179: State.LEADER::5 Decremeting 0004.next_idx 280
INFO 48:59.179: State.LEADER::5 Sending 0004.AppendEntries[280:284]
INFO 48:59.180: State.LEADER::5 Decremeting 0000.next_idx 280
INFO 48:59.180: State.LEADER::5 Sending 0000.AppendEntries[280:284]
INFO 48:59.180: State.LEADER::5 Committing entry 281
INFO 48:59.180: State.LEADER::5 Applying 282
INFO 48:59.181: State.LEADER::5 Committing entry 282
INFO 48:59.181: State.LEADER::5 Applying 283
INFO 48:59.278: State.LEADER::5 Sending 0004.AppendEntries[284:285]
INFO 48:59.278: State.LEADER::5 Sending 0000.AppendEntries[284:285]
INFO 48:59.278: State.LEADER::5 Sending 0001.AppendEntries[283:285]
INFO 48:59.279: State.LEADER::5 Sending 0002.AppendEntries[284:285]
INFO 48:59.279: State.LEADER::5 Sending 0004.AppendEntries[284:286]
INFO 48:59.279: State.LEADER::5 Sending 0000.AppendEntries[284:286]
INFO 48:59.279: State.LEADER::5 Sending 0001.AppendEntries[283:286]
INFO 48:59.279: State.LEADER::5 Sending 0002.AppendEntries[284:286]
INFO 48:59.280: State.LEADER::5 Decremeting 0001.next_idx 282
INFO 48:59.280: State.LEADER::5 Sending 0001.AppendEntries[282:286]
INFO 48:59.280: State.LEADER::5 Committing entry 283
INFO 48:59.280: State.LEADER::5 Applying 284
INFO 48:59.280: State.LEADER::5 Committing entry 284
INFO 48:59.281: State.LEADER::5 Applying 285
INFO 48:59.378: State.LEADER::5 Sending 0004.AppendEntries[286:287]
INFO 48:59.378: State.LEADER::5 Sending 0000.AppendEntries[286:287]
INFO 48:59.378: State.LEADER::5 Sending 0001.AppendEntries[286:287]
INFO 48:59.378: State.LEADER::5 Sending 0002.AppendEntries[286:287]
INFO 48:59.379: State.LEADER::5 Sending 0004.AppendEntries[286:288]
INFO 48:59.379: State.LEADER::5 Sending 0000.AppendEntries[286:288]
INFO 48:59.379: State.LEADER::5 Sending 0001.AppendEntries[286:288]
INFO 48:59.379: State.LEADER::5 Sending 0002.AppendEntries[286:288]
INFO 48:59.379: State.LEADER::5 Committing entry 285
INFO 48:59.380: State.LEADER::5 Applying 286
INFO 48:59.380: State.LEADER::5 Committing entry 286
INFO 48:59.380: State.LEADER::5 Applying 287
INFO 48:59.478: State.LEADER::5 Sending 0004.AppendEntries[288:289]
INFO 48:59.478: State.LEADER::5 Sending 0000.AppendEntries[287:289]
INFO 48:59.479: State.LEADER::5 Sending 0001.AppendEntries[288:289]
INFO 48:59.479: State.LEADER::5 Sending 0002.AppendEntries[288:289]
INFO 48:59.479: State.LEADER::5 Sending 0004.AppendEntries[288:290]
INFO 48:59.479: State.LEADER::5 Sending 0000.AppendEntries[287:290]
INFO 48:59.479: State.LEADER::5 Sending 0001.AppendEntries[288:290]
INFO 48:59.479: State.LEADER::5 Sending 0002.AppendEntries[288:290]
INFO 48:59.480: State.LEADER::5 Committing entry 287
INFO 48:59.480: State.LEADER::5 Applying 288
INFO 48:59.480: State.LEADER::5 Committing entry 288
INFO 48:59.480: State.LEADER::5 Applying 289
INFO 48:59.578: State.LEADER::5 Sending 0004.AppendEntries[290:291]
INFO 48:59.578: State.LEADER::5 Sending 0000.AppendEntries[289:291]
INFO 48:59.578: State.LEADER::5 Sending 0001.AppendEntries[290:291]
INFO 48:59.579: State.LEADER::5 Sending 0002.AppendEntries[290:291]
INFO 48:59.579: State.LEADER::5 Decremeting 0000.next_idx 288
INFO 48:59.579: State.LEADER::5 Sending 0000.AppendEntries[288:291]
INFO 48:59.579: State.LEADER::5 Committing entry 289
INFO 48:59.580: State.LEADER::5 Applying 290
INFO 48:59.678: State.LEADER::5 Sending 0004.AppendEntries[291:292]
INFO 48:59.678: State.LEADER::5 Sending 0000.AppendEntries[291:292]
INFO 48:59.678: State.LEADER::5 Sending 0001.AppendEntries[290:292]
INFO 48:59.679: State.LEADER::5 Sending 0002.AppendEntries[290:292]
INFO 48:59.679: State.LEADER::5 Sending 0004.AppendEntries[291:293]
INFO 48:59.679: State.LEADER::5 Sending 0000.AppendEntries[291:293]
INFO 48:59.679: State.LEADER::5 Sending 0001.AppendEntries[290:293]
INFO 48:59.679: State.LEADER::5 Sending 0002.AppendEntries[290:293]
INFO 48:59.680: State.LEADER::5 Committing entry 290
INFO 48:59.680: State.LEADER::5 Applying 291
INFO 48:59.680: State.LEADER::5 Committing entry 291
INFO 48:59.680: State.LEADER::5 Applying 292
INFO 48:59.778: State.LEADER::5 Sending 0004.AppendEntries[293:294]
INFO 48:59.778: State.LEADER::5 Sending 0000.AppendEntries[293:294]
INFO 48:59.778: State.LEADER::5 Sending 0001.AppendEntries[293:294]
INFO 48:59.779: State.LEADER::5 Sending 0002.AppendEntries[293:294]
INFO 48:59.779: State.LEADER::5 Sending 0004.AppendEntries[293:295]
INFO 48:59.779: State.LEADER::5 Sending 0000.AppendEntries[293:295]
INFO 48:59.779: State.LEADER::5 Sending 0001.AppendEntries[293:295]
INFO 48:59.779: State.LEADER::5 Sending 0002.AppendEntries[293:295]
INFO 48:59.779: State.LEADER::5 Committing entry 292
INFO 48:59.780: State.LEADER::5 Applying 293
INFO 48:59.780: State.LEADER::5 Committing entry 293
INFO 48:59.780: State.LEADER::5 Applying 294
INFO 48:59.878: State.LEADER::5 Sending 0004.AppendEntries[295:296]
INFO 48:59.878: State.LEADER::5 Sending 0000.AppendEntries[295:296]
INFO 48:59.878: State.LEADER::5 Sending 0001.AppendEntries[295:296]
INFO 48:59.879: State.LEADER::5 Sending 0002.AppendEntries[295:296]
INFO 48:59.879: State.LEADER::5 Sending 0004.AppendEntries[295:297]
INFO 48:59.879: State.LEADER::5 Sending 0000.AppendEntries[295:297]
INFO 48:59.879: State.LEADER::5 Sending 0001.AppendEntries[295:297]
INFO 48:59.879: State.LEADER::5 Sending 0002.AppendEntries[295:297]
INFO 48:59.880: State.LEADER::5 Committing entry 294
INFO 48:59.880: State.LEADER::5 Applying 295
INFO 48:59.880: State.LEADER::5 Committing entry 295
INFO 48:59.880: State.LEADER::5 Applying 296
INFO 48:59.978: State.LEADER::5 Sending 0004.AppendEntries[296:298]
INFO 48:59.978: State.LEADER::5 Sending 0000.AppendEntries[297:298]
INFO 48:59.978: State.LEADER::5 Sending 0001.AppendEntries[297:298]
INFO 48:59.978: State.LEADER::5 Sending 0002.AppendEntries[297:298]
INFO 48:59.979: State.LEADER::5 Decremeting 0004.next_idx 295
INFO 48:59.979: State.LEADER::5 Sending 0004.AppendEntries[295:298]
INFO 48:59.979: State.LEADER::5 Committing entry 296
INFO 48:59.979: State.LEADER::5 Applying 297
INFO 49:00.078: State.LEADER::5 Sending 0004.AppendEntries[298:299]
INFO 49:00.078: State.LEADER::5 Sending 0000.AppendEntries[298:299]
INFO 49:00.078: State.LEADER::5 Sending 0001.AppendEntries[298:299]
INFO 49:00.079: State.LEADER::5 Sending 0002.AppendEntries[297:299]
INFO 49:00.079: State.LEADER::5 Sending 0004.AppendEntries[298:300]
INFO 49:00.079: State.LEADER::5 Sending 0000.AppendEntries[298:300]
INFO 49:00.079: State.LEADER::5 Sending 0001.AppendEntries[298:300]
INFO 49:00.079: State.LEADER::5 Sending 0002.AppendEntries[297:300]
INFO 49:00.080: State.LEADER::5 Committing entry 297
INFO 49:00.080: State.LEADER::5 Applying 298
INFO 49:00.080: State.LEADER::5 Committing entry 298
INFO 49:00.080: State.LEADER::5 Applying 299
INFO 49:00.178: State.LEADER::5 Sending 0004.AppendEntries[300:301]
INFO 49:00.178: State.LEADER::5 Sending 0000.AppendEntries[300:301]
INFO 49:00.178: State.LEADER::5 Sending 0001.AppendEntries[300:301]
INFO 49:00.179: State.LEADER::5 Sending 0002.AppendEntries[300:301]
INFO 49:00.179: State.LEADER::5 Sending 0004.AppendEntries[300:302]
INFO 49:00.179: State.LEADER::5 Sending 0000.AppendEntries[300:302]
INFO 49:00.179: State.LEADER::5 Sending 0001.AppendEntries[300:302]
INFO 49:00.179: State.LEADER::5 Sending 0002.AppendEntries[300:302]
INFO 49:00.180: State.LEADER::5 Committing entry 299
INFO 49:00.180: State.LEADER::5 Applying 300
INFO 49:00.180: State.LEADER::5 Committing entry 300
INFO 49:00.180: State.LEADER::5 Applying 301
INFO 49:00.378: State.LEADER::5 Sending 0004.AppendEntries[302:303]
INFO 49:00.378: State.LEADER::5 Sending 0000.AppendEntries[302:303]
INFO 49:00.378: State.LEADER::5 Sending 0001.AppendEntries[302:303]
INFO 49:00.379: State.LEADER::5 Sending 0002.AppendEntries[302:303]
INFO 49:00.379: State.LEADER::5 Committing entry 301
INFO 49:00.379: State.LEADER::5 Applying 302
INFO 49:00.478: State.LEADER::5 Sending 0004.AppendEntries[303:304]
INFO 49:00.478: State.LEADER::5 Sending 0000.AppendEntries[302:304]
INFO 49:00.478: State.LEADER::5 Sending 0001.AppendEntries[303:304]
INFO 49:00.479: State.LEADER::5 Sending 0002.AppendEntries[303:304]
INFO 49:00.479: State.LEADER::5 Decremeting 0000.next_idx 301
INFO 49:00.479: State.LEADER::5 Sending 0000.AppendEntries[301:304]
INFO 49:00.479: State.LEADER::5 Committing entry 302
INFO 49:00.480: State.LEADER::5 Applying 303
INFO 49:00.578: State.LEADER::5 Sending 0004.AppendEntries[304:305]
INFO 49:00.578: State.LEADER::5 Sending 0000.AppendEntries[304:305]
INFO 49:00.578: State.LEADER::5 Sending 0001.AppendEntries[304:305]
INFO 49:00.579: State.LEADER::5 Sending 0002.AppendEntries[303:305]
INFO 49:00.579: State.LEADER::5 Sending 0004.AppendEntries[304:306]
INFO 49:00.579: State.LEADER::5 Sending 0000.AppendEntries[304:306]
INFO 49:00.579: State.LEADER::5 Sending 0001.AppendEntries[304:306]
INFO 49:00.579: State.LEADER::5 Sending 0002.AppendEntries[303:306]
INFO 49:00.580: State.LEADER::5 Committing entry 303
INFO 49:00.580: State.LEADER::5 Applying 304
INFO 49:00.580: State.LEADER::5 Committing entry 304
INFO 49:00.580: State.LEADER::5 Applying 305
INFO 49:00.678: State.LEADER::5 Sending 0004.AppendEntries[306:307]
INFO 49:00.678: State.LEADER::5 Sending 0000.AppendEntries[306:307]
INFO 49:00.678: State.LEADER::5 Sending 0001.AppendEntries[306:307]
INFO 49:00.679: State.LEADER::5 Sending 0002.AppendEntries[306:307]
INFO 49:00.679: State.LEADER::5 Sending 0004.AppendEntries[306:308]
INFO 49:00.679: State.LEADER::5 Sending 0000.AppendEntries[306:308]
INFO 49:00.679: State.LEADER::5 Sending 0001.AppendEntries[306:308]
INFO 49:00.679: State.LEADER::5 Sending 0002.AppendEntries[306:308]
INFO 49:00.680: State.LEADER::5 Committing entry 305
INFO 49:00.680: State.LEADER::5 Applying 306
INFO 49:00.680: State.LEADER::5 Committing entry 306
INFO 49:00.680: State.LEADER::5 Applying 307
INFO 49:00.778: State.LEADER::5 Sending 0004.AppendEntries[308:309]
INFO 49:00.778: State.LEADER::5 Sending 0000.AppendEntries[308:309]
INFO 49:00.778: State.LEADER::5 Sending 0001.AppendEntries[308:309]
INFO 49:00.779: State.LEADER::5 Sending 0002.AppendEntries[308:309]
INFO 49:00.779: State.LEADER::5 Committing entry 307
INFO 49:00.779: State.LEADER::5 Applying 308
INFO 49:00.878: State.LEADER::5 Sending 0004.AppendEntries[309:310]
INFO 49:00.878: State.LEADER::5 Sending 0000.AppendEntries[309:310]
INFO 49:00.879: State.LEADER::5 Sending 0001.AppendEntries[309:310]
INFO 49:00.879: State.LEADER::5 Sending 0002.AppendEntries[309:310]
INFO 49:00.879: State.LEADER::5 Committing entry 308
INFO 49:00.880: State.LEADER::5 Applying 309
INFO 49:00.978: State.LEADER::5 Sending 0004.AppendEntries[310:311]
INFO 49:00.978: State.LEADER::5 Sending 0000.AppendEntries[310:311]
INFO 49:00.979: State.LEADER::5 Sending 0001.AppendEntries[310:311]
INFO 49:00.979: State.LEADER::5 Sending 0002.AppendEntries[309:311]
INFO 49:00.979: State.LEADER::5 Committing entry 309
INFO 49:00.979: State.LEADER::5 Applying 310
INFO 49:01.078: State.LEADER::5 Sending 0004.AppendEntries[311:312]
INFO 49:01.078: State.LEADER::5 Sending 0000.AppendEntries[311:312]
INFO 49:01.079: State.LEADER::5 Sending 0001.AppendEntries[311:312]
INFO 49:01.079: State.LEADER::5 Sending 0002.AppendEntries[311:312]
INFO 49:01.079: State.LEADER::5 Sending 0004.AppendEntries[311:313]
INFO 49:01.079: State.LEADER::5 Sending 0000.AppendEntries[311:313]
INFO 49:01.079: State.LEADER::5 Sending 0001.AppendEntries[311:313]
INFO 49:01.079: State.LEADER::5 Sending 0002.AppendEntries[311:313]
INFO 49:01.080: State.LEADER::5 Committing entry 310
INFO 49:01.080: State.LEADER::5 Applying 311
INFO 49:01.080: State.LEADER::5 Committing entry 311
INFO 49:01.080: State.LEADER::5 Applying 312
INFO 49:01.178: State.LEADER::5 Sending 0004.AppendEntries[312:314]
INFO 49:01.178: State.LEADER::5 Sending 0000.AppendEntries[313:314]
INFO 49:01.178: State.LEADER::5 Sending 0001.AppendEntries[313:314]
INFO 49:01.179: State.LEADER::5 Sending 0002.AppendEntries[313:314]
INFO 49:01.179: State.LEADER::5 Decremeting 0004.next_idx 311
INFO 49:01.179: State.LEADER::5 Sending 0004.AppendEntries[311:314]
INFO 49:01.179: State.LEADER::5 Committing entry 312
INFO 49:01.179: State.LEADER::5 Applying 313
INFO 49:01.278: State.LEADER::5 Sending 0004.AppendEntries[314:315]
INFO 49:01.278: State.LEADER::5 Sending 0000.AppendEntries[314:315]
INFO 49:01.278: State.LEADER::5 Sending 0001.AppendEntries[314:315]
INFO 49:01.278: State.LEADER::5 Sending 0002.AppendEntries[314:315]
INFO 49:01.279: State.LEADER::5 Sending 0004.AppendEntries[314:316]
INFO 49:01.279: State.LEADER::5 Sending 0000.AppendEntries[314:316]
INFO 49:01.279: State.LEADER::5 Sending 0001.AppendEntries[314:316]
INFO 49:01.279: State.LEADER::5 Sending 0002.AppendEntries[314:316]
INFO 49:01.279: State.LEADER::5 Committing entry 313
INFO 49:01.280: State.LEADER::5 Applying 314
INFO 49:01.280: State.LEADER::5 Committing entry 314
INFO 49:01.280: State.LEADER::5 Applying 315
INFO 49:01.378: State.LEADER::5 Sending 0004.AppendEntries[316:317]
INFO 49:01.378: State.LEADER::5 Sending 0000.AppendEntries[316:317]
INFO 49:01.378: State.LEADER::5 Sending 0001.AppendEntries[316:317]
INFO 49:01.379: State.LEADER::5 Sending 0002.AppendEntries[316:317]
INFO 49:01.379: State.LEADER::5 Sending 0004.AppendEntries[316:318]
INFO 49:01.379: State.LEADER::5 Sending 0000.AppendEntries[316:318]
INFO 49:01.379: State.LEADER::5 Sending 0001.AppendEntries[316:318]
INFO 49:01.379: State.LEADER::5 Sending 0002.AppendEntries[316:318]
INFO 49:01.380: State.LEADER::5 Committing entry 315
INFO 49:01.380: State.LEADER::5 Applying 316
INFO 49:01.380: State.LEADER::5 Committing entry 316
INFO 49:01.380: State.LEADER::5 Applying 317
INFO 49:01.478: State.LEADER::5 Sending 0004.AppendEntries[318:319]
INFO 49:01.478: State.LEADER::5 Sending 0000.AppendEntries[317:319]
INFO 49:01.478: State.LEADER::5 Sending 0001.AppendEntries[318:319]
INFO 49:01.479: State.LEADER::5 Sending 0002.AppendEntries[318:319]
INFO 49:01.479: State.LEADER::5 Sending 0004.AppendEntries[318:320]
INFO 49:01.479: State.LEADER::5 Sending 0000.AppendEntries[317:320]
INFO 49:01.479: State.LEADER::5 Sending 0001.AppendEntries[318:320]
INFO 49:01.479: State.LEADER::5 Sending 0002.AppendEntries[318:320]
INFO 49:01.480: State.LEADER::5 Committing entry 317
INFO 49:01.480: State.LEADER::5 Applying 318
INFO 49:01.578: State.LEADER::5 Sending 0004.AppendEntries[319:321]
INFO 49:01.578: State.LEADER::5 Sending 0000.AppendEntries[318:321]
INFO 49:01.578: State.LEADER::5 Sending 0001.AppendEntries[320:321]
INFO 49:01.579: State.LEADER::5 Sending 0002.AppendEntries[319:321]
INFO 49:01.579: State.LEADER::5 Committing entry 318
INFO 49:01.579: State.LEADER::5 Applying 319
INFO 49:01.579: State.LEADER::5 Decremeting 0002.next_idx 318
INFO 49:01.579: State.LEADER::5 Sending 0002.AppendEntries[318:321]
INFO 49:01.580: State.LEADER::5 Committing entry 319
INFO 49:01.580: State.LEADER::5 Applying 320
INFO 49:01.678: State.LEADER::5 Sending 0004.AppendEntries[321:322]
INFO 49:01.678: State.LEADER::5 Sending 0000.AppendEntries[321:322]
INFO 49:01.678: State.LEADER::5 Sending 0001.AppendEntries[321:322]
INFO 49:01.679: State.LEADER::5 Sending 0002.AppendEntries[321:322]
INFO 49:01.679: State.LEADER::5 Committing entry 320
INFO 49:01.679: State.LEADER::5 Applying 321
INFO 49:01.778: State.LEADER::5 Sending 0004.AppendEntries[322:323]
INFO 49:01.778: State.LEADER::5 Sending 0000.AppendEntries[321:323]
INFO 49:01.778: State.LEADER::5 Sending 0001.AppendEntries[322:323]
INFO 49:01.779: State.LEADER::5 Sending 0002.AppendEntries[322:323]
INFO 49:01.779: State.LEADER::5 Decremeting 0000.next_idx 320
INFO 49:01.779: State.LEADER::5 Sending 0000.AppendEntries[320:323]
INFO 49:01.779: State.LEADER::5 Committing entry 321
INFO 49:01.780: State.LEADER::5 Applying 322
INFO 49:01.878: State.LEADER::5 Sending 0004.AppendEntries[323:324]
INFO 49:01.878: State.LEADER::5 Sending 0000.AppendEntries[323:324]
INFO 49:01.878: State.LEADER::5 Sending 0001.AppendEntries[323:324]
INFO 49:01.879: State.LEADER::5 Sending 0002.AppendEntries[323:324]
INFO 49:01.879: State.LEADER::5 Sending 0004.AppendEntries[323:325]
INFO 49:01.879: State.LEADER::5 Sending 0000.AppendEntries[323:325]
INFO 49:01.879: State.LEADER::5 Sending 0001.AppendEntries[323:325]
INFO 49:01.879: State.LEADER::5 Sending 0002.AppendEntries[323:325]
INFO 49:01.880: State.LEADER::5 Committing entry 322
INFO 49:01.880: State.LEADER::5 Applying 323
INFO 49:01.880: State.LEADER::5 Committing entry 323
INFO 49:01.880: State.LEADER::5 Applying 324
INFO 49:01.978: State.LEADER::5 Sending 0004.AppendEntries[325:326]
INFO 49:01.978: State.LEADER::5 Sending 0000.AppendEntries[325:326]
INFO 49:01.978: State.LEADER::5 Sending 0001.AppendEntries[325:326]
INFO 49:01.979: State.LEADER::5 Sending 0002.AppendEntries[325:326]
INFO 49:01.979: State.LEADER::5 Sending 0004.AppendEntries[325:327]
INFO 49:01.979: State.LEADER::5 Sending 0000.AppendEntries[325:327]
INFO 49:01.979: State.LEADER::5 Sending 0001.AppendEntries[325:327]
INFO 49:01.979: State.LEADER::5 Sending 0002.AppendEntries[325:327]
INFO 49:01.980: State.LEADER::5 Committing entry 324
INFO 49:01.980: State.LEADER::5 Applying 325
INFO 49:01.980: State.LEADER::5 Committing entry 325
INFO 49:01.980: State.LEADER::5 Applying 326
INFO 49:02.078: State.LEADER::5 Sending 0004.AppendEntries[327:328]
INFO 49:02.078: State.LEADER::5 Sending 0000.AppendEntries[327:328]
INFO 49:02.079: State.LEADER::5 Sending 0001.AppendEntries[327:328]
INFO 49:02.079: State.LEADER::5 Sending 0002.AppendEntries[327:328]
INFO 49:02.079: State.LEADER::5 Committing entry 326
INFO 49:02.080: State.LEADER::5 Applying 327
INFO 49:02.178: State.LEADER::5 Sending 0004.AppendEntries[328:329]
INFO 49:02.178: State.LEADER::5 Sending 0000.AppendEntries[328:329]
INFO 49:02.178: State.LEADER::5 Sending 0001.AppendEntries[327:329]
INFO 49:02.179: State.LEADER::5 Sending 0002.AppendEntries[328:329]
INFO 49:02.179: State.LEADER::5 Sending 0004.AppendEntries[328:330]
INFO 49:02.179: State.LEADER::5 Sending 0000.AppendEntries[328:330]
INFO 49:02.179: State.LEADER::5 Sending 0001.AppendEntries[327:330]
INFO 49:02.179: State.LEADER::5 Sending 0002.AppendEntries[328:330]
INFO 49:02.180: State.LEADER::5 Committing entry 327
INFO 49:02.180: State.LEADER::5 Applying 328
INFO 49:02.180: State.LEADER::5 Committing entry 328
INFO 49:02.180: State.LEADER::5 Applying 329
INFO 49:02.278: State.LEADER::5 Sending 0004.AppendEntries[330:331]
INFO 49:02.278: State.LEADER::5 Sending 0000.AppendEntries[330:331]
INFO 49:02.279: State.LEADER::5 Sending 0001.AppendEntries[330:331]
INFO 49:02.279: State.LEADER::5 Sending 0002.AppendEntries[330:331]
INFO 49:02.279: State.LEADER::5 Sending 0004.AppendEntries[330:332]
INFO 49:02.279: State.LEADER::5 Sending 0000.AppendEntries[330:332]
INFO 49:02.279: State.LEADER::5 Sending 0001.AppendEntries[330:332]
INFO 49:02.279: State.LEADER::5 Sending 0002.AppendEntries[330:332]
INFO 49:02.280: State.LEADER::5 Committing entry 329
INFO 49:02.280: State.LEADER::5 Applying 330
INFO 49:02.280: State.LEADER::5 Committing entry 330
INFO 49:02.280: State.LEADER::5 Applying 331
INFO 49:02.378: State.LEADER::5 Sending 0004.AppendEntries[332:333]
INFO 49:02.378: State.LEADER::5 Sending 0000.AppendEntries[332:333]
INFO 49:02.378: State.LEADER::5 Sending 0001.AppendEntries[332:333]
INFO 49:02.379: State.LEADER::5 Sending 0002.AppendEntries[332:333]
INFO 49:02.379: State.LEADER::5 Sending 0004.AppendEntries[332:334]
INFO 49:02.379: State.LEADER::5 Sending 0000.AppendEntries[332:334]
INFO 49:02.379: State.LEADER::5 Sending 0001.AppendEntries[332:334]
INFO 49:02.379: State.LEADER::5 Sending 0002.AppendEntries[332:334]
INFO 49:02.380: State.LEADER::5 Committing entry 331
INFO 49:02.380: State.LEADER::5 Applying 332
INFO 49:02.380: State.LEADER::5 Committing entry 332
INFO 49:02.380: State.LEADER::5 Applying 333
INFO 49:02.478: State.LEADER::5 Sending 0004.AppendEntries[333:335]
INFO 49:02.478: State.LEADER::5 Sending 0000.AppendEntries[334:335]
INFO 49:02.479: State.LEADER::5 Sending 0001.AppendEntries[334:335]
INFO 49:02.479: State.LEADER::5 Sending 0002.AppendEntries[334:335]
INFO 49:02.479: State.LEADER::5 Sending 0004.AppendEntries[333:336]
INFO 49:02.479: State.LEADER::5 Sending 0000.AppendEntries[334:336]
INFO 49:02.479: State.LEADER::5 Sending 0001.AppendEntries[334:336]
INFO 49:02.479: State.LEADER::5 Sending 0002.AppendEntries[334:336]
INFO 49:02.480: State.LEADER::5 Committing entry 333
INFO 49:02.480: State.LEADER::5 Applying 334
INFO 49:02.480: State.LEADER::5 Committing entry 334
INFO 49:02.480: State.LEADER::5 Applying 335
INFO 49:02.578: State.LEADER::5 Sending 0004.AppendEntries[336:337]
INFO 49:02.579: State.LEADER::5 Sending 0000.AppendEntries[336:337]
INFO 49:02.579: State.LEADER::5 Sending 0001.AppendEntries[336:337]
INFO 49:02.579: State.LEADER::5 Sending 0002.AppendEntries[336:337]
INFO 49:02.579: State.LEADER::5 Sending 0004.AppendEntries[336:338]
INFO 49:02.579: State.LEADER::5 Sending 0000.AppendEntries[336:338]
INFO 49:02.579: State.LEADER::5 Sending 0001.AppendEntries[336:338]
INFO 49:02.579: State.LEADER::5 Sending 0002.AppendEntries[336:338]
INFO 49:02.580: State.LEADER::5 Committing entry 335
INFO 49:02.580: State.LEADER::5 Applying 336
INFO 49:02.581: State.LEADER::5 Committing entry 336
INFO 49:02.581: State.LEADER::5 Applying 337
INFO 49:02.678: State.LEADER::5 Sending 0004.AppendEntries[338:339]
INFO 49:02.678: State.LEADER::5 Sending 0000.AppendEntries[338:339]
INFO 49:02.678: State.LEADER::5 Sending 0001.AppendEntries[338:339]
INFO 49:02.679: State.LEADER::5 Sending 0002.AppendEntries[338:339]
INFO 49:02.679: State.LEADER::5 Sending 0004.AppendEntries[338:340]
INFO 49:02.679: State.LEADER::5 Sending 0000.AppendEntries[338:340]
INFO 49:02.679: State.LEADER::5 Sending 0001.AppendEntries[338:340]
INFO 49:02.679: State.LEADER::5 Sending 0002.AppendEntries[338:340]
INFO 49:02.680: State.LEADER::5 Committing entry 337
INFO 49:02.680: State.LEADER::5 Applying 338
INFO 49:02.680: State.LEADER::5 Committing entry 338
INFO 49:02.680: State.LEADER::5 Applying 339
INFO 49:02.778: State.LEADER::5 Sending 0004.AppendEntries[340:341]
INFO 49:02.778: State.LEADER::5 Sending 0000.AppendEntries[340:341]
INFO 49:02.779: State.LEADER::5 Sending 0001.AppendEntries[340:341]
INFO 49:02.779: State.LEADER::5 Sending 0002.AppendEntries[340:341]
INFO 49:02.779: State.LEADER::5 Sending 0004.AppendEntries[340:342]
INFO 49:02.779: State.LEADER::5 Sending 0000.AppendEntries[340:342]
INFO 49:02.779: State.LEADER::5 Sending 0001.AppendEntries[340:342]
INFO 49:02.779: State.LEADER::5 Sending 0002.AppendEntries[340:342]
INFO 49:02.780: State.LEADER::5 Committing entry 339
INFO 49:02.780: State.LEADER::5 Applying 340
INFO 49:02.780: State.LEADER::5 Committing entry 340
INFO 49:02.780: State.LEADER::5 Applying 341
INFO 49:02.878: State.LEADER::5 Sending 0004.AppendEntries[342:343]
INFO 49:02.878: State.LEADER::5 Sending 0000.AppendEntries[342:343]
INFO 49:02.878: State.LEADER::5 Sending 0001.AppendEntries[342:343]
INFO 49:02.879: State.LEADER::5 Sending 0002.AppendEntries[341:343]
INFO 49:02.879: State.LEADER::5 Sending 0004.AppendEntries[342:344]
INFO 49:02.879: State.LEADER::5 Sending 0000.AppendEntries[342:344]
INFO 49:02.879: State.LEADER::5 Sending 0001.AppendEntries[342:344]
INFO 49:02.879: State.LEADER::5 Sending 0002.AppendEntries[341:344]
INFO 49:02.880: State.LEADER::5 Committing entry 341
INFO 49:02.880: State.LEADER::5 Applying 342
INFO 49:02.880: State.LEADER::5 Committing entry 342
INFO 49:02.880: State.LEADER::5 Applying 343
INFO 49:03.078: State.LEADER::5 Sending 0004.AppendEntries[344:345]
INFO 49:03.078: State.LEADER::5 Sending 0000.AppendEntries[344:345]
INFO 49:03.078: State.LEADER::5 Sending 0001.AppendEntries[344:345]
INFO 49:03.079: State.LEADER::5 Sending 0002.AppendEntries[344:345]
INFO 49:03.079: State.LEADER::5 Sending 0004.AppendEntries[344:346]
INFO 49:03.079: State.LEADER::5 Sending 0000.AppendEntries[344:346]
INFO 49:03.079: State.LEADER::5 Sending 0001.AppendEntries[344:346]
INFO 49:03.079: State.LEADER::5 Sending 0002.AppendEntries[344:346]
INFO 49:03.080: State.LEADER::5 Committing entry 343
INFO 49:03.080: State.LEADER::5 Applying 344
INFO 49:03.080: State.LEADER::5 Committing entry 344
INFO 49:03.080: State.LEADER::5 Applying 345
INFO 49:03.178: State.LEADER::5 Sending 0004.AppendEntries[344:347]
INFO 49:03.178: State.LEADER::5 Sending 0000.AppendEntries[346:347]
INFO 49:03.179: State.LEADER::5 Sending 0001.AppendEntries[346:347]
INFO 49:03.179: State.LEADER::5 Sending 0002.AppendEntries[346:347]
INFO 49:03.179: State.LEADER::5 Decremeting 0004.next_idx 343
INFO 49:03.179: State.LEADER::5 Sending 0004.AppendEntries[343:347]
INFO 49:03.179: State.LEADER::5 Committing entry 345
INFO 49:03.180: State.LEADER::5 Applying 346
INFO 49:03.278: State.LEADER::5 Sending 0004.AppendEntries[347:348]
INFO 49:03.278: State.LEADER::5 Sending 0000.AppendEntries[347:348]
INFO 49:03.279: State.LEADER::5 Sending 0001.AppendEntries[347:348]
INFO 49:03.279: State.LEADER::5 Sending 0002.AppendEntries[346:348]
INFO 49:03.279: State.LEADER::5 Sending 0004.AppendEntries[347:349]
INFO 49:03.279: State.LEADER::5 Sending 0000.AppendEntries[347:349]
INFO 49:03.279: State.LEADER::5 Sending 0001.AppendEntries[347:349]
INFO 49:03.279: State.LEADER::5 Sending 0002.AppendEntries[346:349]
INFO 49:03.280: State.LEADER::5 Decremeting 0002.next_idx 345
INFO 49:03.280: State.LEADER::5 Sending 0002.AppendEntries[345:349]
INFO 49:03.280: State.LEADER::5 Committing entry 346
INFO 49:03.280: State.LEADER::5 Applying 347
INFO 49:03.281: State.LEADER::5 Committing entry 347
INFO 49:03.281: State.LEADER::5 Applying 348
INFO 49:03.379: State.LEADER::5 Decremeting 0001.next_idx 347
INFO 49:03.379: State.LEADER::5 Sending 0001.AppendEntries[347:349]
INFO 49:03.478: State.LEADER::5 Sending 0004.AppendEntries[349:350]
INFO 49:03.478: State.LEADER::5 Sending 0000.AppendEntries[349:350]
INFO 49:03.479: State.LEADER::5 Sending 0001.AppendEntries[349:350]
INFO 49:03.479: State.LEADER::5 Sending 0002.AppendEntries[349:350]
INFO 49:03.479: State.LEADER::5 Sending 0004.AppendEntries[349:351]
INFO 49:03.479: State.LEADER::5 Sending 0000.AppendEntries[349:351]
INFO 49:03.479: State.LEADER::5 Sending 0001.AppendEntries[349:351]
INFO 49:03.479: State.LEADER::5 Sending 0002.AppendEntries[349:351]
INFO 49:03.480: State.LEADER::5 Committing entry 348
INFO 49:03.480: State.LEADER::5 Applying 349
INFO 49:03.480: State.LEADER::5 Committing entry 349
INFO 49:03.480: State.LEADER::5 Applying 350
INFO 49:03.578: State.LEADER::5 Sending 0004.AppendEntries[350:352]
INFO 49:03.578: State.LEADER::5 Sending 0000.AppendEntries[351:352]
INFO 49:03.578: State.LEADER::5 Sending 0001.AppendEntries[351:352]
INFO 49:03.579: State.LEADER::5 Sending 0002.AppendEntries[351:352]
INFO 49:03.579: State.LEADER::5 Sending 0004.AppendEntries[350:353]
INFO 49:03.579: State.LEADER::5 Sending 0000.AppendEntries[351:353]
INFO 49:03.579: State.LEADER::5 Sending 0001.AppendEntries[351:353]
INFO 49:03.579: State.LEADER::5 Sending 0002.AppendEntries[351:353]
INFO 49:03.579: State.LEADER::5 Decremeting 0004.next_idx 349
INFO 49:03.579: State.LEADER::5 Sending 0004.AppendEntries[349:353]
INFO 49:03.580: State.LEADER::5 Committing entry 350
INFO 49:03.580: State.LEADER::5 Applying 351
INFO 49:03.580: State.LEADER::5 Committing entry 351
INFO 49:03.581: State.LEADER::5 Applying 352
INFO 49:03.678: State.LEADER::5 Sending 0004.AppendEntries[353:354]
INFO 49:03.678: State.LEADER::5 Sending 0000.AppendEntries[353:354]
INFO 49:03.678: State.LEADER::5 Sending 0001.AppendEntries[353:354]
INFO 49:03.679: State.LEADER::5 Sending 0002.AppendEntries[352:354]
INFO 49:03.679: State.LEADER::5 Sending 0004.AppendEntries[353:355]
INFO 49:03.679: State.LEADER::5 Sending 0000.AppendEntries[353:355]
INFO 49:03.679: State.LEADER::5 Sending 0001.AppendEntries[353:355]
INFO 49:03.679: State.LEADER::5 Sending 0002.AppendEntries[352:355]
INFO 49:03.680: State.LEADER::5 Decremeting 0002.next_idx 351
INFO 49:03.680: State.LEADER::5 Sending 0002.AppendEntries[351:355]
INFO 49:03.680: State.LEADER::5 Committing entry 352
INFO 49:03.680: State.LEADER::5 Applying 353
INFO 49:03.681: State.LEADER::5 Committing entry 353
INFO 49:03.681: State.LEADER::5 Applying 354
INFO 49:03.778: State.LEADER::5 Sending 0004.AppendEntries[355:356]
INFO 49:03.778: State.LEADER::5 Sending 0000.AppendEntries[355:356]
INFO 49:03.779: State.LEADER::5 Sending 0001.AppendEntries[355:356]
INFO 49:03.779: State.LEADER::5 Sending 0002.AppendEntries[355:356]
INFO 49:03.779: State.LEADER::5 Committing entry 354
INFO 49:03.779: State.LEADER::5 Applying 355
INFO 49:03.878: State.LEADER::5 Sending 0004.AppendEntries[356:357]
INFO 49:03.878: State.LEADER::5 Sending 0000.AppendEntries[356:357]
INFO 49:03.878: State.LEADER::5 Sending 0001.AppendEntries[356:357]
INFO 49:03.879: State.LEADER::5 Sending 0002.AppendEntries[356:357]
INFO 49:03.879: State.LEADER::5 Sending 0004.AppendEntries[356:358]
INFO 49:03.879: State.LEADER::5 Sending 0000.AppendEntries[356:358]
INFO 49:03.879: State.LEADER::5 Sending 0001.AppendEntries[356:358]
INFO 49:03.879: State.LEADER::5 Sending 0002.AppendEntries[356:358]
INFO 49:03.880: State.LEADER::5 Committing entry 355
INFO 49:03.880: State.LEADER::5 Applying 356
INFO 49:03.880: State.LEADER::5 Committing entry 356
INFO 49:03.880: State.LEADER::5 Applying 357
INFO 49:03.978: State.LEADER::5 Sending 0004.AppendEntries[358:359]
INFO 49:03.978: State.LEADER::5 Sending 0000.AppendEntries[358:359]
INFO 49:03.979: State.LEADER::5 Sending 0001.AppendEntries[358:359]
INFO 49:03.979: State.LEADER::5 Sending 0002.AppendEntries[357:359]
INFO 49:03.979: State.LEADER::5 Sending 0004.AppendEntries[358:360]
INFO 49:03.979: State.LEADER::5 Sending 0000.AppendEntries[358:360]
INFO 49:03.979: State.LEADER::5 Sending 0001.AppendEntries[358:360]
INFO 49:03.979: State.LEADER::5 Sending 0002.AppendEntries[357:360]
INFO 49:03.980: State.LEADER::5 Committing entry 357
INFO 49:03.980: State.LEADER::5 Applying 358
INFO 49:03.980: State.LEADER::5 Committing entry 358
INFO 49:03.980: State.LEADER::5 Applying 359
INFO 49:04.078: State.LEADER::5 Sending 0004.AppendEntries[360:361]
INFO 49:04.078: State.LEADER::5 Sending 0000.AppendEntries[360:361]
INFO 49:04.079: State.LEADER::5 Sending 0001.AppendEntries[360:361]
INFO 49:04.079: State.LEADER::5 Sending 0002.AppendEntries[360:361]
INFO 49:04.079: State.LEADER::5 Committing entry 359
INFO 49:04.080: State.LEADER::5 Applying 360
INFO 49:04.178: State.LEADER::5 Sending 0004.AppendEntries[360:362]
INFO 49:04.178: State.LEADER::5 Sending 0000.AppendEntries[361:362]
INFO 49:04.179: State.LEADER::5 Sending 0001.AppendEntries[361:362]
INFO 49:04.179: State.LEADER::5 Sending 0002.AppendEntries[361:362]
INFO 49:04.179: State.LEADER::5 Sending 0004.AppendEntries[360:363]
INFO 49:04.179: State.LEADER::5 Sending 0000.AppendEntries[361:363]
INFO 49:04.179: State.LEADER::5 Sending 0001.AppendEntries[361:363]
INFO 49:04.179: State.LEADER::5 Sending 0002.AppendEntries[361:363]
INFO 49:04.180: State.LEADER::5 Committing entry 360
INFO 49:04.180: State.LEADER::5 Applying 361
INFO 49:04.180: State.LEADER::5 Committing entry 361
INFO 49:04.180: State.LEADER::5 Applying 362
INFO 49:04.378: State.LEADER::5 Sending 0004.AppendEntries[363:364]
INFO 49:04.378: State.LEADER::5 Sending 0000.AppendEntries[363:364]
INFO 49:04.379: State.LEADER::5 Sending 0001.AppendEntries[363:364]
INFO 49:04.379: State.LEADER::5 Sending 0002.AppendEntries[363:364]
INFO 49:04.379: State.LEADER::5 Sending 0004.AppendEntries[363:365]
INFO 49:04.379: State.LEADER::5 Sending 0000.AppendEntries[363:365]
INFO 49:04.379: State.LEADER::5 Sending 0001.AppendEntries[363:365]
INFO 49:04.379: State.LEADER::5 Sending 0002.AppendEntries[363:365]
INFO 49:04.380: State.LEADER::5 Committing entry 362
INFO 49:04.380: State.LEADER::5 Applying 363
INFO 49:04.380: State.LEADER::5 Committing entry 363
INFO 49:04.380: State.LEADER::5 Applying 364
INFO 49:04.478: State.LEADER::5 Sending 0004.AppendEntries[365:366]
INFO 49:04.478: State.LEADER::5 Sending 0000.AppendEntries[365:366]
INFO 49:04.479: State.LEADER::5 Sending 0001.AppendEntries[365:366]
INFO 49:04.479: State.LEADER::5 Sending 0002.AppendEntries[365:366]
INFO 49:04.479: State.LEADER::5 Committing entry 364
INFO 49:04.479: State.LEADER::5 Applying 365
INFO 49:04.578: State.LEADER::5 Sending 0004.AppendEntries[366:367]
INFO 49:04.579: State.LEADER::5 Sending 0000.AppendEntries[365:367]
INFO 49:04.579: State.LEADER::5 Sending 0001.AppendEntries[366:367]
INFO 49:04.579: State.LEADER::5 Sending 0002.AppendEntries[366:367]
INFO 49:04.579: State.LEADER::5 Sending 0004.AppendEntries[366:368]
INFO 49:04.579: State.LEADER::5 Sending 0000.AppendEntries[365:368]
INFO 49:04.579: State.LEADER::5 Sending 0001.AppendEntries[366:368]
INFO 49:04.579: State.LEADER::5 Sending 0002.AppendEntries[366:368]
INFO 49:04.580: State.LEADER::5 Committing entry 365
INFO 49:04.580: State.LEADER::5 Applying 366
INFO 49:04.580: State.LEADER::5 Committing entry 366
INFO 49:04.580: State.LEADER::5 Applying 367
INFO 49:04.678: State.LEADER::5 Sending 0004.AppendEntries[368:369]
INFO 49:04.679: State.LEADER::5 Sending 0000.AppendEntries[367:369]
INFO 49:04.679: State.LEADER::5 Sending 0001.AppendEntries[368:369]
INFO 49:04.679: State.LEADER::5 Sending 0002.AppendEntries[368:369]
INFO 49:04.680: State.LEADER::5 Committing entry 367
INFO 49:04.680: State.LEADER::5 Applying 368
INFO 49:04.778: State.LEADER::5 Sending 0004.AppendEntries[369:370]
INFO 49:04.779: State.LEADER::5 Sending 0000.AppendEntries[369:370]
INFO 49:04.779: State.LEADER::5 Sending 0001.AppendEntries[369:370]
INFO 49:04.779: State.LEADER::5 Sending 0002.AppendEntries[369:370]
INFO 49:04.779: State.LEADER::5 Sending 0004.AppendEntries[369:371]
INFO 49:04.780: State.LEADER::5 Sending 0000.AppendEntries[369:371]
INFO 49:04.780: State.LEADER::5 Sending 0001.AppendEntries[369:371]
INFO 49:04.780: State.LEADER::5 Sending 0002.AppendEntries[369:371]
INFO 49:04.780: State.LEADER::5 Committing entry 368
INFO 49:04.780: State.LEADER::5 Applying 369
INFO 49:04.781: State.LEADER::5 Committing entry 369
INFO 49:04.781: State.LEADER::5 Applying 370
INFO 49:04.878: State.LEADER::5 Sending 0004.AppendEntries[371:372]
INFO 49:04.878: State.LEADER::5 Sending 0000.AppendEntries[371:372]
INFO 49:04.879: State.LEADER::5 Sending 0001.AppendEntries[371:372]
INFO 49:04.879: State.LEADER::5 Sending 0002.AppendEntries[371:372]
INFO 49:04.879: State.LEADER::5 Sending 0004.AppendEntries[371:373]
INFO 49:04.879: State.LEADER::5 Sending 0000.AppendEntries[371:373]
INFO 49:04.879: State.LEADER::5 Sending 0001.AppendEntries[371:373]
INFO 49:04.879: State.LEADER::5 Sending 0002.AppendEntries[371:373]
INFO 49:04.880: State.LEADER::5 Committing entry 370
INFO 49:04.880: State.LEADER::5 Applying 371
INFO 49:04.880: State.LEADER::5 Committing entry 371
INFO 49:04.880: State.LEADER::5 Applying 372
INFO 49:04.978: State.LEADER::5 Sending 0004.AppendEntries[373:374]
INFO 49:04.978: State.LEADER::5 Sending 0000.AppendEntries[373:374]
INFO 49:04.979: State.LEADER::5 Sending 0001.AppendEntries[373:374]
INFO 49:04.979: State.LEADER::5 Sending 0002.AppendEntries[373:374]
INFO 49:04.979: State.LEADER::5 Sending 0004.AppendEntries[373:375]
INFO 49:04.979: State.LEADER::5 Sending 0000.AppendEntries[373:375]
INFO 49:04.979: State.LEADER::5 Sending 0001.AppendEntries[373:375]
INFO 49:04.979: State.LEADER::5 Sending 0002.AppendEntries[373:375]
INFO 49:04.980: State.LEADER::5 Committing entry 372
INFO 49:04.980: State.LEADER::5 Applying 373
INFO 49:04.980: State.LEADER::5 Committing entry 373
INFO 49:04.980: State.LEADER::5 Applying 374
INFO 49:05.078: State.LEADER::5 Sending 0004.AppendEntries[375:376]
INFO 49:05.079: State.LEADER::5 Sending 0000.AppendEntries[375:376]
INFO 49:05.079: State.LEADER::5 Sending 0001.AppendEntries[375:376]
INFO 49:05.079: State.LEADER::5 Sending 0002.AppendEntries[375:376]
INFO 49:05.079: State.LEADER::5 Committing entry 374
INFO 49:05.080: State.LEADER::5 Applying 375
INFO 49:05.178: State.LEADER::5 Sending 0004.AppendEntries[376:377]
INFO 49:05.178: State.LEADER::5 Sending 0000.AppendEntries[376:377]
INFO 49:05.179: State.LEADER::5 Sending 0001.AppendEntries[376:377]
INFO 49:05.179: State.LEADER::5 Sending 0002.AppendEntries[376:377]
INFO 49:05.179: State.LEADER::5 Sending 0004.AppendEntries[376:378]
INFO 49:05.179: State.LEADER::5 Sending 0000.AppendEntries[376:378]
INFO 49:05.179: State.LEADER::5 Sending 0001.AppendEntries[376:378]
INFO 49:05.179: State.LEADER::5 Sending 0002.AppendEntries[376:378]
INFO 49:05.180: State.LEADER::5 Committing entry 375
INFO 49:05.180: State.LEADER::5 Applying 376
INFO 49:05.180: State.LEADER::5 Committing entry 376
INFO 49:05.180: State.LEADER::5 Applying 377
INFO 49:05.278: State.LEADER::5 Sending 0004.AppendEntries[378:379]
INFO 49:05.278: State.LEADER::5 Sending 0000.AppendEntries[378:379]
INFO 49:05.279: State.LEADER::5 Sending 0001.AppendEntries[378:379]
INFO 49:05.279: State.LEADER::5 Sending 0002.AppendEntries[378:379]
INFO 49:05.279: State.LEADER::5 Sending 0004.AppendEntries[378:380]
INFO 49:05.279: State.LEADER::5 Sending 0000.AppendEntries[378:380]
INFO 49:05.279: State.LEADER::5 Sending 0001.AppendEntries[378:380]
INFO 49:05.279: State.LEADER::5 Sending 0002.AppendEntries[378:380]
INFO 49:05.280: State.LEADER::5 Committing entry 377
INFO 49:05.280: State.LEADER::5 Applying 378
INFO 49:05.280: State.LEADER::5 Committing entry 378
INFO 49:05.280: State.LEADER::5 Applying 379
INFO 49:05.378: State.LEADER::5 Sending 0004.AppendEntries[380:381]
INFO 49:05.378: State.LEADER::5 Sending 0000.AppendEntries[380:381]
INFO 49:05.379: State.LEADER::5 Sending 0001.AppendEntries[380:381]
INFO 49:05.379: State.LEADER::5 Sending 0002.AppendEntries[380:381]
INFO 49:05.379: State.LEADER::5 Sending 0004.AppendEntries[380:382]
INFO 49:05.379: State.LEADER::5 Sending 0000.AppendEntries[380:382]
INFO 49:05.379: State.LEADER::5 Sending 0001.AppendEntries[380:382]
INFO 49:05.379: State.LEADER::5 Sending 0002.AppendEntries[380:382]
INFO 49:05.380: State.LEADER::5 Committing entry 379
INFO 49:05.380: State.LEADER::5 Applying 380
INFO 49:05.380: State.LEADER::5 Committing entry 380
INFO 49:05.380: State.LEADER::5 Applying 381
INFO 49:05.478: State.LEADER::5 Sending 0004.AppendEntries[382:383]
INFO 49:05.478: State.LEADER::5 Sending 0000.AppendEntries[382:383]
INFO 49:05.479: State.LEADER::5 Sending 0001.AppendEntries[382:383]
INFO 49:05.479: State.LEADER::5 Sending 0002.AppendEntries[382:383]
INFO 49:05.479: State.LEADER::5 Committing entry 381
INFO 49:05.479: State.LEADER::5 Applying 382
INFO 49:05.578: State.LEADER::5 Sending 0004.AppendEntries[383:384]
INFO 49:05.578: State.LEADER::5 Sending 0000.AppendEntries[383:384]
INFO 49:05.579: State.LEADER::5 Sending 0001.AppendEntries[383:384]
INFO 49:05.579: State.LEADER::5 Sending 0002.AppendEntries[383:384]
INFO 49:05.579: State.LEADER::5 Committing entry 382
INFO 49:05.579: State.LEADER::5 Applying 383
INFO 49:05.778: State.LEADER::5 Sending 0004.AppendEntries[384:385]
INFO 49:05.779: State.LEADER::5 Sending 0000.AppendEntries[384:385]
INFO 49:05.779: State.LEADER::5 Sending 0001.AppendEntries[384:385]
INFO 49:05.779: State.LEADER::5 Sending 0002.AppendEntries[384:385]
INFO 49:05.779: State.LEADER::5 Sending 0004.AppendEntries[384:386]
INFO 49:05.779: State.LEADER::5 Sending 0000.AppendEntries[384:386]
INFO 49:05.779: State.LEADER::5 Sending 0001.AppendEntries[384:386]
INFO 49:05.779: State.LEADER::5 Sending 0002.AppendEntries[384:386]
INFO 49:05.780: State.LEADER::5 Committing entry 383
INFO 49:05.780: State.LEADER::5 Applying 384
INFO 49:05.780: State.LEADER::5 Committing entry 384
INFO 49:05.780: State.LEADER::5 Applying 385
INFO 49:05.878: State.LEADER::5 Sending 0004.AppendEntries[385:387]
INFO 49:05.878: State.LEADER::5 Sending 0000.AppendEntries[386:387]
INFO 49:05.879: State.LEADER::5 Sending 0001.AppendEntries[386:387]
INFO 49:05.879: State.LEADER::5 Sending 0002.AppendEntries[386:387]
INFO 49:05.879: State.LEADER::5 Decremeting 0004.next_idx 384
INFO 49:05.879: State.LEADER::5 Sending 0004.AppendEntries[384:387]
INFO 49:05.880: State.LEADER::5 Committing entry 385
INFO 49:05.880: State.LEADER::5 Applying 386
INFO 49:05.978: State.LEADER::5 Sending 0004.AppendEntries[387:388]
INFO 49:05.978: State.LEADER::5 Sending 0000.AppendEntries[387:388]
INFO 49:05.979: State.LEADER::5 Sending 0001.AppendEntries[387:388]
INFO 49:05.979: State.LEADER::5 Sending 0002.AppendEntries[386:388]
INFO 49:05.979: State.LEADER::5 Sending 0004.AppendEntries[387:389]
INFO 49:05.979: State.LEADER::5 Sending 0000.AppendEntries[387:389]
INFO 49:05.979: State.LEADER::5 Sending 0001.AppendEntries[387:389]
INFO 49:05.979: State.LEADER::5 Sending 0002.AppendEntries[386:389]
INFO 49:05.980: State.LEADER::5 Committing entry 386
INFO 49:05.980: State.LEADER::5 Applying 387
INFO 49:05.980: State.LEADER::5 Committing entry 387
INFO 49:05.980: State.LEADER::5 Applying 388
INFO 49:06.078: State.LEADER::5 Sending 0004.AppendEntries[389:390]
INFO 49:06.079: State.LEADER::5 Sending 0000.AppendEntries[389:390]
INFO 49:06.079: State.LEADER::5 Sending 0001.AppendEntries[389:390]
INFO 49:06.079: State.LEADER::5 Sending 0002.AppendEntries[389:390]
INFO 49:06.079: State.LEADER::5 Sending 0004.AppendEntries[389:391]
INFO 49:06.079: State.LEADER::5 Sending 0000.AppendEntries[389:391]
INFO 49:06.079: State.LEADER::5 Sending 0001.AppendEntries[389:391]
INFO 49:06.079: State.LEADER::5 Sending 0002.AppendEntries[389:391]
INFO 49:06.080: State.LEADER::5 Committing entry 388
INFO 49:06.080: State.LEADER::5 Applying 389
INFO 49:06.080: State.LEADER::5 Committing entry 389
INFO 49:06.080: State.LEADER::5 Applying 390
INFO 49:06.178: State.LEADER::5 Sending 0004.AppendEntries[391:392]
INFO 49:06.178: State.LEADER::5 Sending 0000.AppendEntries[391:392]
INFO 49:06.179: State.LEADER::5 Sending 0001.AppendEntries[391:392]
INFO 49:06.179: State.LEADER::5 Sending 0002.AppendEntries[391:392]
INFO 49:06.179: State.LEADER::5 Sending 0004.AppendEntries[391:393]
INFO 49:06.179: State.LEADER::5 Sending 0000.AppendEntries[391:393]
INFO 49:06.179: State.LEADER::5 Sending 0001.AppendEntries[391:393]
INFO 49:06.179: State.LEADER::5 Sending 0002.AppendEntries[391:393]
INFO 49:06.180: State.LEADER::5 Committing entry 390
INFO 49:06.180: State.LEADER::5 Applying 391
INFO 49:06.180: State.LEADER::5 Committing entry 391
INFO 49:06.180: State.LEADER::5 Applying 392
INFO 49:06.278: State.LEADER::5 Sending 0004.AppendEntries[393:394]
INFO 49:06.278: State.LEADER::5 Sending 0000.AppendEntries[393:394]
INFO 49:06.279: State.LEADER::5 Sending 0001.AppendEntries[393:394]
INFO 49:06.279: State.LEADER::5 Sending 0002.AppendEntries[391:394]
INFO 49:06.279: State.LEADER::5 Sending 0004.AppendEntries[393:395]
INFO 49:06.279: State.LEADER::5 Sending 0000.AppendEntries[393:395]
INFO 49:06.279: State.LEADER::5 Sending 0001.AppendEntries[393:395]
INFO 49:06.279: State.LEADER::5 Sending 0002.AppendEntries[391:395]
INFO 49:06.280: State.LEADER::5 Committing entry 392
INFO 49:06.280: State.LEADER::5 Applying 393
INFO 49:06.280: State.LEADER::5 Committing entry 393
INFO 49:06.280: State.LEADER::5 Applying 394
INFO 49:06.378: State.LEADER::5 Sending 0004.AppendEntries[395:396]
INFO 49:06.378: State.LEADER::5 Sending 0000.AppendEntries[395:396]
INFO 49:06.379: State.LEADER::5 Sending 0001.AppendEntries[395:396]
INFO 49:06.379: State.LEADER::5 Sending 0002.AppendEntries[395:396]
INFO 49:06.379: State.LEADER::5 Sending 0004.AppendEntries[395:397]
INFO 49:06.379: State.LEADER::5 Sending 0000.AppendEntries[395:397]
INFO 49:06.379: State.LEADER::5 Sending 0001.AppendEntries[395:397]
INFO 49:06.379: State.LEADER::5 Sending 0002.AppendEntries[395:397]
INFO 49:06.380: State.LEADER::5 Committing entry 394
INFO 49:06.380: State.LEADER::5 Applying 395
INFO 49:06.380: State.LEADER::5 Committing entry 395
INFO 49:06.380: State.LEADER::5 Applying 396
INFO 49:06.478: State.LEADER::5 Sending 0004.AppendEntries[397:398]
INFO 49:06.479: State.LEADER::5 Sending 0000.AppendEntries[397:398]
INFO 49:06.479: State.LEADER::5 Sending 0001.AppendEntries[397:398]
INFO 49:06.479: State.LEADER::5 Sending 0002.AppendEntries[397:398]
INFO 49:06.479: State.LEADER::5 Committing entry 396
INFO 49:06.480: State.LEADER::5 Applying 397
INFO 49:06.578: State.LEADER::5 Sending 0004.AppendEntries[398:399]
INFO 49:06.579: State.LEADER::5 Sending 0000.AppendEntries[397:399]
INFO 49:06.579: State.LEADER::5 Sending 0001.AppendEntries[398:399]
INFO 49:06.579: State.LEADER::5 Sending 0002.AppendEntries[398:399]
INFO 49:06.579: State.LEADER::5 Sending 0004.AppendEntries[398:400]
INFO 49:06.580: State.LEADER::5 Sending 0000.AppendEntries[397:400]
INFO 49:06.580: State.LEADER::5 Sending 0001.AppendEntries[398:400]
INFO 49:06.580: State.LEADER::5 Sending 0002.AppendEntries[398:400]
INFO 49:06.581: State.LEADER::5 Committing entry 397
INFO 49:06.581: State.LEADER::5 Applying 398
INFO 49:06.581: State.LEADER::5 Committing entry 398
INFO 49:06.581: State.LEADER::5 Applying 399
INFO 49:08.039: State.LEADER::5 Reverting to FOLLOWER, Term 6.request_vote from 0004
INFO 49:08.039: State.FOLLOWER::6 <- State.LEADER::5
INFO 49:08.039: State.FOLLOWER::6 Term 6 Voted for 0004
